TpTrace Verbose: 0 : 7264, 1, 2024/01/18, 12:46:10.020, 507897818294, vstest.console.dll, Version: 17.8.0-release-23578-02 Current process architecture: X64
TpTrace Verbose: 0 : 7264, 1, 2024/01/18, 12:46:10.028, 507897894283, vstest.console.dll, Runtime location: C:\Program Files\dotnet\shared\Microsoft.NETCore.App\8.0.1
TpTrace Verbose: 0 : 7264, 1, 2024/01/18, 12:46:10.036, 507897970099, vstest.console.dll, ArtifactProcessingPostProcessModeProcessorExecutor.Initialize: ArtifactProcessingMode.Collect
TpTrace Verbose: 0 : 7264, 1, 2024/01/18, 12:46:10.036, 507897973368, vstest.console.dll, TestSessionCorrelationIdProcessorModeProcessorExecutor.Initialize: TestSessionCorrelationId '15916_3b5267da-3430-49c8-9883-b2f7dd6622ea'
TpTrace Information: 0 : 7264, 1, 2024/01/18, 12:46:10.050, 507898114117, vstest.console.dll, FilePatternParser: The given file C:\Users\Guarizzo\Documents\GitHub\Neo4J\BuildingNeo4jApplicationsWith.NET\Neoflix.Challenges\bin\Debug\net6.0\fine-code-coverage\build-output\Neoflix.Challenges.dll is a full path.
TpTrace Verbose: 0 : 7264, 1, 2024/01/18, 12:46:10.065, 507898260421, vstest.console.dll, TestPluginCache.DiscoverTestExtensions: finding test extensions in assemblies ends with: RuntimeProvider.dll TPluginInfo: Microsoft.VisualStudio.TestPlatform.Common.ExtensionFramework.Utilities.TestRuntimePluginInformation TExtension: Microsoft.VisualStudio.TestPlatform.ObjectModel.Host.ITestRuntimeProvider
TpTrace Verbose: 0 : 7264, 1, 2024/01/18, 12:46:10.066, 507898272393, vstest.console.dll, TestPluginCache.GetExtensionPaths: Filtered extension paths: 
TpTrace Verbose: 0 : 7264, 1, 2024/01/18, 12:46:10.066, 507898274318, vstest.console.dll, TestPluginCache.GetExtensionPaths: Added default extension paths: C:\Program Files\dotnet\sdk\8.0.101\Extensions\Microsoft.Diagnostics.NETCore.Client.dll
C:\Program Files\dotnet\sdk\8.0.101\Extensions\Microsoft.TestPlatform.Extensions.BlameDataCollector.dll
C:\Program Files\dotnet\sdk\8.0.101\Extensions\Microsoft.TestPlatform.Extensions.EventLogCollector.dll
C:\Program Files\dotnet\sdk\8.0.101\Extensions\Microsoft.TestPlatform.TestHostRuntimeProvider.dll
C:\Program Files\dotnet\sdk\8.0.101\Extensions\Microsoft.VisualStudio.TestPlatform.Extensions.Html.TestLogger.dll
C:\Program Files\dotnet\sdk\8.0.101\Extensions\Microsoft.VisualStudio.TestPlatform.Extensions.Trx.TestLogger.dll
TpTrace Verbose: 0 : 7264, 1, 2024/01/18, 12:46:10.066, 507898275271, vstest.console.dll, TestPluginCache.GetExtensionPaths: Added unfilterableExtensionPaths: 
TpTrace Information: 0 : 7264, 1, 2024/01/18, 12:46:10.067, 507898287471, vstest.console.dll, AssemblyResolver.ctor: Creating AssemblyResolver with searchDirectories C:\Program Files\dotnet\sdk\8.0.101\Extensions,C:\Program Files\dotnet\sdk\8.0.101
TpTrace Verbose: 0 : 7264, 1, 2024/01/18, 12:46:10.069, 507898301280, vstest.console.dll, TestPluginCache.DiscoverTestExtensions: Discovering the extensions using extension path.
TpTrace Verbose: 0 : 7264, 1, 2024/01/18, 12:46:10.069, 507898303918, vstest.console.dll, TestPluginCache.GetExtensionPaths: Filtered extension paths: 
TpTrace Verbose: 0 : 7264, 1, 2024/01/18, 12:46:10.069, 507898305166, vstest.console.dll, TestPluginCache.GetExtensionPaths: Added default extension paths: C:\Program Files\dotnet\sdk\8.0.101\Extensions\Microsoft.Diagnostics.NETCore.Client.dll
C:\Program Files\dotnet\sdk\8.0.101\Extensions\Microsoft.TestPlatform.Extensions.BlameDataCollector.dll
C:\Program Files\dotnet\sdk\8.0.101\Extensions\Microsoft.TestPlatform.Extensions.EventLogCollector.dll
C:\Program Files\dotnet\sdk\8.0.101\Extensions\Microsoft.TestPlatform.TestHostRuntimeProvider.dll
C:\Program Files\dotnet\sdk\8.0.101\Extensions\Microsoft.VisualStudio.TestPlatform.Extensions.Html.TestLogger.dll
C:\Program Files\dotnet\sdk\8.0.101\Extensions\Microsoft.VisualStudio.TestPlatform.Extensions.Trx.TestLogger.dll
TpTrace Verbose: 0 : 7264, 1, 2024/01/18, 12:46:10.069, 507898306338, vstest.console.dll, TestPluginCache.GetExtensionPaths: Added unfilterableExtensionPaths: 
TpTrace Verbose: 0 : 7264, 1, 2024/01/18, 12:46:10.069, 507898307957, vstest.console.dll, TestPluginCache.DiscoverTestExtensions: Discovering the extensions using allExtensionPaths: C:\Program Files\dotnet\sdk\8.0.101\Extensions\Microsoft.Diagnostics.NETCore.Client.dll
C:\Program Files\dotnet\sdk\8.0.101\Extensions\Microsoft.TestPlatform.Extensions.BlameDataCollector.dll
C:\Program Files\dotnet\sdk\8.0.101\Extensions\Microsoft.TestPlatform.Extensions.EventLogCollector.dll
C:\Program Files\dotnet\sdk\8.0.101\Extensions\Microsoft.TestPlatform.TestHostRuntimeProvider.dll
C:\Program Files\dotnet\sdk\8.0.101\Extensions\Microsoft.VisualStudio.TestPlatform.Extensions.Html.TestLogger.dll
C:\Program Files\dotnet\sdk\8.0.101\Extensions\Microsoft.VisualStudio.TestPlatform.Extensions.Trx.TestLogger.dll
TpTrace Information: 0 : 7264, 1, 2024/01/18, 12:46:10.070, 507898310630, vstest.console.dll, AssemblyResolver.AddSearchDirectories: Adding more searchDirectories C:\Program Files\dotnet\sdk\8.0.101\Extensions,C:\Program Files\dotnet\sdk\8.0.101
TpTrace Information: 0 : 7264, 1, 2024/01/18, 12:46:10.070, 507898312100, vstest.console.dll, AssemblyResolver.AddSearchDirectories: Adding more searchDirectories C:\Program Files\dotnet\sdk\8.0.101\Extensions,C:\Program Files\dotnet\sdk\8.0.101
TpTrace Information: 0 : 7264, 1, 2024/01/18, 12:46:10.070, 507898313216, vstest.console.dll, AssemblyResolver.AddSearchDirectories: Adding more searchDirectories C:\Program Files\dotnet\sdk\8.0.101\Extensions,C:\Program Files\dotnet\sdk\8.0.101
TpTrace Information: 0 : 7264, 1, 2024/01/18, 12:46:10.070, 507898314559, vstest.console.dll, AssemblyResolver.AddSearchDirectories: Adding more searchDirectories C:\Program Files\dotnet\sdk\8.0.101\Extensions,C:\Program Files\dotnet\sdk\8.0.101
TpTrace Information: 0 : 7264, 1, 2024/01/18, 12:46:10.070, 507898315621, vstest.console.dll, AssemblyResolver.AddSearchDirectories: Adding more searchDirectories C:\Program Files\dotnet\sdk\8.0.101\Extensions,C:\Program Files\dotnet\sdk\8.0.101
TpTrace Information: 0 : 7264, 1, 2024/01/18, 12:46:10.070, 507898316656, vstest.console.dll, AssemblyResolver.AddSearchDirectories: Adding more searchDirectories C:\Program Files\dotnet\sdk\8.0.101\Extensions,C:\Program Files\dotnet\sdk\8.0.101
TpTrace Information: 0 : 7264, 1, 2024/01/18, 12:46:10.071, 507898322047, vstest.console.dll, AssemblyResolver.OnResolve: Microsoft.Diagnostics.NETCore.Client: Resolving assembly.
TpTrace Information: 0 : 7264, 1, 2024/01/18, 12:46:10.071, 507898323609, vstest.console.dll, AssemblyResolver.OnResolve: Microsoft.Diagnostics.NETCore.Client: Searching in: 'C:\Program Files\dotnet\sdk\8.0.101\Extensions'.
TpTrace Information: 0 : 7264, 1, 2024/01/18, 12:46:10.094, 507898557501, vstest.console.dll, AssemblyResolver.OnResolve: Microsoft.Diagnostics.NETCore.Client: Loading assembly 'C:\Program Files\dotnet\sdk\8.0.101\Extensions\Microsoft.Diagnostics.NETCore.Client.dll'.
TpTrace Information: 0 : 7264, 1, 2024/01/18, 12:46:10.098, 507898589866, vstest.console.dll, AssemblyResolver.OnResolve: Resolved assembly: Microsoft.Diagnostics.NETCore.Client, from path: C:\Program Files\dotnet\sdk\8.0.101\Extensions\Microsoft.Diagnostics.NETCore.Client.dll
TpTrace Verbose: 0 : 7264, 1, 2024/01/18, 12:46:10.104, 507898653700, vstest.console.dll, MetadataReaderExtensionsHelper: Discovering extensions inside assembly 'Microsoft.Diagnostics.NETCore.Client, Version=0.2.8.21101, Culture=neutral, PublicKeyToken=31bf3856ad364e35' file path 'C:\Program Files\dotnet\sdk\8.0.101\Extensions\Microsoft.Diagnostics.NETCore.Client.dll'
TpTrace Information: 0 : 7264, 1, 2024/01/18, 12:46:10.114, 507898758123, vstest.console.dll, AssemblyResolver.OnResolve: Microsoft.Bcl.AsyncInterfaces: Resolving assembly.
TpTrace Information: 0 : 7264, 1, 2024/01/18, 12:46:10.115, 507898760088, vstest.console.dll, AssemblyResolver.OnResolve: Microsoft.Bcl.AsyncInterfaces: Searching in: 'C:\Program Files\dotnet\sdk\8.0.101\Extensions'.
TpTrace Information: 0 : 7264, 1, 2024/01/18, 12:46:10.115, 507898762259, vstest.console.dll, AssemblyResolver.OnResolve: Microsoft.Bcl.AsyncInterfaces: Assembly path does not exist: 'C:\Program Files\dotnet\sdk\8.0.101\Extensions\Microsoft.Bcl.AsyncInterfaces.dll', returning.
TpTrace Information: 0 : 7264, 1, 2024/01/18, 12:46:10.115, 507898764758, vstest.console.dll, AssemblyResolver.OnResolve: Microsoft.Bcl.AsyncInterfaces: Assembly path does not exist: 'C:\Program Files\dotnet\sdk\8.0.101\Extensions\Microsoft.Bcl.AsyncInterfaces.exe', returning.
TpTrace Information: 0 : 7264, 1, 2024/01/18, 12:46:10.115, 507898765989, vstest.console.dll, AssemblyResolver.OnResolve: Microsoft.Bcl.AsyncInterfaces: Searching in: 'C:\Program Files\dotnet\sdk\8.0.101'.
TpTrace Information: 0 : 7264, 1, 2024/01/18, 12:46:10.115, 507898767965, vstest.console.dll, AssemblyResolver.OnResolve: Microsoft.Bcl.AsyncInterfaces: Assembly path does not exist: 'C:\Program Files\dotnet\sdk\8.0.101\Microsoft.Bcl.AsyncInterfaces.dll', returning.
TpTrace Information: 0 : 7264, 1, 2024/01/18, 12:46:10.116, 507898769852, vstest.console.dll, AssemblyResolver.OnResolve: Microsoft.Bcl.AsyncInterfaces: Assembly path does not exist: 'C:\Program Files\dotnet\sdk\8.0.101\Microsoft.Bcl.AsyncInterfaces.exe', returning.
TpTrace Information: 0 : 7264, 1, 2024/01/18, 12:46:10.116, 507898771008, vstest.console.dll, AssemblyResolver.OnResolve: Microsoft.Bcl.AsyncInterfaces: Failed to load assembly.
TpTrace Verbose: 0 : 7264, 1, 2024/01/18, 12:46:10.116, 507898772186, vstest.console.dll, CurrentDomainAssemblyResolve: Resolving assembly 'Microsoft.Bcl.AsyncInterfaces'.
TpTrace Information: 0 : 7264, 1, 2024/01/18, 12:46:10.116, 507898773651, vstest.console.dll, AssemblyResolver.OnResolve: Microsoft.Bcl.AsyncInterfaces: Resolving assembly.
TpTrace Information: 0 : 7264, 1, 2024/01/18, 12:46:10.116, 507898774746, vstest.console.dll, AssemblyResolver.OnResolve: Microsoft.Bcl.AsyncInterfaces: Resolved from cache.
TpTrace Verbose: 0 : 7264, 1, 2024/01/18, 12:46:10.116, 507898775701, vstest.console.dll, CurrentDomainAssemblyResolve: Resolving assembly 'Microsoft.Bcl.AsyncInterfaces'.
TpTrace Verbose: 0 : 7264, 1, 2024/01/18, 12:46:10.116, 507898777326, vstest.console.dll, CurrentDomainAssemblyResolve: Failed to resolve assembly 'Microsoft.Bcl.AsyncInterfaces'.
TpTrace Verbose: 0 : 7264, 1, 2024/01/18, 12:46:10.124, 507898851889, vstest.console.dll, CurrentDomainAssemblyResolve: Failed to resolve assembly 'Microsoft.Bcl.AsyncInterfaces'.
TpTrace Warning: 0 : 7264, 1, 2024/01/18, 12:46:10.154, 507899158269, vstest.console.dll, TestPluginDiscoverer: Failed to get types from assembly 'Microsoft.Diagnostics.NETCore.Client, Version=0.2.8.21101, Culture=neutral, PublicKeyToken=31bf3856ad364e35'. Error: System.Reflection.ReflectionTypeLoadException: Unable to load one or more of the requested types.
Could not load file or assembly 'Microsoft.Bcl.AsyncInterfaces, Version=1.0.0.0, Culture=neutral, PublicKeyToken=cc7b13ffcd2ddd51'. O sistema não pode encontrar o arquivo especificado.
   at System.Reflection.RuntimeModule.GetTypes(RuntimeModule module)
   at System.Reflection.RuntimeModule.GetTypes()
   at Microsoft.VisualStudio.TestPlatform.Common.ExtensionFramework.TestPluginDiscoverer.GetTestExtensionsFromAssembly[TPluginInfo,TExtension](Assembly assembly, Dictionary`2 pluginInfos, String filePath) in /_/src/Microsoft.TestPlatform.Common/ExtensionFramework/TestPluginDiscoverer.cs:line 158
System.IO.FileNotFoundException: Could not load file or assembly 'Microsoft.Bcl.AsyncInterfaces, Version=1.0.0.0, Culture=neutral, PublicKeyToken=cc7b13ffcd2ddd51'. O sistema não pode encontrar o arquivo especificado.
File name: 'Microsoft.Bcl.AsyncInterfaces, Version=1.0.0.0, Culture=neutral, PublicKeyToken=cc7b13ffcd2ddd51'
 ---> System.IO.FileNotFoundException: Could not load file or assembly 'Microsoft.Bcl.AsyncInterfaces, Culture=neutral, PublicKeyToken=null'. O sistema não pode encontrar o arquivo especificado.
File name: 'Microsoft.Bcl.AsyncInterfaces, Culture=neutral, PublicKeyToken=null'
   at System.Reflection.RuntimeAssembly.InternalLoad(AssemblyName assemblyName, StackCrawlMark& stackMark, AssemblyLoadContext assemblyLoadContext, RuntimeAssembly requestingAssembly, Boolean throwOnFileNotFound)
   at System.Reflection.Assembly.Load(AssemblyName assemblyRef)
   at Microsoft.VisualStudio.TestPlatform.Common.ExtensionFramework.TestPluginCache.CurrentDomainAssemblyResolve(Object sender, AssemblyResolveEventArgs args) in /_/src/Microsoft.TestPlatform.Common/ExtensionFramework/TestPluginCache.cs:line 513
   at System.Runtime.Loader.AssemblyLoadContext.GetFirstResolvedAssemblyFromResolvingEvent(AssemblyName assemblyName)
   at System.Runtime.Loader.AssemblyLoadContext.ResolveUsingEvent(AssemblyName assemblyName)
   at System.Runtime.Loader.AssemblyLoadContext.ResolveUsingResolvingEvent(IntPtr gchManagedAssemblyLoadContext, AssemblyName assemblyName)
TpTrace Warning: 0 : 7264, 1, 2024/01/18, 12:46:10.155, 507899165903, vstest.console.dll, LoaderExceptions: System.IO.FileNotFoundException: Could not load file or assembly 'Microsoft.Bcl.AsyncInterfaces, Version=1.0.0.0, Culture=neutral, PublicKeyToken=cc7b13ffcd2ddd51'. O sistema não pode encontrar o arquivo especificado.
File name: 'Microsoft.Bcl.AsyncInterfaces, Version=1.0.0.0, Culture=neutral, PublicKeyToken=cc7b13ffcd2ddd51'
 ---> System.IO.FileNotFoundException: Could not load file or assembly 'Microsoft.Bcl.AsyncInterfaces, Culture=neutral, PublicKeyToken=null'. O sistema não pode encontrar o arquivo especificado.
File name: 'Microsoft.Bcl.AsyncInterfaces, Culture=neutral, PublicKeyToken=null'
   at System.Reflection.RuntimeAssembly.InternalLoad(AssemblyName assemblyName, StackCrawlMark& stackMark, AssemblyLoadContext assemblyLoadContext, RuntimeAssembly requestingAssembly, Boolean throwOnFileNotFound)
   at System.Reflection.Assembly.Load(AssemblyName assemblyRef)
   at Microsoft.VisualStudio.TestPlatform.Common.ExtensionFramework.TestPluginCache.CurrentDomainAssemblyResolve(Object sender, AssemblyResolveEventArgs args) in /_/src/Microsoft.TestPlatform.Common/ExtensionFramework/TestPluginCache.cs:line 513
   at System.Runtime.Loader.AssemblyLoadContext.GetFirstResolvedAssemblyFromResolvingEvent(AssemblyName assemblyName)
   at System.Runtime.Loader.AssemblyLoadContext.ResolveUsingEvent(AssemblyName assemblyName)
   at System.Runtime.Loader.AssemblyLoadContext.ResolveUsingResolvingEvent(IntPtr gchManagedAssemblyLoadContext, AssemblyName assemblyName)
TpTrace Information: 0 : 7264, 1, 2024/01/18, 12:46:10.156, 507899171628, vstest.console.dll, AssemblyResolver.OnResolve: Microsoft.TestPlatform.Extensions.BlameDataCollector: Resolving assembly.
TpTrace Information: 0 : 7264, 1, 2024/01/18, 12:46:10.156, 507899174325, vstest.console.dll, AssemblyResolver.OnResolve: Microsoft.TestPlatform.Extensions.BlameDataCollector: Searching in: 'C:\Program Files\dotnet\sdk\8.0.101\Extensions'.
TpTrace Information: 0 : 7264, 1, 2024/01/18, 12:46:10.158, 507899191470, vstest.console.dll, AssemblyResolver.OnResolve: Microsoft.TestPlatform.Extensions.BlameDataCollector: Loading assembly 'C:\Program Files\dotnet\sdk\8.0.101\Extensions\Microsoft.TestPlatform.Extensions.BlameDataCollector.dll'.
TpTrace Information: 0 : 7264, 1, 2024/01/18, 12:46:10.160, 507899213843, vstest.console.dll, AssemblyResolver.OnResolve: Resolved assembly: Microsoft.TestPlatform.Extensions.BlameDataCollector, from path: C:\Program Files\dotnet\sdk\8.0.101\Extensions\Microsoft.TestPlatform.Extensions.BlameDataCollector.dll
TpTrace Verbose: 0 : 7264, 1, 2024/01/18, 12:46:10.160, 507899216620, vstest.console.dll, MetadataReaderExtensionsHelper: Discovering extensions inside assembly 'Microsoft.TestPlatform.Extensions.BlameDataCollector, Version=15.0.0.0, Culture=neutral, PublicKeyToken=b03f5f7f11d50a3a' file path 'C:\Program Files\dotnet\sdk\8.0.101\Extensions\Microsoft.TestPlatform.Extensions.BlameDataCollector.dll'
TpTrace Information: 0 : 7264, 1, 2024/01/18, 12:46:10.164, 507899254891, vstest.console.dll, AssemblyResolver.OnResolve: Microsoft.TestPlatform.Extensions.EventLogCollector: Resolving assembly.
TpTrace Information: 0 : 7264, 1, 2024/01/18, 12:46:10.164, 507899257579, vstest.console.dll, AssemblyResolver.OnResolve: Microsoft.TestPlatform.Extensions.EventLogCollector: Searching in: 'C:\Program Files\dotnet\sdk\8.0.101\Extensions'.
TpTrace Information: 0 : 7264, 1, 2024/01/18, 12:46:10.166, 507899269672, vstest.console.dll, AssemblyResolver.OnResolve: Microsoft.TestPlatform.Extensions.EventLogCollector: Loading assembly 'C:\Program Files\dotnet\sdk\8.0.101\Extensions\Microsoft.TestPlatform.Extensions.EventLogCollector.dll'.
TpTrace Information: 0 : 7264, 1, 2024/01/18, 12:46:10.167, 507899284374, vstest.console.dll, AssemblyResolver.OnResolve: Resolved assembly: Microsoft.TestPlatform.Extensions.EventLogCollector, from path: C:\Program Files\dotnet\sdk\8.0.101\Extensions\Microsoft.TestPlatform.Extensions.EventLogCollector.dll
TpTrace Verbose: 0 : 7264, 1, 2024/01/18, 12:46:10.167, 507899286361, vstest.console.dll, MetadataReaderExtensionsHelper: Discovering extensions inside assembly 'Microsoft.TestPlatform.Extensions.EventLogCollector, Version=15.0.0.0, Culture=neutral, PublicKeyToken=b03f5f7f11d50a3a' file path 'C:\Program Files\dotnet\sdk\8.0.101\Extensions\Microsoft.TestPlatform.Extensions.EventLogCollector.dll'
TpTrace Information: 0 : 7264, 1, 2024/01/18, 12:46:10.173, 507899341012, vstest.console.dll, AssemblyResolver.OnResolve: Microsoft.TestPlatform.TestHostRuntimeProvider: Resolving assembly.
TpTrace Information: 0 : 7264, 1, 2024/01/18, 12:46:10.173, 507899343589, vstest.console.dll, AssemblyResolver.OnResolve: Microsoft.TestPlatform.TestHostRuntimeProvider: Searching in: 'C:\Program Files\dotnet\sdk\8.0.101\Extensions'.
TpTrace Information: 0 : 7264, 1, 2024/01/18, 12:46:10.175, 507899359488, vstest.console.dll, AssemblyResolver.OnResolve: Microsoft.TestPlatform.TestHostRuntimeProvider: Loading assembly 'C:\Program Files\dotnet\sdk\8.0.101\Extensions\Microsoft.TestPlatform.TestHostRuntimeProvider.dll'.
TpTrace Information: 0 : 7264, 1, 2024/01/18, 12:46:10.176, 507899376798, vstest.console.dll, AssemblyResolver.OnResolve: Resolved assembly: Microsoft.TestPlatform.TestHostRuntimeProvider, from path: C:\Program Files\dotnet\sdk\8.0.101\Extensions\Microsoft.TestPlatform.TestHostRuntimeProvider.dll
TpTrace Verbose: 0 : 7264, 1, 2024/01/18, 12:46:10.177, 507899379798, vstest.console.dll, MetadataReaderExtensionsHelper: Discovering extensions inside assembly 'Microsoft.TestPlatform.TestHostRuntimeProvider, Version=15.0.0.0, Culture=neutral, PublicKeyToken=b03f5f7f11d50a3a' file path 'C:\Program Files\dotnet\sdk\8.0.101\Extensions\Microsoft.TestPlatform.TestHostRuntimeProvider.dll'
TpTrace Information: 0 : 7264, 1, 2024/01/18, 12:46:10.180, 507899416833, vstest.console.dll, GetTestExtensionFromType: Register extension with identifier data 'HostProvider://DefaultTestHost' and type 'Microsoft.VisualStudio.TestPlatform.CrossPlatEngine.Hosting.DefaultTestHostManager, Microsoft.TestPlatform.TestHostRuntimeProvider, Version=15.0.0.0, Culture=neutral, PublicKeyToken=b03f5f7f11d50a3a' inside file 'C:\Program Files\dotnet\sdk\8.0.101\Extensions\Microsoft.TestPlatform.TestHostRuntimeProvider.dll'
TpTrace Information: 0 : 7264, 1, 2024/01/18, 12:46:10.181, 507899423476, vstest.console.dll, GetTestExtensionFromType: Register extension with identifier data 'HostProvider://DotnetTestHost' and type 'Microsoft.VisualStudio.TestPlatform.CrossPlatEngine.Hosting.DotnetTestHostManager, Microsoft.TestPlatform.TestHostRuntimeProvider, Version=15.0.0.0, Culture=neutral, PublicKeyToken=b03f5f7f11d50a3a' inside file 'C:\Program Files\dotnet\sdk\8.0.101\Extensions\Microsoft.TestPlatform.TestHostRuntimeProvider.dll'
TpTrace Information: 0 : 7264, 1, 2024/01/18, 12:46:10.181, 507899425894, vstest.console.dll, AssemblyResolver.OnResolve: Microsoft.VisualStudio.TestPlatform.Extensions.Html.TestLogger: Resolving assembly.
TpTrace Information: 0 : 7264, 1, 2024/01/18, 12:46:10.181, 507899427507, vstest.console.dll, AssemblyResolver.OnResolve: Microsoft.VisualStudio.TestPlatform.Extensions.Html.TestLogger: Searching in: 'C:\Program Files\dotnet\sdk\8.0.101\Extensions'.
TpTrace Information: 0 : 7264, 1, 2024/01/18, 12:46:10.183, 507899441663, vstest.console.dll, AssemblyResolver.OnResolve: Microsoft.VisualStudio.TestPlatform.Extensions.Html.TestLogger: Loading assembly 'C:\Program Files\dotnet\sdk\8.0.101\Extensions\Microsoft.VisualStudio.TestPlatform.Extensions.Html.TestLogger.dll'.
TpTrace Information: 0 : 7264, 1, 2024/01/18, 12:46:10.184, 507899453850, vstest.console.dll, AssemblyResolver.OnResolve: Resolved assembly: Microsoft.VisualStudio.TestPlatform.Extensions.Html.TestLogger, from path: C:\Program Files\dotnet\sdk\8.0.101\Extensions\Microsoft.VisualStudio.TestPlatform.Extensions.Html.TestLogger.dll
TpTrace Verbose: 0 : 7264, 1, 2024/01/18, 12:46:10.184, 507899456285, vstest.console.dll, MetadataReaderExtensionsHelper: Discovering extensions inside assembly 'Microsoft.VisualStudio.TestPlatform.Extensions.Html.TestLogger, Version=15.0.0.0, Culture=neutral, PublicKeyToken=b03f5f7f11d50a3a' file path 'C:\Program Files\dotnet\sdk\8.0.101\Extensions\Microsoft.VisualStudio.TestPlatform.Extensions.Html.TestLogger.dll'
TpTrace Information: 0 : 7264, 1, 2024/01/18, 12:46:10.186, 507899474554, vstest.console.dll, AssemblyResolver.OnResolve: Microsoft.VisualStudio.TestPlatform.Extensions.Trx.TestLogger: Resolving assembly.
TpTrace Information: 0 : 7264, 1, 2024/01/18, 12:46:10.186, 507899476906, vstest.console.dll, AssemblyResolver.OnResolve: Microsoft.VisualStudio.TestPlatform.Extensions.Trx.TestLogger: Searching in: 'C:\Program Files\dotnet\sdk\8.0.101\Extensions'.
TpTrace Information: 0 : 7264, 1, 2024/01/18, 12:46:10.188, 507899494993, vstest.console.dll, AssemblyResolver.OnResolve: Microsoft.VisualStudio.TestPlatform.Extensions.Trx.TestLogger: Loading assembly 'C:\Program Files\dotnet\sdk\8.0.101\Extensions\Microsoft.VisualStudio.TestPlatform.Extensions.Trx.TestLogger.dll'.
TpTrace Information: 0 : 7264, 1, 2024/01/18, 12:46:10.191, 507899521380, vstest.console.dll, AssemblyResolver.OnResolve: Resolved assembly: Microsoft.VisualStudio.TestPlatform.Extensions.Trx.TestLogger, from path: C:\Program Files\dotnet\sdk\8.0.101\Extensions\Microsoft.VisualStudio.TestPlatform.Extensions.Trx.TestLogger.dll
TpTrace Verbose: 0 : 7264, 1, 2024/01/18, 12:46:10.191, 507899523914, vstest.console.dll, MetadataReaderExtensionsHelper: Discovering extensions inside assembly 'Microsoft.VisualStudio.TestPlatform.Extensions.Trx.TestLogger, Version=15.0.0.0, Culture=neutral, PublicKeyToken=b03f5f7f11d50a3a' file path 'C:\Program Files\dotnet\sdk\8.0.101\Extensions\Microsoft.VisualStudio.TestPlatform.Extensions.Trx.TestLogger.dll'
TpTrace Verbose: 0 : 7264, 1, 2024/01/18, 12:46:10.193, 507899547960, vstest.console.dll, TestPluginCache: Discovered the extensions using extension path ''.
TpTrace Verbose: 0 : 7264, 1, 2024/01/18, 12:46:10.194, 507899550167, vstest.console.dll, TestPluginCache: Discoverers are ''.
TpTrace Verbose: 0 : 7264, 1, 2024/01/18, 12:46:10.194, 507899551419, vstest.console.dll, TestPluginCache: Executors are ''.
TpTrace Verbose: 0 : 7264, 1, 2024/01/18, 12:46:10.194, 507899552375, vstest.console.dll, TestPluginCache: Executors2 are ''.
TpTrace Verbose: 0 : 7264, 1, 2024/01/18, 12:46:10.194, 507899553349, vstest.console.dll, TestPluginCache: Setting providers are ''.
TpTrace Verbose: 0 : 7264, 1, 2024/01/18, 12:46:10.194, 507899554315, vstest.console.dll, TestPluginCache: Loggers are ''.
TpTrace Verbose: 0 : 7264, 1, 2024/01/18, 12:46:10.194, 507899558040, vstest.console.dll, TestPluginCache: TestHosts are 'HostProvider://DefaultTestHost,HostProvider://DotnetTestHost'.
TpTrace Verbose: 0 : 7264, 1, 2024/01/18, 12:46:10.195, 507899559055, vstest.console.dll, TestPluginCache: DataCollectors are ''.
TpTrace Information: 0 : 7264, 1, 2024/01/18, 12:46:10.250, 507900109200, vstest.console.dll, RunTestsArgumentProcessor:Execute: Test run is starting.
TpTrace Verbose: 0 : 7264, 1, 2024/01/18, 12:46:10.250, 507900111837, vstest.console.dll, RunTestsArgumentProcessor:Execute: Queuing Test run.
TpTrace Information: 0 : 7264, 1, 2024/01/18, 12:46:10.251, 507900121663, vstest.console.dll, TestRequestManager.RunTests: run tests started.
TpTrace Information: 0 : 7264, 1, 2024/01/18, 12:46:10.255, 507900163003, vstest.console.dll, AssemblyMetadataProvider.GetFrameworkName: Determined framework:'.NETCoreApp,Version=v6.0' for source: 'C:\Users\Guarizzo\Documents\GitHub\Neo4J\BuildingNeo4jApplicationsWith.NET\Neoflix.Challenges\bin\Debug\net6.0\fine-code-coverage\build-output\Neoflix.Challenges.dll'
TpTrace Information: 0 : 7264, 1, 2024/01/18, 12:46:10.255, 507900168444, vstest.console.dll, Determined framework for all sources: .NETCoreApp,Version=v6.0
TpTrace Verbose: 0 : 7264, 1, 2024/01/18, 12:46:10.256, 507900178044, vstest.console.dll, TestRequestManager.UpdateRunSettingsIfRequired: Default architecture: X64 IsDefaultTargetArchitecture: True, Current process architecture: X64 OperatingSystem: Windows.
TpTrace Information: 0 : 7264, 1, 2024/01/18, 12:46:10.261, 507900220762, vstest.console.dll, AssemblyMetadataProvider.GetArchitecture: Determined architecture:AnyCPU info for assembly: C:\Users\Guarizzo\Documents\GitHub\Neo4J\BuildingNeo4jApplicationsWith.NET\Neoflix.Challenges\bin\Debug\net6.0\fine-code-coverage\build-output\Neoflix.Challenges.dll
TpTrace Information: 0 : 7264, 1, 2024/01/18, 12:46:10.261, 507900223153, vstest.console.dll, Determined platform for source 'C:\Users\Guarizzo\Documents\GitHub\Neo4J\BuildingNeo4jApplicationsWith.NET\Neoflix.Challenges\bin\Debug\net6.0\fine-code-coverage\build-output\Neoflix.Challenges.dll' was AnyCPU and it will use the default plaform X64.
TpTrace Information: 0 : 7264, 1, 2024/01/18, 12:46:10.261, 507900224838, vstest.console.dll, None of the sources provided any runnable platform, using the default platform: X64
TpTrace Information: 0 : 7264, 1, 2024/01/18, 12:46:10.261, 507900228096, vstest.console.dll, Platform was updated to 'X64'.
TpTrace Information: 0 : 7264, 1, 2024/01/18, 12:46:10.282, 507900429057, vstest.console.dll, InferRunSettingsHelper.IsTestSettingsEnabled: Unable to navigate to RunSettings/MSTest. Current node: RunSettings
TpTrace Information: 0 : 7264, 1, 2024/01/18, 12:46:10.283, 507900446989, vstest.console.dll, AssemblyResolver.OnResolve: Microsoft.VisualStudio.TestPlatform.Fakes: Resolving assembly.
TpTrace Information: 0 : 7264, 1, 2024/01/18, 12:46:10.284, 507900450455, vstest.console.dll, AssemblyResolver.OnResolve: Microsoft.VisualStudio.TestPlatform.Fakes: Searching in: 'C:\Program Files\dotnet\sdk\8.0.101\Extensions'.
TpTrace Information: 0 : 7264, 1, 2024/01/18, 12:46:10.284, 507900453780, vstest.console.dll, AssemblyResolver.OnResolve: Microsoft.VisualStudio.TestPlatform.Fakes: Assembly path does not exist: 'C:\Program Files\dotnet\sdk\8.0.101\Extensions\Microsoft.VisualStudio.TestPlatform.Fakes.dll', returning.
TpTrace Information: 0 : 7264, 1, 2024/01/18, 12:46:10.284, 507900458095, vstest.console.dll, AssemblyResolver.OnResolve: Microsoft.VisualStudio.TestPlatform.Fakes: Assembly path does not exist: 'C:\Program Files\dotnet\sdk\8.0.101\Extensions\Microsoft.VisualStudio.TestPlatform.Fakes.exe', returning.
TpTrace Information: 0 : 7264, 1, 2024/01/18, 12:46:10.285, 507900460286, vstest.console.dll, AssemblyResolver.OnResolve: Microsoft.VisualStudio.TestPlatform.Fakes: Searching in: 'C:\Program Files\dotnet\sdk\8.0.101'.
TpTrace Information: 0 : 7264, 1, 2024/01/18, 12:46:10.285, 507900463710, vstest.console.dll, AssemblyResolver.OnResolve: Microsoft.VisualStudio.TestPlatform.Fakes: Assembly path does not exist: 'C:\Program Files\dotnet\sdk\8.0.101\Microsoft.VisualStudio.TestPlatform.Fakes.dll', returning.
TpTrace Information: 0 : 7264, 1, 2024/01/18, 12:46:10.285, 507900467194, vstest.console.dll, AssemblyResolver.OnResolve: Microsoft.VisualStudio.TestPlatform.Fakes: Assembly path does not exist: 'C:\Program Files\dotnet\sdk\8.0.101\Microsoft.VisualStudio.TestPlatform.Fakes.exe', returning.
TpTrace Information: 0 : 7264, 1, 2024/01/18, 12:46:10.286, 507900470770, vstest.console.dll, AssemblyResolver.OnResolve: Microsoft.VisualStudio.TestPlatform.Fakes: Failed to load assembly.
TpTrace Information: 0 : 7264, 1, 2024/01/18, 12:46:10.286, 507900478404, vstest.console.dll, Failed to load assembly Microsoft.VisualStudio.TestPlatform.Fakes, Version=17.0.0.0, Culture=neutral. Reason:System.IO.FileNotFoundException: Could not load file or assembly 'Microsoft.VisualStudio.TestPlatform.Fakes, Version=17.0.0.0, Culture=neutral, PublicKeyToken=null'. O sistema não pode encontrar o arquivo especificado.
File name: 'Microsoft.VisualStudio.TestPlatform.Fakes, Version=17.0.0.0, Culture=neutral, PublicKeyToken=null'
   at System.Reflection.RuntimeAssembly.InternalLoad(AssemblyName assemblyName, StackCrawlMark& stackMark, AssemblyLoadContext assemblyLoadContext, RuntimeAssembly requestingAssembly, Boolean throwOnFileNotFound)
   at System.Reflection.Assembly.Load(AssemblyName assemblyRef)
   at Microsoft.VisualStudio.TestPlatform.Common.Utilities.FakesUtilities.LoadTestPlatformAssembly() in /_/src/Microsoft.TestPlatform.Common/Utilities/FakesUtilities.cs:line 272
TpTrace Verbose: 0 : 7264, 1, 2024/01/18, 12:46:10.308, 507900693191, vstest.console.dll, TestPluginCache.DiscoverTestExtensions: finding test extensions in assemblies ends with: TestLogger.dll TPluginInfo: Microsoft.VisualStudio.TestPlatform.Common.ExtensionFramework.Utilities.TestLoggerPluginInformation TExtension: Microsoft.VisualStudio.TestPlatform.ObjectModel.Client.ITestLogger
TpTrace Verbose: 0 : 7264, 1, 2024/01/18, 12:46:10.308, 507900696511, vstest.console.dll, TestPluginCache.GetExtensionPaths: Filtered extension paths: 
TpTrace Verbose: 0 : 7264, 1, 2024/01/18, 12:46:10.308, 507900698289, vstest.console.dll, TestPluginCache.GetExtensionPaths: Added default extension paths: C:\Program Files\dotnet\sdk\8.0.101\Extensions\Microsoft.Diagnostics.NETCore.Client.dll
C:\Program Files\dotnet\sdk\8.0.101\Extensions\Microsoft.TestPlatform.Extensions.BlameDataCollector.dll
C:\Program Files\dotnet\sdk\8.0.101\Extensions\Microsoft.TestPlatform.Extensions.EventLogCollector.dll
C:\Program Files\dotnet\sdk\8.0.101\Extensions\Microsoft.TestPlatform.TestHostRuntimeProvider.dll
C:\Program Files\dotnet\sdk\8.0.101\Extensions\Microsoft.VisualStudio.TestPlatform.Extensions.Html.TestLogger.dll
C:\Program Files\dotnet\sdk\8.0.101\Extensions\Microsoft.VisualStudio.TestPlatform.Extensions.Trx.TestLogger.dll
TpTrace Verbose: 0 : 7264, 1, 2024/01/18, 12:46:10.309, 507900699918, vstest.console.dll, TestPluginCache.GetExtensionPaths: Added unfilterableExtensionPaths: 
TpTrace Information: 0 : 7264, 1, 2024/01/18, 12:46:10.309, 507900704366, vstest.console.dll, AssemblyResolver.AddSearchDirectories: Adding more searchDirectories C:\Program Files\dotnet\sdk\8.0.101\Extensions,C:\Program Files\dotnet\sdk\8.0.101
TpTrace Verbose: 0 : 7264, 1, 2024/01/18, 12:46:10.309, 507900706344, vstest.console.dll, TestPluginCache.DiscoverTestExtensions: Discovering the extensions using extension path.
TpTrace Verbose: 0 : 7264, 1, 2024/01/18, 12:46:10.310, 507900709568, vstest.console.dll, TestPluginCache.GetExtensionPaths: Filtered extension paths: 
TpTrace Verbose: 0 : 7264, 1, 2024/01/18, 12:46:10.310, 507900711413, vstest.console.dll, TestPluginCache.GetExtensionPaths: Added default extension paths: C:\Program Files\dotnet\sdk\8.0.101\Extensions\Microsoft.Diagnostics.NETCore.Client.dll
C:\Program Files\dotnet\sdk\8.0.101\Extensions\Microsoft.TestPlatform.Extensions.BlameDataCollector.dll
C:\Program Files\dotnet\sdk\8.0.101\Extensions\Microsoft.TestPlatform.Extensions.EventLogCollector.dll
C:\Program Files\dotnet\sdk\8.0.101\Extensions\Microsoft.TestPlatform.TestHostRuntimeProvider.dll
C:\Program Files\dotnet\sdk\8.0.101\Extensions\Microsoft.VisualStudio.TestPlatform.Extensions.Html.TestLogger.dll
C:\Program Files\dotnet\sdk\8.0.101\Extensions\Microsoft.VisualStudio.TestPlatform.Extensions.Trx.TestLogger.dll
TpTrace Verbose: 0 : 7264, 1, 2024/01/18, 12:46:10.310, 507900713097, vstest.console.dll, TestPluginCache.GetExtensionPaths: Added unfilterableExtensionPaths: 
TpTrace Verbose: 0 : 7264, 1, 2024/01/18, 12:46:10.310, 507900714778, vstest.console.dll, TestPluginCache.DiscoverTestExtensions: Discovering the extensions using allExtensionPaths: C:\Program Files\dotnet\sdk\8.0.101\Extensions\Microsoft.Diagnostics.NETCore.Client.dll
C:\Program Files\dotnet\sdk\8.0.101\Extensions\Microsoft.TestPlatform.Extensions.BlameDataCollector.dll
C:\Program Files\dotnet\sdk\8.0.101\Extensions\Microsoft.TestPlatform.Extensions.EventLogCollector.dll
C:\Program Files\dotnet\sdk\8.0.101\Extensions\Microsoft.TestPlatform.TestHostRuntimeProvider.dll
C:\Program Files\dotnet\sdk\8.0.101\Extensions\Microsoft.VisualStudio.TestPlatform.Extensions.Html.TestLogger.dll
C:\Program Files\dotnet\sdk\8.0.101\Extensions\Microsoft.VisualStudio.TestPlatform.Extensions.Trx.TestLogger.dll
TpTrace Information: 0 : 7264, 1, 2024/01/18, 12:46:10.310, 507900717093, vstest.console.dll, AssemblyResolver.AddSearchDirectories: Adding more searchDirectories C:\Program Files\dotnet\sdk\8.0.101\Extensions,C:\Program Files\dotnet\sdk\8.0.101
TpTrace Information: 0 : 7264, 1, 2024/01/18, 12:46:10.311, 507900718901, vstest.console.dll, AssemblyResolver.AddSearchDirectories: Adding more searchDirectories C:\Program Files\dotnet\sdk\8.0.101\Extensions,C:\Program Files\dotnet\sdk\8.0.101
TpTrace Information: 0 : 7264, 1, 2024/01/18, 12:46:10.311, 507900720884, vstest.console.dll, AssemblyResolver.AddSearchDirectories: Adding more searchDirectories C:\Program Files\dotnet\sdk\8.0.101\Extensions,C:\Program Files\dotnet\sdk\8.0.101
TpTrace Information: 0 : 7264, 1, 2024/01/18, 12:46:10.311, 507900722556, vstest.console.dll, AssemblyResolver.AddSearchDirectories: Adding more searchDirectories C:\Program Files\dotnet\sdk\8.0.101\Extensions,C:\Program Files\dotnet\sdk\8.0.101
TpTrace Information: 0 : 7264, 1, 2024/01/18, 12:46:10.311, 507900724051, vstest.console.dll, AssemblyResolver.AddSearchDirectories: Adding more searchDirectories C:\Program Files\dotnet\sdk\8.0.101\Extensions,C:\Program Files\dotnet\sdk\8.0.101
TpTrace Information: 0 : 7264, 1, 2024/01/18, 12:46:10.311, 507900725570, vstest.console.dll, AssemblyResolver.AddSearchDirectories: Adding more searchDirectories C:\Program Files\dotnet\sdk\8.0.101\Extensions,C:\Program Files\dotnet\sdk\8.0.101
TpTrace Verbose: 0 : 7264, 1, 2024/01/18, 12:46:10.312, 507900729104, vstest.console.dll, MetadataReaderExtensionsHelper: Discovering extensions inside assembly 'Microsoft.Diagnostics.NETCore.Client, Version=0.2.8.21101, Culture=neutral, PublicKeyToken=31bf3856ad364e35' file path 'C:\Program Files\dotnet\sdk\8.0.101\Extensions\Microsoft.Diagnostics.NETCore.Client.dll'
TpTrace Information: 0 : 7264, 1, 2024/01/18, 12:46:10.313, 507900741937, vstest.console.dll, AssemblyResolver.OnResolve: Microsoft.Bcl.AsyncInterfaces: Resolving assembly.
TpTrace Information: 0 : 7264, 1, 2024/01/18, 12:46:10.313, 507900744417, vstest.console.dll, AssemblyResolver.OnResolve: Microsoft.Bcl.AsyncInterfaces: Resolved from cache.
TpTrace Verbose: 0 : 7264, 1, 2024/01/18, 12:46:10.313, 507900746056, vstest.console.dll, CurrentDomainAssemblyResolve: Resolving assembly 'Microsoft.Bcl.AsyncInterfaces'.
TpTrace Information: 0 : 7264, 1, 2024/01/18, 12:46:10.314, 507900749677, vstest.console.dll, AssemblyResolver.OnResolve: Microsoft.Bcl.AsyncInterfaces: Resolving assembly.
TpTrace Information: 0 : 7264, 1, 2024/01/18, 12:46:10.314, 507900751515, vstest.console.dll, AssemblyResolver.OnResolve: Microsoft.Bcl.AsyncInterfaces: Resolved from cache.
TpTrace Verbose: 0 : 7264, 1, 2024/01/18, 12:46:10.314, 507900753181, vstest.console.dll, CurrentDomainAssemblyResolve: Resolving assembly 'Microsoft.Bcl.AsyncInterfaces'.
TpTrace Verbose: 0 : 7264, 1, 2024/01/18, 12:46:10.314, 507900754492, vstest.console.dll, CurrentDomainAssemblyResolve: Failed to resolve assembly 'Microsoft.Bcl.AsyncInterfaces'.
TpTrace Verbose: 0 : 7264, 1, 2024/01/18, 12:46:10.314, 507900758250, vstest.console.dll, CurrentDomainAssemblyResolve: Failed to resolve assembly 'Microsoft.Bcl.AsyncInterfaces'.
TpTrace Warning: 0 : 7264, 1, 2024/01/18, 12:46:10.316, 507900772598, vstest.console.dll, TestPluginDiscoverer: Failed to get types from assembly 'Microsoft.Diagnostics.NETCore.Client, Version=0.2.8.21101, Culture=neutral, PublicKeyToken=31bf3856ad364e35'. Error: System.Reflection.ReflectionTypeLoadException: Unable to load one or more of the requested types.
Could not load file or assembly 'Microsoft.Bcl.AsyncInterfaces, Version=1.0.0.0, Culture=neutral, PublicKeyToken=cc7b13ffcd2ddd51'. O sistema não pode encontrar o arquivo especificado.
   at System.Reflection.RuntimeModule.GetTypes(RuntimeModule module)
   at System.Reflection.RuntimeModule.GetTypes()
   at Microsoft.VisualStudio.TestPlatform.Common.ExtensionFramework.TestPluginDiscoverer.GetTestExtensionsFromAssembly[TPluginInfo,TExtension](Assembly assembly, Dictionary`2 pluginInfos, String filePath) in /_/src/Microsoft.TestPlatform.Common/ExtensionFramework/TestPluginDiscoverer.cs:line 158
System.IO.FileNotFoundException: Could not load file or assembly 'Microsoft.Bcl.AsyncInterfaces, Version=1.0.0.0, Culture=neutral, PublicKeyToken=cc7b13ffcd2ddd51'. O sistema não pode encontrar o arquivo especificado.
File name: 'Microsoft.Bcl.AsyncInterfaces, Version=1.0.0.0, Culture=neutral, PublicKeyToken=cc7b13ffcd2ddd51'
 ---> System.IO.FileNotFoundException: Could not load file or assembly 'Microsoft.Bcl.AsyncInterfaces, Culture=neutral, PublicKeyToken=null'. O sistema não pode encontrar o arquivo especificado.
File name: 'Microsoft.Bcl.AsyncInterfaces, Culture=neutral, PublicKeyToken=null'
   at System.Reflection.RuntimeAssembly.InternalLoad(AssemblyName assemblyName, StackCrawlMark& stackMark, AssemblyLoadContext assemblyLoadContext, RuntimeAssembly requestingAssembly, Boolean throwOnFileNotFound)
   at System.Reflection.Assembly.Load(AssemblyName assemblyRef)
   at Microsoft.VisualStudio.TestPlatform.Common.ExtensionFramework.TestPluginCache.CurrentDomainAssemblyResolve(Object sender, AssemblyResolveEventArgs args) in /_/src/Microsoft.TestPlatform.Common/ExtensionFramework/TestPluginCache.cs:line 513
   at System.Runtime.Loader.AssemblyLoadContext.GetFirstResolvedAssemblyFromResolvingEvent(AssemblyName assemblyName)
   at System.Runtime.Loader.AssemblyLoadContext.ResolveUsingEvent(AssemblyName assemblyName)
   at System.Runtime.Loader.AssemblyLoadContext.ResolveUsingResolvingEvent(IntPtr gchManagedAssemblyLoadContext, AssemblyName assemblyName)
TpTrace Warning: 0 : 7264, 1, 2024/01/18, 12:46:10.317, 507900778999, vstest.console.dll, LoaderExceptions: System.IO.FileNotFoundException: Could not load file or assembly 'Microsoft.Bcl.AsyncInterfaces, Version=1.0.0.0, Culture=neutral, PublicKeyToken=cc7b13ffcd2ddd51'. O sistema não pode encontrar o arquivo especificado.
File name: 'Microsoft.Bcl.AsyncInterfaces, Version=1.0.0.0, Culture=neutral, PublicKeyToken=cc7b13ffcd2ddd51'
 ---> System.IO.FileNotFoundException: Could not load file or assembly 'Microsoft.Bcl.AsyncInterfaces, Culture=neutral, PublicKeyToken=null'. O sistema não pode encontrar o arquivo especificado.
File name: 'Microsoft.Bcl.AsyncInterfaces, Culture=neutral, PublicKeyToken=null'
   at System.Reflection.RuntimeAssembly.InternalLoad(AssemblyName assemblyName, StackCrawlMark& stackMark, AssemblyLoadContext assemblyLoadContext, RuntimeAssembly requestingAssembly, Boolean throwOnFileNotFound)
   at System.Reflection.Assembly.Load(AssemblyName assemblyRef)
   at Microsoft.VisualStudio.TestPlatform.Common.ExtensionFramework.TestPluginCache.CurrentDomainAssemblyResolve(Object sender, AssemblyResolveEventArgs args) in /_/src/Microsoft.TestPlatform.Common/ExtensionFramework/TestPluginCache.cs:line 513
   at System.Runtime.Loader.AssemblyLoadContext.GetFirstResolvedAssemblyFromResolvingEvent(AssemblyName assemblyName)
   at System.Runtime.Loader.AssemblyLoadContext.ResolveUsingEvent(AssemblyName assemblyName)
   at System.Runtime.Loader.AssemblyLoadContext.ResolveUsingResolvingEvent(IntPtr gchManagedAssemblyLoadContext, AssemblyName assemblyName)
TpTrace Verbose: 0 : 7264, 1, 2024/01/18, 12:46:10.317, 507900782140, vstest.console.dll, MetadataReaderExtensionsHelper: Discovering extensions inside assembly 'Microsoft.TestPlatform.Extensions.BlameDataCollector, Version=15.0.0.0, Culture=neutral, PublicKeyToken=b03f5f7f11d50a3a' file path 'C:\Program Files\dotnet\sdk\8.0.101\Extensions\Microsoft.TestPlatform.Extensions.BlameDataCollector.dll'
TpTrace Information: 0 : 7264, 1, 2024/01/18, 12:46:10.318, 507900794502, vstest.console.dll, GetTestExtensionFromType: Register extension with identifier data 'logger://Microsoft/TestPlatform/Extensions/Blame/v1' and type 'Microsoft.TestPlatform.Extensions.BlameDataCollector.BlameLogger, Microsoft.TestPlatform.Extensions.BlameDataCollector, Version=15.0.0.0, Culture=neutral, PublicKeyToken=b03f5f7f11d50a3a' inside file 'C:\Program Files\dotnet\sdk\8.0.101\Extensions\Microsoft.TestPlatform.Extensions.BlameDataCollector.dll'
TpTrace Verbose: 0 : 7264, 1, 2024/01/18, 12:46:10.318, 507900797439, vstest.console.dll, MetadataReaderExtensionsHelper: Discovering extensions inside assembly 'Microsoft.TestPlatform.Extensions.EventLogCollector, Version=15.0.0.0, Culture=neutral, PublicKeyToken=b03f5f7f11d50a3a' file path 'C:\Program Files\dotnet\sdk\8.0.101\Extensions\Microsoft.TestPlatform.Extensions.EventLogCollector.dll'
TpTrace Verbose: 0 : 7264, 1, 2024/01/18, 12:46:10.319, 507900805794, vstest.console.dll, MetadataReaderExtensionsHelper: Discovering extensions inside assembly 'Microsoft.TestPlatform.TestHostRuntimeProvider, Version=15.0.0.0, Culture=neutral, PublicKeyToken=b03f5f7f11d50a3a' file path 'C:\Program Files\dotnet\sdk\8.0.101\Extensions\Microsoft.TestPlatform.TestHostRuntimeProvider.dll'
TpTrace Verbose: 0 : 7264, 1, 2024/01/18, 12:46:10.320, 507900815328, vstest.console.dll, MetadataReaderExtensionsHelper: Discovering extensions inside assembly 'Microsoft.VisualStudio.TestPlatform.Extensions.Html.TestLogger, Version=15.0.0.0, Culture=neutral, PublicKeyToken=b03f5f7f11d50a3a' file path 'C:\Program Files\dotnet\sdk\8.0.101\Extensions\Microsoft.VisualStudio.TestPlatform.Extensions.Html.TestLogger.dll'
TpTrace Information: 0 : 7264, 1, 2024/01/18, 12:46:10.322, 507900830509, vstest.console.dll, GetTestExtensionFromType: Register extension with identifier data 'logger://Microsoft/TestPlatform/HtmlLogger/v1' and type 'Microsoft.VisualStudio.TestPlatform.Extensions.HtmlLogger.HtmlLogger, Microsoft.VisualStudio.TestPlatform.Extensions.Html.TestLogger, Version=15.0.0.0, Culture=neutral, PublicKeyToken=b03f5f7f11d50a3a' inside file 'C:\Program Files\dotnet\sdk\8.0.101\Extensions\Microsoft.VisualStudio.TestPlatform.Extensions.Html.TestLogger.dll'
TpTrace Verbose: 0 : 7264, 1, 2024/01/18, 12:46:10.322, 507900833352, vstest.console.dll, MetadataReaderExtensionsHelper: Discovering extensions inside assembly 'Microsoft.VisualStudio.TestPlatform.Extensions.Trx.TestLogger, Version=15.0.0.0, Culture=neutral, PublicKeyToken=b03f5f7f11d50a3a' file path 'C:\Program Files\dotnet\sdk\8.0.101\Extensions\Microsoft.VisualStudio.TestPlatform.Extensions.Trx.TestLogger.dll'
TpTrace Information: 0 : 7264, 1, 2024/01/18, 12:46:10.323, 507900844118, vstest.console.dll, GetTestExtensionFromType: Register extension with identifier data 'logger://Microsoft/TestPlatform/TrxLogger/v1' and type 'Microsoft.VisualStudio.TestPlatform.Extensions.TrxLogger.TrxLogger, Microsoft.VisualStudio.TestPlatform.Extensions.Trx.TestLogger, Version=15.0.0.0, Culture=neutral, PublicKeyToken=b03f5f7f11d50a3a' inside file 'C:\Program Files\dotnet\sdk\8.0.101\Extensions\Microsoft.VisualStudio.TestPlatform.Extensions.Trx.TestLogger.dll'
TpTrace Verbose: 0 : 7264, 1, 2024/01/18, 12:46:10.323, 507900847537, vstest.console.dll, TestPluginCache: Discovered the extensions using extension path ''.
TpTrace Verbose: 0 : 7264, 1, 2024/01/18, 12:46:10.324, 507900849333, vstest.console.dll, TestPluginCache: Discoverers are ''.
TpTrace Verbose: 0 : 7264, 1, 2024/01/18, 12:46:10.324, 507900850630, vstest.console.dll, TestPluginCache: Executors are ''.
TpTrace Verbose: 0 : 7264, 1, 2024/01/18, 12:46:10.324, 507900851991, vstest.console.dll, TestPluginCache: Executors2 are ''.
TpTrace Verbose: 0 : 7264, 1, 2024/01/18, 12:46:10.324, 507900853386, vstest.console.dll, TestPluginCache: Setting providers are ''.
TpTrace Verbose: 0 : 7264, 1, 2024/01/18, 12:46:10.325, 507900859192, vstest.console.dll, TestPluginCache: Loggers are 'logger://Microsoft/TestPlatform/Extensions/Blame/v1,logger://Microsoft/TestPlatform/HtmlLogger/v1,logger://Microsoft/TestPlatform/TrxLogger/v1'.
TpTrace Verbose: 0 : 7264, 1, 2024/01/18, 12:46:10.325, 507900861673, vstest.console.dll, TestPluginCache: TestHosts are 'HostProvider://DefaultTestHost,HostProvider://DotnetTestHost'.
TpTrace Verbose: 0 : 7264, 1, 2024/01/18, 12:46:10.325, 507900863204, vstest.console.dll, TestPluginCache: DataCollectors are ''.
TpTrace Information: 0 : 7264, 1, 2024/01/18, 12:46:10.327, 507900886315, vstest.console.dll, TestPluginManager.CreateTestExtension: Attempting to load test extension: Microsoft.TestPlatform.Extensions.BlameDataCollector.BlameLogger
TpTrace Verbose: 0 : 7264, 1, 2024/01/18, 12:46:10.354, 507901154952, vstest.console.dll, TestEngine: Initializing Parallel Execution as MaxCpuCount is set to: 1
TpTrace Information: 0 : 7264, 1, 2024/01/18, 12:46:10.358, 507901197125, vstest.console.dll, TestPluginManager.CreateTestExtension: Attempting to load test extension: Microsoft.VisualStudio.TestPlatform.CrossPlatEngine.Hosting.DefaultTestHostManager
TpTrace Information: 0 : 7264, 1, 2024/01/18, 12:46:10.360, 507901217146, vstest.console.dll, TestPluginManager.CreateTestExtension: Attempting to load test extension: Microsoft.VisualStudio.TestPlatform.CrossPlatEngine.Hosting.DotnetTestHostManager
TpTrace Information: 0 : 7264, 1, 2024/01/18, 12:46:10.362, 507901233544, vstest.console.dll, InferRunSettingsHelper.IsTestSettingsEnabled: Unable to navigate to RunSettings/MSTest. Current node: RunSettings
TpTrace Verbose: 0 : 7264, 1, 2024/01/18, 12:46:10.364, 507901257732, vstest.console.dll, ParallelOperationManager.ClearSlots: Clearing all slots. Slots should accept more work: True
TpTrace Verbose: 0 : 7264, 1, 2024/01/18, 12:46:10.366, 507901275206, vstest.console.dll, ParallelOperationManager.SetOccupiedSlotCount: Setting slot counts AvailableSlotCount = 1, OccupiedSlotCount = 0.
TpTrace Verbose: 0 : 7264, 1, 2024/01/18, 12:46:10.367, 507901285569, vstest.console.dll, Occupied slots:

TpTrace Verbose: 0 : 7264, 1, 2024/01/18, 12:46:10.375, 507901367761, vstest.console.dll, TestEngine.GetExecutionManager: Chosen execution manager 'Microsoft.VisualStudio.TestPlatform.CrossPlatEngine.Client.Parallel.ParallelProxyExecutionManager, Microsoft.TestPlatform.CrossPlatEngine, Version=15.0.0.0, Culture=neutral, PublicKeyToken=b03f5f7f11d50a3a' ParallelLevel '1'.
TpTrace Verbose: 0 : 7264, 1, 2024/01/18, 12:46:10.376, 507901371637, vstest.console.dll, TestRunRequest.ExecuteAsync: Creating test run request.
TpTrace Verbose: 0 : 7264, 1, 2024/01/18, 12:46:10.376, 507901378344, vstest.console.dll, TestRunRequest.ExecuteAsync: Starting.
TpTrace Information: 0 : 7264, 1, 2024/01/18, 12:46:10.384, 507901454932, vstest.console.dll, TestRunRequest.ExecuteAsync: Starting run with settings:TestRunCriteria:
   KeepAlive=False,FrequencyOfRunStatsChangeEvent=10,RunStatsChangeEventTimeout=00:00:01.5000000,TestCaseFilter=,TestExecutorLauncher=
   Settingsxml=<RunSettings>
  <RunConfiguration>
    <ResultsDirectory>C:\Users\Guarizzo\Documents\GitHub\Neo4J\BuildingNeo4jApplicationsWith.NET\Neoflix.Challenges\bin\Debug\net6.0\fine-code-coverage\coverage-tool-output</ResultsDirectory>
    <TargetPlatform>X64</TargetPlatform>
    <TargetFrameworkVersion>.NETCoreApp,Version=v6.0</TargetFrameworkVersion>
    <DesignMode>False</DesignMode>
    <CollectSourceInformation>False</CollectSourceInformation>
  </RunConfiguration>
  <LoggerRunSettings>
    <Loggers>
      <Logger friendlyName="blame" enabled="True" />
      <Logger friendlyName="Console" uri="logger://microsoft/TestPlatform/ConsoleLogger/v1" assemblyQualifiedName="Microsoft.VisualStudio.TestPlatform.CommandLine.Internal.ConsoleLogger, vstest.console, Version=15.0.0.0, Culture=neutral, PublicKeyToken=b03f5f7f11d50a3a" codeBase="C:\Program Files\dotnet\sdk\8.0.101\vstest.console.dll" enabled="True" />
    </Loggers>
  </LoggerRunSettings>
  <DataCollectionRunSettings>
    <DataCollectors>
      <DataCollector friendlyName="blame" enabled="True">
        <Configuration>
          <ResultsDirectory>C:\Users\Guarizzo\Documents\GitHub\Neo4J\BuildingNeo4jApplicationsWith.NET\Neoflix.Challenges\bin\Debug\net6.0\fine-code-coverage\coverage-tool-output</ResultsDirectory>
        </Configuration>
      </DataCollector>
    </DataCollectors>
  </DataCollectionRunSettings>
</RunSettings>

TpTrace Verbose: 0 : 7264, 1, 2024/01/18, 12:46:10.384, 507901458118, vstest.console.dll, TestRunRequest.ExecuteAsync: Wait for the first run request is over.
TpTrace Verbose: 0 : 7264, 1, 2024/01/18, 12:46:10.385, 507901467482, vstest.console.dll, MulticastDelegateUtilities.SafeInvoke: TestRun.TestRunStart: Invoking callbacks was skipped because there are no subscribers.
TpTrace Verbose: 0 : 7264, 4, 2024/01/18, 12:46:10.386, 507901476353, vstest.console.dll, MulticastDelegateUtilities.SafeInvoke: InternalTestLoggerEvents.SendTestRunStart: Invoking callback 1/1 for Microsoft.VisualStudio.TestPlatform.CommandLine.Internal.ConsoleLogger., took 0 ms.
TpTrace Verbose: 0 : 7264, 1, 2024/01/18, 12:46:10.389, 507901502228, vstest.console.dll, ParallelProxyExecutionManager: Start execution. Total sources: 1
TpTrace Verbose: 0 : 7264, 1, 2024/01/18, 12:46:10.390, 507901513895, vstest.console.dll, ParallelOperationManager.StartWork: Starting adding 1 workloads.
TpTrace Verbose: 0 : 7264, 1, 2024/01/18, 12:46:10.390, 507901517522, vstest.console.dll, ParallelOperationManager.ClearSlots: Clearing all slots. Slots should accept more work: True
TpTrace Verbose: 0 : 7264, 1, 2024/01/18, 12:46:10.391, 507901520654, vstest.console.dll, ParallelOperationManager.SetOccupiedSlotCount: Setting slot counts AvailableSlotCount = 1, OccupiedSlotCount = 0.
TpTrace Verbose: 0 : 7264, 1, 2024/01/18, 12:46:10.391, 507901522726, vstest.console.dll, Occupied slots:

TpTrace Verbose: 0 : 7264, 1, 2024/01/18, 12:46:10.395, 507901568361, vstest.console.dll, TestRequestSender is acting as server.
TpTrace Verbose: 0 : 7264, 1, 2024/01/18, 12:46:10.400, 507901610199, vstest.console.dll, ParallelOperationManager.RunWorkInParallel: Adding 1 workload to slot, remaining workloads 0.
TpTrace Verbose: 0 : 7264, 1, 2024/01/18, 12:46:10.400, 507901612464, vstest.console.dll, ParallelOperationManager.SetOccupiedSlotCount: Setting slot counts AvailableSlotCount = 0, OccupiedSlotCount = 1.
TpTrace Verbose: 0 : 7264, 1, 2024/01/18, 12:46:10.400, 507901617845, vstest.console.dll, Occupied slots:
0: C:\Users\Guarizzo\Documents\GitHub\Neo4J\BuildingNeo4jApplicationsWith.NET\Neoflix.Challenges\bin\Debug\net6.0\fine-code-coverage\build-output\Neoflix.Challenges.dll
TpTrace Verbose: 0 : 7264, 1, 2024/01/18, 12:46:10.404, 507901652644, vstest.console.dll, ParallelOperationManager.RunWorkInParallel: Started host in slot number 0 for work (source): C:\Users\Guarizzo\Documents\GitHub\Neo4J\BuildingNeo4jApplicationsWith.NET\Neoflix.Challenges\bin\Debug\net6.0\fine-code-coverage\build-output\Neoflix.Challenges.dll.
TpTrace Verbose: 0 : 7264, 5, 2024/01/18, 12:46:10.409, 507901698515, vstest.console.dll, ParallelProxyExecutionManager.StartTestRunOnConcurrentManager: Initializing uninitialized client. Started clients: 0
TpTrace Verbose: 0 : 7264, 5, 2024/01/18, 12:46:10.409, 507901703327, vstest.console.dll, DataCollectionRequestSender.InitializeCommunication : Initialize communication. 
TpTrace Verbose: 0 : 7264, 1, 2024/01/18, 12:46:10.412, 507901733891, vstest.console.dll, ParallelOperationManager.RunWorkInParallel: We started 1 work items, which is the max parallel level. Won't start more work.
TpTrace Verbose: 0 : 7264, 1, 2024/01/18, 12:46:10.412, 507901736675, vstest.console.dll, ParallelOperationManager.RunWorkInParallel: We started 1 work items in here, returning True.
TpTrace Information: 0 : 7264, 1, 2024/01/18, 12:46:10.417, 507901781704, vstest.console.dll, TestRunRequest.ExecuteAsync: Started.
TpTrace Verbose: 0 : 7264, 1, 2024/01/18, 12:46:10.419, 507901805818, vstest.console.dll, TestRunRequest.WaitForCompletion: Waiting with timeout -1.
TpTrace Information: 0 : 7264, 5, 2024/01/18, 12:46:10.435, 507901966020, vstest.console.dll, Listening on Endpoint : 127.0.0.1:51288
TpTrace Verbose: 0 : 7264, 5, 2024/01/18, 12:46:10.455, 507902164429, vstest.console.dll, DotnetDataCollectionLauncher: Adding  --runtimeconfig "C:\Program Files\dotnet\sdk\8.0.101\datacollector.runtimeconfig.json" in args
TpTrace Verbose: 0 : 7264, 5, 2024/01/18, 12:46:10.455, 507902167703, vstest.console.dll, DotnetDataCollectionLauncher: Adding  --depsfile "C:\Program Files\dotnet\sdk\8.0.101\datacollector.deps.json" in args
TpTrace Verbose: 0 : 7264, 5, 2024/01/18, 12:46:10.456, 507902177377, vstest.console.dll, DotnetDataCollectionLauncher: Full path of dotnet.exe is C:\Program Files\dotnet\dotnet.exe
TpTrace Information: 0 : 7264, 5, 2024/01/18, 12:46:10.473, 507902343405, vstest.console.dll, ProxyDataCollectionManager.Initialize: Launched datacollector processId: 11620 port: 51288
TpTrace Information: 0 : 7264, 5, 2024/01/18, 12:46:10.473, 507902347525, vstest.console.dll, ProxyDataCollectionManager.Initialize: waiting for connection with timeout: 90 seconds
TpTrace Verbose: 0 : 7264, 5, 2024/01/18, 12:46:10.474, 507902349921, vstest.console.dll, DataCollectionRequestSender.WaitForRequestHandlerConnection : Waiting for connection with timeout: 90000
TpTrace Information: 0 : 7264, 6, 2024/01/18, 12:46:10.792, 507905533776, vstest.console.dll, Using the buffer size of 16384 bytes
TpTrace Verbose: 0 : 7264, 5, 2024/01/18, 12:46:10.792, 507905533963, vstest.console.dll, SocketCommunicationManager.WaitForClientConnection took: 318 ms, with 90000 ms timeout, and finished with True.
TpTrace Information: 0 : 7264, 6, 2024/01/18, 12:46:10.792, 507905536766, vstest.console.dll, Accepted Client request and set the flag
TpTrace Verbose: 0 : 7264, 5, 2024/01/18, 12:46:10.793, 507905539640, vstest.console.dll, ProxyDataCollectionManager.InvokeDataCollectionServiceAction: Starting.
TpTrace Information: 0 : 7264, 5, 2024/01/18, 12:46:10.793, 507905542375, vstest.console.dll, ProxyDataCollectionManager.BeforeTestRunStart: Get environment variable and port for datacollector processId: 11620 port: 51288
TpTrace Verbose: 0 : 7264, 5, 2024/01/18, 12:46:10.793, 507905545366, vstest.console.dll, DataCollectionRequestSender.SendBeforeTestRunStartAndGetResult: Send BeforeTestRunStart message with settingsXml <RunSettings><RunConfiguration><ResultsDirectory>C:\Users\Guarizzo\Documents\GitHub\Neo4J\BuildingNeo4jApplicationsWith.NET\Neoflix.Challenges\bin\Debug\net6.0\fine-code-coverage\coverage-tool-output</ResultsDirectory><TargetPlatform>X64</TargetPlatform><TargetFrameworkVersion>.NETCoreApp,Version=v6.0</TargetFrameworkVersion><DesignMode>False</DesignMode><CollectSourceInformation>False</CollectSourceInformation><TestAdaptersPaths>C:\Program Files\dotnet\sdk\8.0.101\Extensions</TestAdaptersPaths></RunConfiguration><LoggerRunSettings><Loggers><Logger friendlyName="blame" enabled="True" /><Logger friendlyName="Console" uri="logger://microsoft/TestPlatform/ConsoleLogger/v1" assemblyQualifiedName="Microsoft.VisualStudio.TestPlatform.CommandLine.Internal.ConsoleLogger, vstest.console, Version=15.0.0.0, Culture=neutral, PublicKeyToken=b03f5f7f11d50a3a" codeBase="C:\Program Files\dotnet\sdk\8.0.101\vstest.console.dll" enabled="True" /></Loggers></LoggerRunSettings><DataCollectionRunSettings><DataCollectors><DataCollector friendlyName="blame" enabled="True"><Configuration><ResultsDirectory>C:\Users\Guarizzo\Documents\GitHub\Neo4J\BuildingNeo4jApplicationsWith.NET\Neoflix.Challenges\bin\Debug\net6.0\fine-code-coverage\coverage-tool-output</ResultsDirectory></Configuration></DataCollector></DataCollectors></DataCollectionRunSettings></RunSettings> and sources System.Collections.Generic.List`1[System.String]: 
TpTrace Verbose: 0 : 7264, 5, 2024/01/18, 12:46:10.914, 507906749200, vstest.console.dll, DataCollectionRequestSender.SendBeforeTestRunStartAndGetResult: Received message: (DataCollection.SendMessage) -> {"MessageType":"DataCollection.SendMessage","Payload":{"FriendlyName":null,"Uri":null,"TestCaseId":"00000000-0000-0000-0000-000000000000","Message":"Logging DataCollector Diagnostics in file: C:\\Users\\Guarizzo\\Documents\\GitHub\\Neo4J\\BuildingNeo4jApplicationsWith.NET\\Neoflix.Challenges\\bin\\Debug\\net6.0\\fine-code-coverage\\coverage-tool-output\\diagnostics.datacollector.24-01-18_12-46-10_45507_5.log","Level":0}}
TpTrace Verbose: 0 : 7264, 5, 2024/01/18, 12:46:11.042, 507908034628, vstest.console.dll, DataCollectionRequestSender.SendBeforeTestRunStartAndGetResult: Received message: (DataCollection.BeforeTestRunStartResult) -> {"MessageType":"DataCollection.BeforeTestRunStartResult","Payload":{"EnvironmentVariables":{},"DataCollectionEventsPort":51290}}
TpTrace Information: 0 : 7264, 5, 2024/01/18, 12:46:11.051, 507908119870, vstest.console.dll, ProxyDataCollectionManager.BeforeTestRunStart: SendBeforeTestRunStartAndGetResult successful, env variable from datacollector:   and testhost port: 51290
TpTrace Information: 0 : 7264, 5, 2024/01/18, 12:46:11.051, 507908122021, vstest.console.dll, ProxyDataCollectionManager.InvokeDataCollectionServiceAction: Completed.
TpTrace Verbose: 0 : 7264, 5, 2024/01/18, 12:46:11.051, 507908123274, vstest.console.dll, ParallelProxyExecutionManager.StartTestRunOnConcurrentManager: Initializing test run. Started clients: 0
TpTrace Verbose: 0 : 7264, 5, 2024/01/18, 12:46:11.051, 507908125054, vstest.console.dll, ProxyExecutionManager: Test host is always Lazy initialize.
TpTrace Verbose: 0 : 7264, 5, 2024/01/18, 12:46:11.052, 507908129901, vstest.console.dll, TestRequestSender.InitializeCommunication: initialize communication. 
TpTrace Information: 0 : 7264, 5, 2024/01/18, 12:46:11.053, 507908141679, vstest.console.dll, SocketServer.Start: Listening on endpoint : 127.0.0.1:51291
TpTrace Verbose: 0 : 7264, 5, 2024/01/18, 12:46:11.054, 507908155322, vstest.console.dll, DotnetTestHostmanager.GetTestHostProcessStartInfo: Platform environment 'X64' target architecture 'X64' framework '.NETCoreApp,Version=v6.0' OS 'Windows'
TpTrace Verbose: 0 : 7264, 5, 2024/01/18, 12:46:11.055, 507908159584, vstest.console.dll, DotnetTestHostmanager: Adding  --runtimeconfig "C:\Users\Guarizzo\Documents\GitHub\Neo4J\BuildingNeo4jApplicationsWith.NET\Neoflix.Challenges\bin\Debug\net6.0\fine-code-coverage\build-output\Neoflix.Challenges.runtimeconfig.json" in args
TpTrace Verbose: 0 : 7264, 5, 2024/01/18, 12:46:11.055, 507908161835, vstest.console.dll, DotnetTestHostmanager: Adding  --depsfile "C:\Users\Guarizzo\Documents\GitHub\Neo4J\BuildingNeo4jApplicationsWith.NET\Neoflix.Challenges\bin\Debug\net6.0\fine-code-coverage\build-output\Neoflix.Challenges.deps.json" in args
TpTrace Verbose: 0 : 7264, 5, 2024/01/18, 12:46:11.055, 507908164997, vstest.console.dll, DotnetTestHostmanager.IsWinOnArm: Current PROCESSOR_ARCHITECTURE from environment variable 'AMD64'
TpTrace Verbose: 0 : 7264, 5, 2024/01/18, 12:46:11.055, 507908166560, vstest.console.dll, DotnetTestHostmanager.IsWinOnArm: Is Windows on ARM 'False'
TpTrace Verbose: 0 : 7264, 5, 2024/01/18, 12:46:11.056, 507908168567, vstest.console.dll, DotnetTestHostManager: testhost.exe found at path: C:\Users\Guarizzo\Documents\GitHub\Neo4J\BuildingNeo4jApplicationsWith.NET\Neoflix.Challenges\bin\Debug\net6.0\fine-code-coverage\build-output\testhost.exe
TpTrace Verbose: 0 : 7264, 5, 2024/01/18, 12:46:11.056, 507908169893, vstest.console.dll, DotnetTestHostmanager: Full path of host exe is C:\Users\Guarizzo\Documents\GitHub\Neo4J\BuildingNeo4jApplicationsWith.NET\Neoflix.Challenges\bin\Debug\net6.0\fine-code-coverage\build-output\testhost.exe
TpTrace Verbose: 0 : 7264, 5, 2024/01/18, 12:46:11.056, 507908172701, vstest.console.dll, DotnetTestHostmanager.LaunchTestHostAsync: Found 'VSTEST_WINAPPHOST_DOTNET_ROOT' in env variables, value 'C:\Program Files\dotnet', forwarding to 'DOTNET_ROOT'
TpTrace Verbose: 0 : 7264, 5, 2024/01/18, 12:46:11.056, 507908175461, vstest.console.dll, DotnetTestHostManager: Starting process 'C:\Users\Guarizzo\Documents\GitHub\Neo4J\BuildingNeo4jApplicationsWith.NET\Neoflix.Challenges\bin\Debug\net6.0\fine-code-coverage\build-output\testhost.exe' with command line ' --runtimeconfig "C:\Users\Guarizzo\Documents\GitHub\Neo4J\BuildingNeo4jApplicationsWith.NET\Neoflix.Challenges\bin\Debug\net6.0\fine-code-coverage\build-output\Neoflix.Challenges.runtimeconfig.json" --depsfile "C:\Users\Guarizzo\Documents\GitHub\Neo4J\BuildingNeo4jApplicationsWith.NET\Neoflix.Challenges\bin\Debug\net6.0\fine-code-coverage\build-output\Neoflix.Challenges.deps.json" --port 51291 --endpoint 127.0.0.1:051291 --role client --parentprocessid 7264 --diag "C:\Users\Guarizzo\Documents\GitHub\Neo4J\BuildingNeo4jApplicationsWith.NET\Neoflix.Challenges\bin\Debug\net6.0\fine-code-coverage\coverage-tool-output\diagnostics.host.24-01-18_12-46-11_05417_5.log" --tracelevel 4 --datacollectionport 51290 --telemetryoptedin false'
TpTrace Verbose: 0 : 7264, 5, 2024/01/18, 12:46:11.074, 507908350841, vstest.console.dll, MulticastDelegateUtilities.SafeInvoke: HostProviderEvents.OnHostLaunched: Invoking callback 1/2 for Microsoft.VisualStudio.TestPlatform.CrossPlatEngine.Client.ProxyExecutionManagerWithDataCollection., took 1 ms.
TpTrace Verbose: 0 : 7264, 5, 2024/01/18, 12:46:11.074, 507908357618, vstest.console.dll, Test Runtime launched
TpTrace Verbose: 0 : 7264, 5, 2024/01/18, 12:46:11.075, 507908360464, vstest.console.dll, MulticastDelegateUtilities.SafeInvoke: HostProviderEvents.OnHostLaunched: Invoking callback 2/2 for Microsoft.VisualStudio.TestPlatform.CrossPlatEngine.Client.ProxyOperationManager., took 0 ms.
TpTrace Verbose: 0 : 7264, 5, 2024/01/18, 12:46:11.075, 507908363800, vstest.console.dll, TestRequestSender.WaitForRequestHandlerConnection: waiting for connection with timeout: 90000.
TpTrace Verbose: 0 : 7264, 6, 2024/01/18, 12:46:11.354, 507911154503, vstest.console.dll, MulticastDelegateUtilities.SafeInvoke: SocketServer: ClientConnected: Invoking callback 1/1 for Microsoft.VisualStudio.TestPlatform.CommunicationUtilities.TestRequestSender., took 0 ms.
TpTrace Verbose: 0 : 7264, 5, 2024/01/18, 12:46:11.354, 507911154765, vstest.console.dll, TestRequestSender.WaitForRequestHandlerConnection: waiting took 279 ms, with timeout 90000 ms, and result 0, which is success.
TpTrace Verbose: 0 : 7264, 6, 2024/01/18, 12:46:11.355, 507911162898, vstest.console.dll, SocketServer.OnClientConnected: Client connected for endPoint: 127.0.0.1:51291, starting MessageLoopAsync:
TpTrace Verbose: 0 : 7264, 6, 2024/01/18, 12:46:11.356, 507911176482, vstest.console.dll, TcpClientExtensions.MessageLoopAsync: Polling on remoteEndPoint: 127.0.0.1:51292 localEndPoint: 127.0.0.1:51291
TpTrace Verbose: 0 : 7264, 5, 2024/01/18, 12:46:11.358, 507911188788, vstest.console.dll, TestRequestSender.CheckVersionWithTestHost: Sending check version message: {"MessageType":"ProtocolVersion","Payload":7}
TpTrace Verbose: 0 : 7264, 6, 2024/01/18, 12:46:11.597, 507913586405, vstest.console.dll, TcpClientExtensions.MessageLoopAsync: NotifyDataAvailable remoteEndPoint: 127.0.0.1:51292 localEndPoint: 127.0.0.1:51291
TpTrace Verbose: 0 : 7264, 6, 2024/01/18, 12:46:11.598, 507913591361, vstest.console.dll, TestRequestSender.CheckVersionWithTestHost: onMessageReceived received message: (ProtocolVersion) -> {"MessageType":"ProtocolVersion","Payload":5}
TpTrace Verbose: 0 : 7264, 6, 2024/01/18, 12:46:11.600, 507913610597, vstest.console.dll, MulticastDelegateUtilities.SafeInvoke: LengthPrefixCommunicationChannel: MessageReceived: Invoking callback 1/1 for Microsoft.VisualStudio.TestPlatform.CommunicationUtilities.TestRequestSender+<>c__DisplayClass29_0., took 1 ms.
TpTrace Verbose: 0 : 7264, 5, 2024/01/18, 12:46:11.600, 507913611964, vstest.console.dll, TestPluginCache.GetExtensionPaths: Filtered extension paths: 
TpTrace Verbose: 0 : 7264, 6, 2024/01/18, 12:46:11.600, 507913613961, vstest.console.dll, TcpClientExtensions.MessageLoopAsync: Polling on remoteEndPoint: 127.0.0.1:51292 localEndPoint: 127.0.0.1:51291
TpTrace Verbose: 0 : 7264, 5, 2024/01/18, 12:46:11.600, 507913615598, vstest.console.dll, TestPluginCache.GetExtensionPaths: Added default extension paths: C:\Program Files\dotnet\sdk\8.0.101\Extensions\Microsoft.Diagnostics.NETCore.Client.dll
C:\Program Files\dotnet\sdk\8.0.101\Extensions\Microsoft.TestPlatform.Extensions.BlameDataCollector.dll
C:\Program Files\dotnet\sdk\8.0.101\Extensions\Microsoft.TestPlatform.Extensions.EventLogCollector.dll
C:\Program Files\dotnet\sdk\8.0.101\Extensions\Microsoft.TestPlatform.TestHostRuntimeProvider.dll
C:\Program Files\dotnet\sdk\8.0.101\Extensions\Microsoft.VisualStudio.TestPlatform.Extensions.Html.TestLogger.dll
C:\Program Files\dotnet\sdk\8.0.101\Extensions\Microsoft.VisualStudio.TestPlatform.Extensions.Trx.TestLogger.dll
TpTrace Verbose: 0 : 7264, 5, 2024/01/18, 12:46:11.601, 507913618773, vstest.console.dll, TestPluginCache.GetExtensionPaths: Added unfilterableExtensionPaths: 
TpTrace Verbose: 0 : 7264, 5, 2024/01/18, 12:46:11.609, 507913700239, vstest.console.dll, TestRequestSender.InitializeExecution: Sending initialize execution with message: {"Version":5,"MessageType":"TestExecution.Initialize","Payload":["C:\\Users\\Guarizzo\\Documents\\GitHub\\Neo4J\\BuildingNeo4jApplicationsWith.NET\\Neoflix.Challenges\\bin\\Debug\\net6.0\\fine-code-coverage\\build-output\\NUnit3.TestAdapter.dll"]}
TpTrace Verbose: 0 : 7264, 5, 2024/01/18, 12:46:11.609, 507913705483, vstest.console.dll, ParallelProxyExecutionManager.StartTestRunOnConcurrentManager: Execution starting. Started clients: 1
TpTrace Verbose: 0 : 7264, 5, 2024/01/18, 12:46:11.610, 507913712686, vstest.console.dll, TestRunRequest:SendTestRunMessage: Starting.
TpTrace Verbose: 0 : 7264, 5, 2024/01/18, 12:46:11.610, 507913717251, vstest.console.dll, MulticastDelegateUtilities.SafeInvoke: TestRun.LogMessages: Invoking callback 1/1 for Microsoft.VisualStudio.TestPlatform.CommandLine.TestRunResultAggregator., took 0 ms.
TpTrace Information: 0 : 7264, 5, 2024/01/18, 12:46:11.611, 507913719781, vstest.console.dll, TestRunRequest:SendTestRunMessage: Completed.
TpTrace Warning: 0 : 7264, 5, 2024/01/18, 12:46:11.612, 507913735635, vstest.console.dll, InferRunSettingsHelper.MakeRunsettingsCompatible: Removing the following settings: TargetPlatform from RunSettings file. To use those settings please move to latest version of Microsoft.NET.Test.Sdk
TpTrace Verbose: 0 : 7264, 4, 2024/01/18, 12:46:11.612, 507913735962, vstest.console.dll, MulticastDelegateUtilities.SafeInvoke: InternalTestLoggerEvents.SendTestRunMessage: Invoking callback 1/1 for Microsoft.VisualStudio.TestPlatform.CommandLine.Internal.ConsoleLogger., took 0 ms.
TpTrace Verbose: 0 : 7264, 6, 2024/01/18, 12:46:11.643, 507914040212, vstest.console.dll, TcpClientExtensions.MessageLoopAsync: NotifyDataAvailable remoteEndPoint: 127.0.0.1:51292 localEndPoint: 127.0.0.1:51291
TpTrace Verbose: 0 : 7264, 6, 2024/01/18, 12:46:11.644, 507914048416, vstest.console.dll, TestRequestSender.OnExecutionMessageReceived: Received message: {"Version":5,"MessageType":"TestSession.Message","Payload":{"MessageLevel":0,"Message":"Registro em log do diagnóstico TestHost no arquivo: C:\\Users\\Guarizzo\\Documents\\GitHub\\Neo4J\\BuildingNeo4jApplicationsWith.NET\\Neoflix.Challenges\\bin\\Debug\\net6.0\\fine-code-coverage\\coverage-tool-output\\diagnostics.host.24-01-18_12-46-11_05417_5.log"}}
TpTrace Verbose: 0 : 7264, 5, 2024/01/18, 12:46:11.644, 507914048707, vstest.console.dll, TestRequestSender.StartTestRun: Sending test run with message: {"Version":5,"MessageType":"TestExecution.StartWithSources","Payload":{"AdapterSourceMap":{"_none_":["C:\\Users\\Guarizzo\\Documents\\GitHub\\Neo4J\\BuildingNeo4jApplicationsWith.NET\\Neoflix.Challenges\\bin\\Debug\\net6.0\\fine-code-coverage\\build-output\\Neoflix.Challenges.dll"]},"RunSettings":"<RunSettings>\r\n  <RunConfiguration>\r\n    <ResultsDirectory>C:\\Users\\Guarizzo\\Documents\\GitHub\\Neo4J\\BuildingNeo4jApplicationsWith.NET\\Neoflix.Challenges\\bin\\Debug\\net6.0\\fine-code-coverage\\coverage-tool-output</ResultsDirectory>\r\n    <TargetFrameworkVersion>.NETCoreApp,Version=v6.0</TargetFrameworkVersion>\r\n    <DesignMode>False</DesignMode>\r\n    <CollectSourceInformation>False</CollectSourceInformation>\r\n  </RunConfiguration>\r\n  <LoggerRunSettings>\r\n    <Loggers>\r\n      <Logger friendlyName=\"blame\" enabled=\"True\" />\r\n      <Logger friendlyName=\"Console\" uri=\"logger://microsoft/TestPlatform/ConsoleLogger/v1\" assemblyQualifiedName=\"Microsoft.VisualStudio.TestPlatform.CommandLine.Internal.ConsoleLogger, vstest.console, Version=15.0.0.0, Culture=neutral, PublicKeyToken=b03f5f7f11d50a3a\" codeBase=\"C:\\Program Files\\dotnet\\sdk\\8.0.101\\vstest.console.dll\" enabled=\"True\" />\r\n    </Loggers>\r\n  </LoggerRunSettings>\r\n  <DataCollectionRunSettings>\r\n    <DataCollectors>\r\n      <DataCollector friendlyName=\"blame\" enabled=\"True\">\r\n        <Configuration>\r\n          <ResultsDirectory>C:\\Users\\Guarizzo\\Documents\\GitHub\\Neo4J\\BuildingNeo4jApplicationsWith.NET\\Neoflix.Challenges\\bin\\Debug\\net6.0\\fine-code-coverage\\coverage-tool-output</ResultsDirectory>\r\n        </Configuration>\r\n      </DataCollector>\r\n    </DataCollectors>\r\n  </DataCollectionRunSettings>\r\n</RunSettings>","TestExecutionContext":{"FrequencyOfRunStatsChangeEvent":10,"RunStatsChangeEventTimeout":"00:00:01.5000000","InIsolation":false,"KeepAlive":false,"AreTestCaseLevelEventsRequired":false,"IsDebug":false,"TestCaseFilter":null,"FilterOptions":null},"Package":null}}
TpTrace Verbose: 0 : 7264, 5, 2024/01/18, 12:46:11.644, 507914054714, vstest.console.dll, ParallelProxyExecutionManager.StartTestRunOnConcurrentManager: Execution started. Started clients: 1
TpTrace Verbose: 0 : 7264, 6, 2024/01/18, 12:46:11.651, 507914118902, vstest.console.dll, TestRunRequest:SendTestRunMessage: Starting.
TpTrace Verbose: 0 : 7264, 6, 2024/01/18, 12:46:11.651, 507914122587, vstest.console.dll, MulticastDelegateUtilities.SafeInvoke: TestRun.LogMessages: Invoking callback 1/1 for Microsoft.VisualStudio.TestPlatform.CommandLine.TestRunResultAggregator., took 0 ms.
TpTrace Verbose: 0 : 7264, 4, 2024/01/18, 12:46:11.651, 507914122597, vstest.console.dll, MulticastDelegateUtilities.SafeInvoke: InternalTestLoggerEvents.SendTestRunMessage: Invoking callback 1/1 for Microsoft.VisualStudio.TestPlatform.CommandLine.Internal.ConsoleLogger., took 0 ms.
TpTrace Information: 0 : 7264, 6, 2024/01/18, 12:46:11.651, 507914124934, vstest.console.dll, TestRunRequest:SendTestRunMessage: Completed.
TpTrace Verbose: 0 : 7264, 6, 2024/01/18, 12:46:11.652, 507914128742, vstest.console.dll, MulticastDelegateUtilities.SafeInvoke: LengthPrefixCommunicationChannel: MessageReceived: Invoking callback 1/1 for Microsoft.VisualStudio.TestPlatform.CommunicationUtilities.TestRequestSender+<>c__DisplayClass34_0., took 8 ms.
TpTrace Verbose: 0 : 7264, 6, 2024/01/18, 12:46:11.652, 507914130621, vstest.console.dll, TcpClientExtensions.MessageLoopAsync: Polling on remoteEndPoint: 127.0.0.1:51292 localEndPoint: 127.0.0.1:51291
TpTrace Verbose: 0 : 7264, 6, 2024/01/18, 12:46:12.037, 507917984823, vstest.console.dll, TcpClientExtensions.MessageLoopAsync: NotifyDataAvailable remoteEndPoint: 127.0.0.1:51292 localEndPoint: 127.0.0.1:51291
TpTrace Verbose: 0 : 7264, 6, 2024/01/18, 12:46:12.038, 507917989256, vstest.console.dll, TestRequestSender.OnExecutionMessageReceived: Received message: {"Version":5,"MessageType":"TestSession.Message","Payload":{"MessageLevel":0,"Message":"NUnit Adapter 4.0.0.0: Test execution started"}}
TpTrace Verbose: 0 : 7264, 6, 2024/01/18, 12:46:12.038, 507917994014, vstest.console.dll, TestRunRequest:SendTestRunMessage: Starting.
TpTrace Verbose: 0 : 7264, 6, 2024/01/18, 12:46:12.038, 507917996493, vstest.console.dll, MulticastDelegateUtilities.SafeInvoke: TestRun.LogMessages: Invoking callback 1/1 for Microsoft.VisualStudio.TestPlatform.CommandLine.TestRunResultAggregator., took 0 ms.
TpTrace Verbose: 0 : 7264, 4, 2024/01/18, 12:46:12.038, 507917996550, vstest.console.dll, MulticastDelegateUtilities.SafeInvoke: InternalTestLoggerEvents.SendTestRunMessage: Invoking callback 1/1 for Microsoft.VisualStudio.TestPlatform.CommandLine.Internal.ConsoleLogger., took 0 ms.
TpTrace Information: 0 : 7264, 6, 2024/01/18, 12:46:12.039, 507917998429, vstest.console.dll, TestRunRequest:SendTestRunMessage: Completed.
TpTrace Verbose: 0 : 7264, 6, 2024/01/18, 12:46:12.039, 507918001172, vstest.console.dll, MulticastDelegateUtilities.SafeInvoke: LengthPrefixCommunicationChannel: MessageReceived: Invoking callback 1/1 for Microsoft.VisualStudio.TestPlatform.CommunicationUtilities.TestRequestSender+<>c__DisplayClass34_0., took 1 ms.
TpTrace Verbose: 0 : 7264, 6, 2024/01/18, 12:46:12.039, 507918002215, vstest.console.dll, TcpClientExtensions.MessageLoopAsync: Polling on remoteEndPoint: 127.0.0.1:51292 localEndPoint: 127.0.0.1:51291
TpTrace Verbose: 0 : 7264, 6, 2024/01/18, 12:46:12.082, 507918428087, vstest.console.dll, TcpClientExtensions.MessageLoopAsync: NotifyDataAvailable remoteEndPoint: 127.0.0.1:51292 localEndPoint: 127.0.0.1:51291
TpTrace Verbose: 0 : 7264, 6, 2024/01/18, 12:46:12.082, 507918431064, vstest.console.dll, TestRequestSender.OnExecutionMessageReceived: Received message: {"Version":5,"MessageType":"TestSession.Message","Payload":{"MessageLevel":0,"Message":"Running all tests in C:\\Users\\Guarizzo\\Documents\\GitHub\\Neo4J\\BuildingNeo4jApplicationsWith.NET\\Neoflix.Challenges\\bin\\Debug\\net6.0\\fine-code-coverage\\build-output\\Neoflix.Challenges.dll"}}
TpTrace Verbose: 0 : 7264, 6, 2024/01/18, 12:46:12.082, 507918433787, vstest.console.dll, TestRunRequest:SendTestRunMessage: Starting.
TpTrace Verbose: 0 : 7264, 6, 2024/01/18, 12:46:12.082, 507918435750, vstest.console.dll, MulticastDelegateUtilities.SafeInvoke: TestRun.LogMessages: Invoking callback 1/1 for Microsoft.VisualStudio.TestPlatform.CommandLine.TestRunResultAggregator., took 0 ms.
TpTrace Verbose: 0 : 7264, 4, 2024/01/18, 12:46:12.082, 507918436106, vstest.console.dll, MulticastDelegateUtilities.SafeInvoke: InternalTestLoggerEvents.SendTestRunMessage: Invoking callback 1/1 for Microsoft.VisualStudio.TestPlatform.CommandLine.Internal.ConsoleLogger., took 0 ms.
TpTrace Information: 0 : 7264, 6, 2024/01/18, 12:46:12.083, 507918437721, vstest.console.dll, TestRunRequest:SendTestRunMessage: Completed.
TpTrace Verbose: 0 : 7264, 6, 2024/01/18, 12:46:12.083, 507918440554, vstest.console.dll, MulticastDelegateUtilities.SafeInvoke: LengthPrefixCommunicationChannel: MessageReceived: Invoking callback 1/1 for Microsoft.VisualStudio.TestPlatform.CommunicationUtilities.TestRequestSender+<>c__DisplayClass34_0., took 0 ms.
TpTrace Verbose: 0 : 7264, 6, 2024/01/18, 12:46:12.083, 507918441809, vstest.console.dll, TcpClientExtensions.MessageLoopAsync: Polling on remoteEndPoint: 127.0.0.1:51292 localEndPoint: 127.0.0.1:51291
TpTrace Verbose: 0 : 7264, 6, 2024/01/18, 12:46:13.098, 507928589328, vstest.console.dll, TcpClientExtensions.MessageLoopAsync: Polling on remoteEndPoint: 127.0.0.1:51292 localEndPoint: 127.0.0.1:51291
TpTrace Verbose: 0 : 7264, 6, 2024/01/18, 12:46:14.106, 507938667742, vstest.console.dll, TcpClientExtensions.MessageLoopAsync: Polling on remoteEndPoint: 127.0.0.1:51292 localEndPoint: 127.0.0.1:51291
TpTrace Verbose: 0 : 7264, 6, 2024/01/18, 12:46:14.436, 507941973501, vstest.console.dll, TcpClientExtensions.MessageLoopAsync: NotifyDataAvailable remoteEndPoint: 127.0.0.1:51292 localEndPoint: 127.0.0.1:51291
TpTrace Verbose: 0 : 7264, 6, 2024/01/18, 12:46:14.436, 507941976048, vstest.console.dll, TestRequestSender.OnExecutionMessageReceived: Received message: {"Version":5,"MessageType":"TestSession.Message","Payload":{"MessageLevel":0,"Message":"   NUnit3TestExecutor discovered 31 of 31 NUnit test cases using Current Discovery mode, Non-Explicit run"}}
TpTrace Verbose: 0 : 7264, 6, 2024/01/18, 12:46:14.437, 507941979706, vstest.console.dll, TestRunRequest:SendTestRunMessage: Starting.
TpTrace Verbose: 0 : 7264, 6, 2024/01/18, 12:46:14.437, 507941982180, vstest.console.dll, MulticastDelegateUtilities.SafeInvoke: TestRun.LogMessages: Invoking callback 1/1 for Microsoft.VisualStudio.TestPlatform.CommandLine.TestRunResultAggregator., took 0 ms.
TpTrace Verbose: 0 : 7264, 4, 2024/01/18, 12:46:14.437, 507941982418, vstest.console.dll, MulticastDelegateUtilities.SafeInvoke: InternalTestLoggerEvents.SendTestRunMessage: Invoking callback 1/1 for Microsoft.VisualStudio.TestPlatform.CommandLine.Internal.ConsoleLogger., took 0 ms.
TpTrace Information: 0 : 7264, 6, 2024/01/18, 12:46:14.437, 507941983862, vstest.console.dll, TestRunRequest:SendTestRunMessage: Completed.
TpTrace Verbose: 0 : 7264, 6, 2024/01/18, 12:46:14.438, 507941986678, vstest.console.dll, MulticastDelegateUtilities.SafeInvoke: LengthPrefixCommunicationChannel: MessageReceived: Invoking callback 1/1 for Microsoft.VisualStudio.TestPlatform.CommunicationUtilities.TestRequestSender+<>c__DisplayClass34_0., took 1 ms.
TpTrace Verbose: 0 : 7264, 6, 2024/01/18, 12:46:14.438, 507941987748, vstest.console.dll, TcpClientExtensions.MessageLoopAsync: Polling on remoteEndPoint: 127.0.0.1:51292 localEndPoint: 127.0.0.1:51291
TpTrace Verbose: 0 : 7264, 6, 2024/01/18, 12:46:15.450, 507952115314, vstest.console.dll, TcpClientExtensions.MessageLoopAsync: Polling on remoteEndPoint: 127.0.0.1:51292 localEndPoint: 127.0.0.1:51291
TpTrace Verbose: 0 : 7264, 6, 2024/01/18, 12:46:16.139, 507959004720, vstest.console.dll, TcpClientExtensions.MessageLoopAsync: NotifyDataAvailable remoteEndPoint: 127.0.0.1:51292 localEndPoint: 127.0.0.1:51291
TpTrace Verbose: 0 : 7264, 6, 2024/01/18, 12:46:16.140, 507959009586, vstest.console.dll, TestRequestSender.OnExecutionMessageReceived: Received message: {"Version":5,"MessageType":"TestExecution.StatsChange","Payload":{"NewTestResults":[],"TestRunStatistics":{"ExecutedTests":0,"Stats":{}},"ActiveTests":[{"Id":"0d5eb93c-c854-c468-eda6-12434fe8295d","FullyQualifiedName":"Neoflix.Challenges._01_ConnectToNeo4j.InitDriverAsync_should_create_driver_and_connect_to_server","DisplayName":"InitDriverAsync_should_create_driver_and_connect_to_server","ExecutorUri":"executor://NUnit3TestExecutor","Source":"C:\\Users\\Guarizzo\\Documents\\GitHub\\Neo4J\\BuildingNeo4jApplicationsWith.NET\\Neoflix.Challenges\\bin\\Debug\\net6.0\\fine-code-coverage\\build-output\\Neoflix.Challenges.dll","CodeFilePath":null,"LineNumber":0,"Properties":[{"Key":{"Id":"NUnit.Seed","Label":"Seed","Category":"","Description":"","Attributes":0,"ValueType":"System.String"},"Value":"1348627778"}]}]}}
TpTrace Verbose: 0 : 7264, 6, 2024/01/18, 12:46:16.191, 507959518705, vstest.console.dll, TestRunRequest:SendTestRunStatsChange: Starting.
TpTrace Verbose: 0 : 7264, 6, 2024/01/18, 12:46:16.191, 507959521717, vstest.console.dll, InProgress is InitDriverAsync_should_create_driver_and_connect_to_server
TpTrace Verbose: 0 : 7264, 6, 2024/01/18, 12:46:16.191, 507959524469, vstest.console.dll, MulticastDelegateUtilities.SafeInvoke: TestRun.RunStatsChanged: Invoking callbacks was skipped because there are no subscribers.
TpTrace Information: 0 : 7264, 6, 2024/01/18, 12:46:16.192, 507959525637, vstest.console.dll, TestRunRequest:SendTestRunStatsChange: Completed.
TpTrace Verbose: 0 : 7264, 6, 2024/01/18, 12:46:16.192, 507959526803, vstest.console.dll, MulticastDelegateUtilities.SafeInvoke: LengthPrefixCommunicationChannel: MessageReceived: Invoking callback 1/1 for Microsoft.VisualStudio.TestPlatform.CommunicationUtilities.TestRequestSender+<>c__DisplayClass34_0., took 51 ms.
TpTrace Verbose: 0 : 7264, 6, 2024/01/18, 12:46:16.192, 507959527842, vstest.console.dll, TcpClientExtensions.MessageLoopAsync: Polling on remoteEndPoint: 127.0.0.1:51292 localEndPoint: 127.0.0.1:51291
TpTrace Verbose: 0 : 7264, 6, 2024/01/18, 12:46:17.196, 507969574773, vstest.console.dll, TcpClientExtensions.MessageLoopAsync: Polling on remoteEndPoint: 127.0.0.1:51292 localEndPoint: 127.0.0.1:51291
TpTrace Verbose: 0 : 7264, 6, 2024/01/18, 12:46:17.665, 507974260219, vstest.console.dll, TcpClientExtensions.MessageLoopAsync: NotifyDataAvailable remoteEndPoint: 127.0.0.1:51292 localEndPoint: 127.0.0.1:51291
TpTrace Verbose: 0 : 7264, 6, 2024/01/18, 12:46:17.666, 507974264853, vstest.console.dll, TestRequestSender.OnExecutionMessageReceived: Received message: {"Version":5,"MessageType":"TestExecution.StatsChange","Payload":{"NewTestResults":[{"TestCase":{"Id":"0d5eb93c-c854-c468-eda6-12434fe8295d","FullyQualifiedName":"Neoflix.Challenges._01_ConnectToNeo4j.InitDriverAsync_should_create_driver_and_connect_to_server","DisplayName":"InitDriverAsync_should_create_driver_and_connect_to_server","ExecutorUri":"executor://NUnit3TestExecutor","Source":"C:\\Users\\Guarizzo\\Documents\\GitHub\\Neo4J\\BuildingNeo4jApplicationsWith.NET\\Neoflix.Challenges\\bin\\Debug\\net6.0\\fine-code-coverage\\build-output\\Neoflix.Challenges.dll","CodeFilePath":null,"LineNumber":0,"Properties":[{"Key":{"Id":"NUnit.Seed","Label":"Seed","Category":"","Description":"","Attributes":0,"ValueType":"System.String"},"Value":"1348627778"}]},"Attachments":[],"Outcome":1,"ErrorMessage":null,"ErrorStackTrace":null,"DisplayName":"InitDriverAsync_should_create_driver_and_connect_to_server","Messages":[],"ComputerName":"DESKTOP-MNADO4H","Duration":"00:00:01.6975940","StartTime":"2024-01-18T15:46:14.4858807+00:00","EndTime":"2024-01-18T15:46:16.1834172+00:00","Properties":[{"Key":{"Id":"NUnit.Seed","Label":"Seed","Category":"","Description":"","Attributes":0,"ValueType":"System.String"},"Value":"1348627778"}]},{"TestCase":{"Id":"9d5b3ea5-b095-79c0-5697-3c51a8ae8d9e","FullyQualifiedName":"Neoflix.Challenges._01_ConnectToNeo4j.Driver_should_have_been_instantiated","DisplayName":"Driver_should_have_been_instantiated","ExecutorUri":"executor://NUnit3TestExecutor","Source":"C:\\Users\\Guarizzo\\Documents\\GitHub\\Neo4J\\BuildingNeo4jApplicationsWith.NET\\Neoflix.Challenges\\bin\\Debug\\net6.0\\fine-code-coverage\\build-output\\Neoflix.Challenges.dll","CodeFilePath":null,"LineNumber":0,"Properties":[{"Key":{"Id":"NUnit.Seed","Label":"Seed","Category":"","Description":"","Attributes":0,"ValueType":"System.String"},"Value":"1110546426"}]},"Attachments":[],"Outcome":1,"ErrorMessage":null,"ErrorStackTrace":null,"DisplayName":"Driver_should_have_been_instantiated","Messages":[],"ComputerName":"DESKTOP-MNADO4H","Duration":"00:00:00.0003630","StartTime":"2024-01-18T15:46:16.1871071+00:00","EndTime":"2024-01-18T15:46:16.1874701+00:00","Properties":[{"Key":{"Id":"NUnit.Seed","Label":"Seed","Category":"","Description":"","Attributes":0,"ValueType":"System.String"},"Value":"1110546426"}]}],"TestRunStatistics":{"ExecutedTests":2,"Stats":{"Passed":2}},"ActiveTests":[{"Id":"05d19a4b-196c-d96d-2e43-d2387b07b3ab","FullyQualifiedName":"Neoflix.Challenges._01_ConnectToNeo4j.Driver_should_be_able_to_verify_connectivity","DisplayName":"Driver_should_be_able_to_verify_connectivity","ExecutorUri":"executor://NUnit3TestExecutor","Source":"C:\\Users\\Guarizzo\\Documents\\GitHub\\Neo4J\\BuildingNeo4jApplicationsWith.NET\\Neoflix.Challenges\\bin\\Debug\\net6.0\\fine-code-coverage\\build-output\\Neoflix.Challenges.dll","CodeFilePath":null,"LineNumber":0,"Properties":[{"Key":{"Id":"NUnit.Seed","Label":"Seed","Category":"","Description":"","Attributes":0,"ValueType":"System.String"},"Value":"165661624"}]}]}}
TpTrace Verbose: 0 : 7264, 6, 2024/01/18, 12:46:17.677, 507974375782, vstest.console.dll, TestRunRequest:SendTestRunStatsChange: Starting.
TpTrace Verbose: 0 : 7264, 6, 2024/01/18, 12:46:17.677, 507974377866, vstest.console.dll, InProgress is Driver_should_be_able_to_verify_connectivity
TpTrace Verbose: 0 : 7264, 6, 2024/01/18, 12:46:17.677, 507974381174, vstest.console.dll, MulticastDelegateUtilities.SafeInvoke: TestRun.RunStatsChanged: Invoking callbacks was skipped because there are no subscribers.
TpTrace Information: 0 : 7264, 6, 2024/01/18, 12:46:17.677, 507974382272, vstest.console.dll, TestRunRequest:SendTestRunStatsChange: Completed.
TpTrace Verbose: 0 : 7264, 6, 2024/01/18, 12:46:17.677, 507974383360, vstest.console.dll, MulticastDelegateUtilities.SafeInvoke: LengthPrefixCommunicationChannel: MessageReceived: Invoking callback 1/1 for Microsoft.VisualStudio.TestPlatform.CommunicationUtilities.TestRequestSender+<>c__DisplayClass34_0., took 11 ms.
TpTrace Verbose: 0 : 7264, 6, 2024/01/18, 12:46:17.677, 507974384399, vstest.console.dll, TcpClientExtensions.MessageLoopAsync: Polling on remoteEndPoint: 127.0.0.1:51292 localEndPoint: 127.0.0.1:51291
TpTrace Verbose: 0 : 7264, 4, 2024/01/18, 12:46:17.680, 507974407223, vstest.console.dll, MulticastDelegateUtilities.SafeInvoke: InternalTestLoggerEvents.SendTestResult: Invoking callback 1/1 for Microsoft.VisualStudio.TestPlatform.CommandLine.Internal.ConsoleLogger., took 2 ms.
TpTrace Verbose: 0 : 7264, 4, 2024/01/18, 12:46:17.681, 507974415266, vstest.console.dll, MulticastDelegateUtilities.SafeInvoke: InternalTestLoggerEvents.SendTestResult: Invoking callback 1/1 for Microsoft.VisualStudio.TestPlatform.CommandLine.Internal.ConsoleLogger., took 0 ms.
TpTrace Verbose: 0 : 7264, 6, 2024/01/18, 12:46:18.691, 507984516995, vstest.console.dll, TcpClientExtensions.MessageLoopAsync: Polling on remoteEndPoint: 127.0.0.1:51292 localEndPoint: 127.0.0.1:51291
TpTrace Verbose: 0 : 7264, 6, 2024/01/18, 12:46:19.180, 507989404479, vstest.console.dll, TcpClientExtensions.MessageLoopAsync: NotifyDataAvailable remoteEndPoint: 127.0.0.1:51292 localEndPoint: 127.0.0.1:51291
TpTrace Verbose: 0 : 7264, 6, 2024/01/18, 12:46:19.180, 507989408149, vstest.console.dll, TestRequestSender.OnExecutionMessageReceived: Received message: {"Version":5,"MessageType":"TestExecution.StatsChange","Payload":{"NewTestResults":[{"TestCase":{"Id":"05d19a4b-196c-d96d-2e43-d2387b07b3ab","FullyQualifiedName":"Neoflix.Challenges._01_ConnectToNeo4j.Driver_should_be_able_to_verify_connectivity","DisplayName":"Driver_should_be_able_to_verify_connectivity","ExecutorUri":"executor://NUnit3TestExecutor","Source":"C:\\Users\\Guarizzo\\Documents\\GitHub\\Neo4J\\BuildingNeo4jApplicationsWith.NET\\Neoflix.Challenges\\bin\\Debug\\net6.0\\fine-code-coverage\\build-output\\Neoflix.Challenges.dll","CodeFilePath":null,"LineNumber":0,"Properties":[{"Key":{"Id":"NUnit.Seed","Label":"Seed","Category":"","Description":"","Attributes":0,"ValueType":"System.String"},"Value":"165661624"}]},"Attachments":[],"Outcome":1,"ErrorMessage":null,"ErrorStackTrace":null,"DisplayName":"Driver_should_be_able_to_verify_connectivity","Messages":[],"ComputerName":"DESKTOP-MNADO4H","Duration":"00:00:01.7392060","StartTime":"2024-01-18T15:46:16.1875157+00:00","EndTime":"2024-01-18T15:46:17.9268078+00:00","Properties":[{"Key":{"Id":"NUnit.Seed","Label":"Seed","Category":"","Description":"","Attributes":0,"ValueType":"System.String"},"Value":"165661624"}]}],"TestRunStatistics":{"ExecutedTests":3,"Stats":{"Passed":3}},"ActiveTests":[{"Id":"e7aada80-9582-6d75-ed99-fbd39b3f8896","FullyQualifiedName":"Neoflix.Challenges._02_MovieList.AllAsync_should_apply_order_skip_and_limit","DisplayName":"AllAsync_should_apply_order_skip_and_limit","ExecutorUri":"executor://NUnit3TestExecutor","Source":"C:\\Users\\Guarizzo\\Documents\\GitHub\\Neo4J\\BuildingNeo4jApplicationsWith.NET\\Neoflix.Challenges\\bin\\Debug\\net6.0\\fine-code-coverage\\build-output\\Neoflix.Challenges.dll","CodeFilePath":null,"LineNumber":0,"Properties":[{"Key":{"Id":"NUnit.Seed","Label":"Seed","Category":"","Description":"","Attributes":0,"ValueType":"System.String"},"Value":"1856553885"}]}]}}
TpTrace Verbose: 0 : 7264, 6, 2024/01/18, 12:46:19.182, 507989425839, vstest.console.dll, TestRunRequest:SendTestRunStatsChange: Starting.
TpTrace Verbose: 0 : 7264, 6, 2024/01/18, 12:46:19.182, 507989427305, vstest.console.dll, InProgress is AllAsync_should_apply_order_skip_and_limit
TpTrace Verbose: 0 : 7264, 6, 2024/01/18, 12:46:19.182, 507989428329, vstest.console.dll, MulticastDelegateUtilities.SafeInvoke: TestRun.RunStatsChanged: Invoking callbacks was skipped because there are no subscribers.
TpTrace Information: 0 : 7264, 6, 2024/01/18, 12:46:19.182, 507989429333, vstest.console.dll, TestRunRequest:SendTestRunStatsChange: Completed.
TpTrace Verbose: 0 : 7264, 4, 2024/01/18, 12:46:19.182, 507989430021, vstest.console.dll, MulticastDelegateUtilities.SafeInvoke: InternalTestLoggerEvents.SendTestResult: Invoking callback 1/1 for Microsoft.VisualStudio.TestPlatform.CommandLine.Internal.ConsoleLogger., took 0 ms.
TpTrace Verbose: 0 : 7264, 6, 2024/01/18, 12:46:19.182, 507989430384, vstest.console.dll, MulticastDelegateUtilities.SafeInvoke: LengthPrefixCommunicationChannel: MessageReceived: Invoking callback 1/1 for Microsoft.VisualStudio.TestPlatform.CommunicationUtilities.TestRequestSender+<>c__DisplayClass34_0., took 2 ms.
TpTrace Verbose: 0 : 7264, 6, 2024/01/18, 12:46:19.182, 507989432381, vstest.console.dll, TcpClientExtensions.MessageLoopAsync: Polling on remoteEndPoint: 127.0.0.1:51292 localEndPoint: 127.0.0.1:51291
TpTrace Verbose: 0 : 7264, 6, 2024/01/18, 12:46:20.189, 507999501174, vstest.console.dll, TcpClientExtensions.MessageLoopAsync: Polling on remoteEndPoint: 127.0.0.1:51292 localEndPoint: 127.0.0.1:51291
TpTrace Verbose: 0 : 7264, 6, 2024/01/18, 12:46:20.705, 508004657139, vstest.console.dll, TcpClientExtensions.MessageLoopAsync: NotifyDataAvailable remoteEndPoint: 127.0.0.1:51292 localEndPoint: 127.0.0.1:51291
TpTrace Verbose: 0 : 7264, 6, 2024/01/18, 12:46:20.705, 508004663169, vstest.console.dll, TestRequestSender.OnExecutionMessageReceived: Received message: {"Version":5,"MessageType":"TestExecution.StatsChange","Payload":{"NewTestResults":[{"TestCase":{"Id":"e7aada80-9582-6d75-ed99-fbd39b3f8896","FullyQualifiedName":"Neoflix.Challenges._02_MovieList.AllAsync_should_apply_order_skip_and_limit","DisplayName":"AllAsync_should_apply_order_skip_and_limit","ExecutorUri":"executor://NUnit3TestExecutor","Source":"C:\\Users\\Guarizzo\\Documents\\GitHub\\Neo4J\\BuildingNeo4jApplicationsWith.NET\\Neoflix.Challenges\\bin\\Debug\\net6.0\\fine-code-coverage\\build-output\\Neoflix.Challenges.dll","CodeFilePath":null,"LineNumber":0,"Properties":[{"Key":{"Id":"NUnit.Seed","Label":"Seed","Category":"","Description":"","Attributes":0,"ValueType":"System.String"},"Value":"1856553885"}]},"Attachments":[],"Outcome":2,"ErrorMessage":"Neo4j.Driver.ClientException : Expected parameter(s): favorites","ErrorStackTrace":"   at Neo4j.Driver.Internal.MessageHandling.ResponsePipelineError.EnsureThrown()\r\n   at Neo4j.Driver.Internal.Result.ResultCursorBuilder.NextRecordAsync()\r\n   at Neo4j.Driver.Internal.Result.ResultCursor.FetchAsync()\r\n   at Neo4j.Driver.ResultCursorExtensions.ToListAsync(IResultCursor result)\r\n   at Neoflix.Services.MovieService.<>c__DisplayClass2_0.<<AllAsync>b__0>d.MoveNext() in C:\\Users\\Guarizzo\\Documents\\GitHub\\Neo4J\\BuildingNeo4jApplicationsWith.NET\\Neoflix\\Services\\MovieService.cs:line 38\r\n--- End of stack trace from previous location ---\r\n   at Neo4j.Driver.Internal.AsyncSession.<>c__DisplayClass45_0`1.<<RunTransactionAsync>b__1>d.MoveNext()\r\n--- End of stack trace from previous location ---\r\n   at Neo4j.Driver.Internal.AsyncSession.<>c__DisplayClass45_0`1.<<RunTransactionAsync>b__1>d.MoveNext()\r\n--- End of stack trace from previous location ---\r\n   at Neo4j.Driver.Internal.AsyncRetryLogic.RetryAsync[T](Func`1 runTxAsyncFunc)\r\n   at Neo4j.Driver.Internal.Logging.DriverLoggerUtil.TryExecuteAsync[T](ILogger logger, Func`1 func, String message)\r\n   at Neoflix.Services.MovieService.AllAsync(String sort, Ordering order, Int32 limit, Int32 skip, String userId) in C:\\Users\\Guarizzo\\Documents\\GitHub\\Neo4J\\BuildingNeo4jApplicationsWith.NET\\Neoflix\\Services\\MovieService.cs:line 25\r\n   at Neoflix.Challenges._02_MovieList.AllAsync_should_apply_order_skip_and_limit() in C:\\Users\\Guarizzo\\Documents\\GitHub\\Neo4J\\BuildingNeo4jApplicationsWith.NET\\Neoflix.Challenges\\02-MovieList.cs:line 15\r\n   at NUnit.Framework.Internal.TaskAwaitAdapter.GenericAdapter`1.BlockUntilCompleted()\r\n   at NUnit.Framework.Internal.MessagePumpStrategy.NoMessagePumpStrategy.WaitForCompletion(AwaitAdapter awaiter)\r\n   at NUnit.Framework.Internal.AsyncToSyncAdapter.Await(Func`1 invoke)\r\n   at NUnit.Framework.Internal.Commands.TestMethodCommand.RunTestMethod(TestExecutionContext context)\r\n   at NUnit.Framework.Internal.Commands.TestMethodCommand.Execute(TestExecutionContext context)\r\n   at NUnit.Framework.Internal.Execution.SimpleWorkItem.<>c__DisplayClass4_0.<PerformWork>b__0()\r\n   at NUnit.Framework.Internal.ContextUtils.<>c__DisplayClass1_0`1.<DoIsolated>b__0(Object _)\r\n   at System.Threading.ExecutionContext.RunInternal(ExecutionContext executionContext, ContextCallback callback, Object state)\r\n--- End of stack trace from previous location ---\r\n   at System.Threading.ExecutionContext.RunInternal(ExecutionContext executionContext, ContextCallback callback, Object state)\r\n   at System.Threading.ExecutionContext.Run(ExecutionContext executionContext, ContextCallback callback, Object state)\r\n   at NUnit.Framework.Internal.ContextUtils.DoIsolated(ContextCallback callback, Object state)\r\n   at NUnit.Framework.Internal.ContextUtils.DoIsolated[T](Func`1 func)\r\n   at NUnit.Framework.Internal.Execution.SimpleWorkItem.PerformWork()","DisplayName":"AllAsync_should_apply_order_skip_and_limit","Messages":[],"ComputerName":"DESKTOP-MNADO4H","Duration":"00:00:01.2681659","StartTime":"2024-01-18T15:46:17.952304+00:00","EndTime":"2024-01-18T15:46:19.2205334+00:00","Properties":[{"Key":{"Id":"NUnit.Seed","Label":"Seed","Category":"","Description":"","Attributes":0,"ValueType":"System.String"},"Value":"1856553885"}]},{"TestCase":{"Id":"0a89adb1-81d2-771f-e3b6-8c90ba4ab941","FullyQualifiedName":"Neoflix.Challenges._02_MovieList.AllAsync_should_order_movies_by_rating","DisplayName":"AllAsync_should_order_movies_by_rating","ExecutorUri":"executor://NUnit3TestExecutor","Source":"C:\\Users\\Guarizzo\\Documents\\GitHub\\Neo4J\\BuildingNeo4jApplicationsWith.NET\\Neoflix.Challenges\\bin\\Debug\\net6.0\\fine-code-coverage\\build-output\\Neoflix.Challenges.dll","CodeFilePath":null,"LineNumber":0,"Properties":[{"Key":{"Id":"NUnit.Seed","Label":"Seed","Category":"","Description":"","Attributes":0,"ValueType":"System.String"},"Value":"1951984328"}]},"Attachments":[],"Outcome":2,"ErrorMessage":"Neo4j.Driver.ClientException : Expected parameter(s): favorites","ErrorStackTrace":"   at Neo4j.Driver.Internal.MessageHandling.ResponsePipelineError.EnsureThrown()\r\n   at Neo4j.Driver.Internal.Result.ResultCursorBuilder.NextRecordAsync()\r\n   at Neo4j.Driver.Internal.Result.ResultCursor.FetchAsync()\r\n   at Neo4j.Driver.ResultCursorExtensions.ToListAsync(IResultCursor result)\r\n   at Neoflix.Services.MovieService.<>c__DisplayClass2_0.<<AllAsync>b__0>d.MoveNext() in C:\\Users\\Guarizzo\\Documents\\GitHub\\Neo4J\\BuildingNeo4jApplicationsWith.NET\\Neoflix\\Services\\MovieService.cs:line 38\r\n--- End of stack trace from previous location ---\r\n   at Neo4j.Driver.Internal.AsyncSession.<>c__DisplayClass45_0`1.<<RunTransactionAsync>b__1>d.MoveNext()\r\n--- End of stack trace from previous location ---\r\n   at Neo4j.Driver.Internal.AsyncSession.<>c__DisplayClass45_0`1.<<RunTransactionAsync>b__1>d.MoveNext()\r\n--- End of stack trace from previous location ---\r\n   at Neo4j.Driver.Internal.AsyncRetryLogic.RetryAsync[T](Func`1 runTxAsyncFunc)\r\n   at Neo4j.Driver.Internal.Logging.DriverLoggerUtil.TryExecuteAsync[T](ILogger logger, Func`1 func, String message)\r\n   at Neoflix.Services.MovieService.AllAsync(String sort, Ordering order, Int32 limit, Int32 skip, String userId) in C:\\Users\\Guarizzo\\Documents\\GitHub\\Neo4J\\BuildingNeo4jApplicationsWith.NET\\Neoflix\\Services\\MovieService.cs:line 25\r\n   at Neoflix.Challenges._02_MovieList.AllAsync_should_order_movies_by_rating() in C:\\Users\\Guarizzo\\Documents\\GitHub\\Neo4J\\BuildingNeo4jApplicationsWith.NET\\Neoflix.Challenges\\02-MovieList.cs:line 36\r\n   at NUnit.Framework.Internal.TaskAwaitAdapter.GenericAdapter`1.BlockUntilCompleted()\r\n   at NUnit.Framework.Internal.MessagePumpStrategy.NoMessagePumpStrategy.WaitForCompletion(AwaitAdapter awaiter)\r\n   at NUnit.Framework.Internal.AsyncToSyncAdapter.Await(Func`1 invoke)\r\n   at NUnit.Framework.Internal.Commands.TestMethodCommand.RunTestMethod(TestExecutionContext context)\r\n   at NUnit.Framework.Internal.Commands.TestMethodCommand.Execute(TestExecutionContext context)\r\n   at NUnit.Framework.Internal.Execution.SimpleWorkItem.<>c__DisplayClass4_0.<PerformWork>b__0()\r\n   at NUnit.Framework.Internal.ContextUtils.<>c__DisplayClass1_0`1.<DoIsolated>b__0(Object _)\r\n   at System.Threading.ExecutionContext.RunInternal(ExecutionContext executionContext, ContextCallback callback, Object state)\r\n--- End of stack trace from previous location ---\r\n   at System.Threading.ExecutionContext.Run(ExecutionContext executionContext, ContextCallback callback, Object state)\r\n   at NUnit.Framework.Internal.ContextUtils.DoIsolated(ContextCallback callback, Object state)\r\n   at NUnit.Framework.Internal.ContextUtils.DoIsolated[T](Func`1 func)\r\n   at NUnit.Framework.Internal.Execution.SimpleWorkItem.PerformWork()","DisplayName":"AllAsync_should_order_movies_by_rating","Messages":[],"ComputerName":"DESKTOP-MNADO4H","Duration":"00:00:00.7058770","StartTime":"2024-01-18T15:46:19.2207872+00:00","EndTime":"2024-01-18T15:46:19.9266995+00:00","Properties":[{"Key":{"Id":"NUnit.Seed","Label":"Seed","Category":"","Description":"","Attributes":0,"ValueType":"System.String"},"Value":"1951984328"}]}],"TestRunStatistics":{"ExecutedTests":5,"Stats":{"Passed":3,"Failed":2}},"ActiveTests":[]}}
TpTrace Verbose: 0 : 7264, 6, 2024/01/18, 12:46:20.707, 508004682418, vstest.console.dll, TestRunRequest:SendTestRunStatsChange: Starting.
TpTrace Verbose: 0 : 7264, 6, 2024/01/18, 12:46:20.708, 508004685425, vstest.console.dll, MulticastDelegateUtilities.SafeInvoke: TestRun.RunStatsChanged: Invoking callbacks was skipped because there are no subscribers.
TpTrace Information: 0 : 7264, 6, 2024/01/18, 12:46:20.708, 508004686520, vstest.console.dll, TestRunRequest:SendTestRunStatsChange: Completed.
TpTrace Verbose: 0 : 7264, 6, 2024/01/18, 12:46:20.708, 508004687614, vstest.console.dll, MulticastDelegateUtilities.SafeInvoke: LengthPrefixCommunicationChannel: MessageReceived: Invoking callback 1/1 for Microsoft.VisualStudio.TestPlatform.CommunicationUtilities.TestRequestSender+<>c__DisplayClass34_0., took 2 ms.
TpTrace Verbose: 0 : 7264, 6, 2024/01/18, 12:46:20.708, 508004688859, vstest.console.dll, TcpClientExtensions.MessageLoopAsync: Polling on remoteEndPoint: 127.0.0.1:51292 localEndPoint: 127.0.0.1:51291
TpTrace Verbose: 0 : 7264, 4, 2024/01/18, 12:46:20.710, 508004709758, vstest.console.dll, MulticastDelegateUtilities.SafeInvoke: InternalTestLoggerEvents.SendTestResult: Invoking callback 1/1 for Microsoft.VisualStudio.TestPlatform.CommandLine.Internal.ConsoleLogger., took 2 ms.
TpTrace Verbose: 0 : 7264, 4, 2024/01/18, 12:46:20.714, 508004744698, vstest.console.dll, MulticastDelegateUtilities.SafeInvoke: InternalTestLoggerEvents.SendTestResult: Invoking callback 1/1 for Microsoft.VisualStudio.TestPlatform.CommandLine.Internal.ConsoleLogger., took 1 ms.
TpTrace Verbose: 0 : 7264, 6, 2024/01/18, 12:46:21.719, 508014793884, vstest.console.dll, TcpClientExtensions.MessageLoopAsync: Polling on remoteEndPoint: 127.0.0.1:51292 localEndPoint: 127.0.0.1:51291
TpTrace Verbose: 0 : 7264, 6, 2024/01/18, 12:46:22.220, 508019803146, vstest.console.dll, TcpClientExtensions.MessageLoopAsync: NotifyDataAvailable remoteEndPoint: 127.0.0.1:51292 localEndPoint: 127.0.0.1:51291
TpTrace Verbose: 0 : 7264, 6, 2024/01/18, 12:46:22.220, 508019806126, vstest.console.dll, TestRequestSender.OnExecutionMessageReceived: Received message: {"Version":5,"MessageType":"TestExecution.StatsChange","Payload":{"NewTestResults":[],"TestRunStatistics":{"ExecutedTests":5,"Stats":{"Passed":3,"Failed":2}},"ActiveTests":[{"Id":"c428e537-3f9b-1952-c7b8-785887839185","FullyQualifiedName":"Neoflix.Challenges._03_RegisterUsers.RegisterAsync_should_register_a_user","DisplayName":"RegisterAsync_should_register_a_user","ExecutorUri":"executor://NUnit3TestExecutor","Source":"C:\\Users\\Guarizzo\\Documents\\GitHub\\Neo4J\\BuildingNeo4jApplicationsWith.NET\\Neoflix.Challenges\\bin\\Debug\\net6.0\\fine-code-coverage\\build-output\\Neoflix.Challenges.dll","CodeFilePath":null,"LineNumber":0,"Properties":[{"Key":{"Id":"NUnit.Seed","Label":"Seed","Category":"","Description":"","Attributes":0,"ValueType":"System.String"},"Value":"23637464"}]}]}}
TpTrace Verbose: 0 : 7264, 6, 2024/01/18, 12:46:22.220, 508019811040, vstest.console.dll, TestRunRequest:SendTestRunStatsChange: Starting.
TpTrace Verbose: 0 : 7264, 6, 2024/01/18, 12:46:22.220, 508019812508, vstest.console.dll, InProgress is RegisterAsync_should_register_a_user
TpTrace Verbose: 0 : 7264, 6, 2024/01/18, 12:46:22.221, 508019813716, vstest.console.dll, MulticastDelegateUtilities.SafeInvoke: TestRun.RunStatsChanged: Invoking callbacks was skipped because there are no subscribers.
TpTrace Information: 0 : 7264, 6, 2024/01/18, 12:46:22.221, 508019814823, vstest.console.dll, TestRunRequest:SendTestRunStatsChange: Completed.
TpTrace Verbose: 0 : 7264, 6, 2024/01/18, 12:46:22.221, 508019819195, vstest.console.dll, MulticastDelegateUtilities.SafeInvoke: LengthPrefixCommunicationChannel: MessageReceived: Invoking callback 1/1 for Microsoft.VisualStudio.TestPlatform.CommunicationUtilities.TestRequestSender+<>c__DisplayClass34_0., took 1 ms.
TpTrace Verbose: 0 : 7264, 6, 2024/01/18, 12:46:22.221, 508019820554, vstest.console.dll, TcpClientExtensions.MessageLoopAsync: Polling on remoteEndPoint: 127.0.0.1:51292 localEndPoint: 127.0.0.1:51291
TpTrace Verbose: 0 : 7264, 6, 2024/01/18, 12:46:23.237, 508029973140, vstest.console.dll, TcpClientExtensions.MessageLoopAsync: Polling on remoteEndPoint: 127.0.0.1:51292 localEndPoint: 127.0.0.1:51291
TpTrace Verbose: 0 : 7264, 6, 2024/01/18, 12:46:23.757, 508035176972, vstest.console.dll, TcpClientExtensions.MessageLoopAsync: NotifyDataAvailable remoteEndPoint: 127.0.0.1:51292 localEndPoint: 127.0.0.1:51291
TpTrace Verbose: 0 : 7264, 6, 2024/01/18, 12:46:23.757, 508035180371, vstest.console.dll, TestRequestSender.OnExecutionMessageReceived: Received message: {"Version":5,"MessageType":"TestExecution.StatsChange","Payload":{"NewTestResults":[{"TestCase":{"Id":"c428e537-3f9b-1952-c7b8-785887839185","FullyQualifiedName":"Neoflix.Challenges._03_RegisterUsers.RegisterAsync_should_register_a_user","DisplayName":"RegisterAsync_should_register_a_user","ExecutorUri":"executor://NUnit3TestExecutor","Source":"C:\\Users\\Guarizzo\\Documents\\GitHub\\Neo4J\\BuildingNeo4jApplicationsWith.NET\\Neoflix.Challenges\\bin\\Debug\\net6.0\\fine-code-coverage\\build-output\\Neoflix.Challenges.dll","CodeFilePath":null,"LineNumber":0,"Properties":[{"Key":{"Id":"NUnit.Seed","Label":"Seed","Category":"","Description":"","Attributes":0,"ValueType":"System.String"},"Value":"23637464"}]},"Attachments":[],"Outcome":1,"ErrorMessage":null,"ErrorStackTrace":null,"DisplayName":"RegisterAsync_should_register_a_user","Messages":[],"ComputerName":"DESKTOP-MNADO4H","Duration":"00:00:01.9284220","StartTime":"2024-01-18T15:46:21.1584807+00:00","EndTime":"2024-01-18T15:46:23.0869987+00:00","Properties":[{"Key":{"Id":"NUnit.Seed","Label":"Seed","Category":"","Description":"","Attributes":0,"ValueType":"System.String"},"Value":"23637464"}]}],"TestRunStatistics":{"ExecutedTests":6,"Stats":{"Passed":4,"Failed":2}},"ActiveTests":[{"Id":"a76a4040-b44d-eff3-8134-5aed61d15bd8","FullyQualifiedName":"Neoflix.Challenges._04_HandleConstraintErrors.Should_find_a_unique_constraint","DisplayName":"Should_find_a_unique_constraint","ExecutorUri":"executor://NUnit3TestExecutor","Source":"C:\\Users\\Guarizzo\\Documents\\GitHub\\Neo4J\\BuildingNeo4jApplicationsWith.NET\\Neoflix.Challenges\\bin\\Debug\\net6.0\\fine-code-coverage\\build-output\\Neoflix.Challenges.dll","CodeFilePath":null,"LineNumber":0,"Properties":[{"Key":{"Id":"NUnit.Seed","Label":"Seed","Category":"","Description":"","Attributes":0,"ValueType":"System.String"},"Value":"336991757"}]}]}}
TpTrace Verbose: 0 : 7264, 6, 2024/01/18, 12:46:23.758, 508035187625, vstest.console.dll, TestRunRequest:SendTestRunStatsChange: Starting.
TpTrace Verbose: 0 : 7264, 6, 2024/01/18, 12:46:23.758, 508035189231, vstest.console.dll, InProgress is Should_find_a_unique_constraint
TpTrace Verbose: 0 : 7264, 6, 2024/01/18, 12:46:23.758, 508035190393, vstest.console.dll, MulticastDelegateUtilities.SafeInvoke: TestRun.RunStatsChanged: Invoking callbacks was skipped because there are no subscribers.
TpTrace Information: 0 : 7264, 6, 2024/01/18, 12:46:23.758, 508035191427, vstest.console.dll, TestRunRequest:SendTestRunStatsChange: Completed.
TpTrace Verbose: 0 : 7264, 6, 2024/01/18, 12:46:23.759, 508035192960, vstest.console.dll, MulticastDelegateUtilities.SafeInvoke: LengthPrefixCommunicationChannel: MessageReceived: Invoking callback 1/1 for Microsoft.VisualStudio.TestPlatform.CommunicationUtilities.TestRequestSender+<>c__DisplayClass34_0., took 1 ms.
TpTrace Verbose: 0 : 7264, 6, 2024/01/18, 12:46:23.759, 508035194748, vstest.console.dll, TcpClientExtensions.MessageLoopAsync: Polling on remoteEndPoint: 127.0.0.1:51292 localEndPoint: 127.0.0.1:51291
TpTrace Verbose: 0 : 7264, 4, 2024/01/18, 12:46:23.758, 508035191491, vstest.console.dll, MulticastDelegateUtilities.SafeInvoke: InternalTestLoggerEvents.SendTestResult: Invoking callback 1/1 for Microsoft.VisualStudio.TestPlatform.CommandLine.Internal.ConsoleLogger., took 0 ms.
TpTrace Verbose: 0 : 7264, 6, 2024/01/18, 12:46:24.769, 508045293694, vstest.console.dll, TcpClientExtensions.MessageLoopAsync: Polling on remoteEndPoint: 127.0.0.1:51292 localEndPoint: 127.0.0.1:51291
TpTrace Verbose: 0 : 7264, 6, 2024/01/18, 12:46:25.260, 508050202936, vstest.console.dll, TcpClientExtensions.MessageLoopAsync: NotifyDataAvailable remoteEndPoint: 127.0.0.1:51292 localEndPoint: 127.0.0.1:51291
TpTrace Verbose: 0 : 7264, 6, 2024/01/18, 12:46:25.260, 508050206771, vstest.console.dll, TestRequestSender.OnExecutionMessageReceived: Received message: {"Version":5,"MessageType":"TestExecution.StatsChange","Payload":{"NewTestResults":[{"TestCase":{"Id":"a76a4040-b44d-eff3-8134-5aed61d15bd8","FullyQualifiedName":"Neoflix.Challenges._04_HandleConstraintErrors.Should_find_a_unique_constraint","DisplayName":"Should_find_a_unique_constraint","ExecutorUri":"executor://NUnit3TestExecutor","Source":"C:\\Users\\Guarizzo\\Documents\\GitHub\\Neo4J\\BuildingNeo4jApplicationsWith.NET\\Neoflix.Challenges\\bin\\Debug\\net6.0\\fine-code-coverage\\build-output\\Neoflix.Challenges.dll","CodeFilePath":null,"LineNumber":0,"Properties":[{"Key":{"Id":"NUnit.Seed","Label":"Seed","Category":"","Description":"","Attributes":0,"ValueType":"System.String"},"Value":"336991757"}]},"Attachments":[],"Outcome":1,"ErrorMessage":null,"ErrorStackTrace":null,"DisplayName":"Should_find_a_unique_constraint","Messages":[],"ComputerName":"DESKTOP-MNADO4H","Duration":"00:00:01.1945420","StartTime":"2024-01-18T15:46:23.0889587+00:00","EndTime":"2024-01-18T15:46:24.2835602+00:00","Properties":[{"Key":{"Id":"NUnit.Seed","Label":"Seed","Category":"","Description":"","Attributes":0,"ValueType":"System.String"},"Value":"336991757"}]}],"TestRunStatistics":{"ExecutedTests":7,"Stats":{"Passed":5,"Failed":2}},"ActiveTests":[{"Id":"502abebe-c53a-1928-bd4e-bc770ba144af","FullyQualifiedName":"Neoflix.Challenges._04_HandleConstraintErrors.Should_throw_a_ValidationException_when_email_already_exists","DisplayName":"Should_throw_a_ValidationException_when_email_already_exists","ExecutorUri":"executor://NUnit3TestExecutor","Source":"C:\\Users\\Guarizzo\\Documents\\GitHub\\Neo4J\\BuildingNeo4jApplicationsWith.NET\\Neoflix.Challenges\\bin\\Debug\\net6.0\\fine-code-coverage\\build-output\\Neoflix.Challenges.dll","CodeFilePath":null,"LineNumber":0,"Properties":[{"Key":{"Id":"NUnit.Seed","Label":"Seed","Category":"","Description":"","Attributes":0,"ValueType":"System.String"},"Value":"2076893994"}]}]}}
TpTrace Verbose: 0 : 7264, 6, 2024/01/18, 12:46:25.261, 508050212521, vstest.console.dll, TestRunRequest:SendTestRunStatsChange: Starting.
TpTrace Verbose: 0 : 7264, 6, 2024/01/18, 12:46:25.261, 508050213897, vstest.console.dll, InProgress is Should_throw_a_ValidationException_when_email_already_exists
TpTrace Verbose: 0 : 7264, 6, 2024/01/18, 12:46:25.261, 508050214996, vstest.console.dll, MulticastDelegateUtilities.SafeInvoke: TestRun.RunStatsChanged: Invoking callbacks was skipped because there are no subscribers.
TpTrace Verbose: 0 : 7264, 4, 2024/01/18, 12:46:25.261, 508050215954, vstest.console.dll, MulticastDelegateUtilities.SafeInvoke: InternalTestLoggerEvents.SendTestResult: Invoking callback 1/1 for Microsoft.VisualStudio.TestPlatform.CommandLine.Internal.ConsoleLogger., took 0 ms.
TpTrace Information: 0 : 7264, 6, 2024/01/18, 12:46:25.261, 508050216014, vstest.console.dll, TestRunRequest:SendTestRunStatsChange: Completed.
TpTrace Verbose: 0 : 7264, 6, 2024/01/18, 12:46:25.261, 508050218248, vstest.console.dll, MulticastDelegateUtilities.SafeInvoke: LengthPrefixCommunicationChannel: MessageReceived: Invoking callback 1/1 for Microsoft.VisualStudio.TestPlatform.CommunicationUtilities.TestRequestSender+<>c__DisplayClass34_0., took 1 ms.
TpTrace Verbose: 0 : 7264, 6, 2024/01/18, 12:46:25.261, 508050218997, vstest.console.dll, TcpClientExtensions.MessageLoopAsync: Polling on remoteEndPoint: 127.0.0.1:51292 localEndPoint: 127.0.0.1:51291
TpTrace Verbose: 0 : 7264, 6, 2024/01/18, 12:46:26.264, 508060250040, vstest.console.dll, TcpClientExtensions.MessageLoopAsync: Polling on remoteEndPoint: 127.0.0.1:51292 localEndPoint: 127.0.0.1:51291
TpTrace Verbose: 0 : 7264, 6, 2024/01/18, 12:46:26.767, 508065270435, vstest.console.dll, TcpClientExtensions.MessageLoopAsync: NotifyDataAvailable remoteEndPoint: 127.0.0.1:51292 localEndPoint: 127.0.0.1:51291
TpTrace Verbose: 0 : 7264, 6, 2024/01/18, 12:46:26.767, 508065276602, vstest.console.dll, TestRequestSender.OnExecutionMessageReceived: Received message: {"Version":5,"MessageType":"TestExecution.StatsChange","Payload":{"NewTestResults":[{"TestCase":{"Id":"502abebe-c53a-1928-bd4e-bc770ba144af","FullyQualifiedName":"Neoflix.Challenges._04_HandleConstraintErrors.Should_throw_a_ValidationException_when_email_already_exists","DisplayName":"Should_throw_a_ValidationException_when_email_already_exists","ExecutorUri":"executor://NUnit3TestExecutor","Source":"C:\\Users\\Guarizzo\\Documents\\GitHub\\Neo4J\\BuildingNeo4jApplicationsWith.NET\\Neoflix.Challenges\\bin\\Debug\\net6.0\\fine-code-coverage\\build-output\\Neoflix.Challenges.dll","CodeFilePath":null,"LineNumber":0,"Properties":[{"Key":{"Id":"NUnit.Seed","Label":"Seed","Category":"","Description":"","Attributes":0,"ValueType":"System.String"},"Value":"2076893994"}]},"Attachments":[],"Outcome":1,"ErrorMessage":null,"ErrorStackTrace":null,"DisplayName":"Should_throw_a_ValidationException_when_email_already_exists","Messages":[],"ComputerName":"DESKTOP-MNADO4H","Duration":"00:00:01.8387800","StartTime":"2024-01-18T15:46:24.2850805+00:00","EndTime":"2024-01-18T15:46:26.12394+00:00","Properties":[{"Key":{"Id":"NUnit.Seed","Label":"Seed","Category":"","Description":"","Attributes":0,"ValueType":"System.String"},"Value":"2076893994"}]}],"TestRunStatistics":{"ExecutedTests":8,"Stats":{"Passed":6,"Failed":2}},"ActiveTests":[]}}
TpTrace Verbose: 0 : 7264, 6, 2024/01/18, 12:46:26.769, 508065291870, vstest.console.dll, TestRunRequest:SendTestRunStatsChange: Starting.
TpTrace Verbose: 0 : 7264, 6, 2024/01/18, 12:46:26.769, 508065297351, vstest.console.dll, MulticastDelegateUtilities.SafeInvoke: TestRun.RunStatsChanged: Invoking callbacks was skipped because there are no subscribers.
TpTrace Verbose: 0 : 7264, 4, 2024/01/18, 12:46:26.769, 508065299324, vstest.console.dll, MulticastDelegateUtilities.SafeInvoke: InternalTestLoggerEvents.SendTestResult: Invoking callback 1/1 for Microsoft.VisualStudio.TestPlatform.CommandLine.Internal.ConsoleLogger., took 0 ms.
TpTrace Information: 0 : 7264, 6, 2024/01/18, 12:46:26.770, 508065303250, vstest.console.dll, TestRunRequest:SendTestRunStatsChange: Completed.
TpTrace Verbose: 0 : 7264, 6, 2024/01/18, 12:46:26.770, 508065306618, vstest.console.dll, MulticastDelegateUtilities.SafeInvoke: LengthPrefixCommunicationChannel: MessageReceived: Invoking callback 1/1 for Microsoft.VisualStudio.TestPlatform.CommunicationUtilities.TestRequestSender+<>c__DisplayClass34_0., took 3 ms.
TpTrace Verbose: 0 : 7264, 6, 2024/01/18, 12:46:26.770, 508065309695, vstest.console.dll, TcpClientExtensions.MessageLoopAsync: Polling on remoteEndPoint: 127.0.0.1:51292 localEndPoint: 127.0.0.1:51291
TpTrace Verbose: 0 : 7264, 6, 2024/01/18, 12:46:27.779, 508075398506, vstest.console.dll, TcpClientExtensions.MessageLoopAsync: Polling on remoteEndPoint: 127.0.0.1:51292 localEndPoint: 127.0.0.1:51291
TpTrace Verbose: 0 : 7264, 6, 2024/01/18, 12:46:28.282, 508080421947, vstest.console.dll, TcpClientExtensions.MessageLoopAsync: NotifyDataAvailable remoteEndPoint: 127.0.0.1:51292 localEndPoint: 127.0.0.1:51291
TpTrace Verbose: 0 : 7264, 6, 2024/01/18, 12:46:28.282, 508080424917, vstest.console.dll, TestRequestSender.OnExecutionMessageReceived: Received message: {"Version":5,"MessageType":"TestExecution.StatsChange","Payload":{"NewTestResults":[],"TestRunStatistics":{"ExecutedTests":8,"Stats":{"Passed":6,"Failed":2}},"ActiveTests":[{"Id":"fdde1b30-0a8b-e55c-e488-52da41572506","FullyQualifiedName":"Neoflix.Challenges._05_Authentication.AuthenticateAsync_should_authenticate__recently_created_user","DisplayName":"AuthenticateAsync_should_authenticate__recently_created_user","ExecutorUri":"executor://NUnit3TestExecutor","Source":"C:\\Users\\Guarizzo\\Documents\\GitHub\\Neo4J\\BuildingNeo4jApplicationsWith.NET\\Neoflix.Challenges\\bin\\Debug\\net6.0\\fine-code-coverage\\build-output\\Neoflix.Challenges.dll","CodeFilePath":null,"LineNumber":0,"Properties":[{"Key":{"Id":"NUnit.Seed","Label":"Seed","Category":"","Description":"","Attributes":0,"ValueType":"System.String"},"Value":"257557608"}]}]}}
TpTrace Verbose: 0 : 7264, 6, 2024/01/18, 12:46:28.283, 508080430623, vstest.console.dll, TestRunRequest:SendTestRunStatsChange: Starting.
TpTrace Verbose: 0 : 7264, 6, 2024/01/18, 12:46:28.283, 508080431984, vstest.console.dll, InProgress is AuthenticateAsync_should_authenticate__recently_created_user
TpTrace Verbose: 0 : 7264, 6, 2024/01/18, 12:46:28.283, 508080433144, vstest.console.dll, MulticastDelegateUtilities.SafeInvoke: TestRun.RunStatsChanged: Invoking callbacks was skipped because there are no subscribers.
TpTrace Information: 0 : 7264, 6, 2024/01/18, 12:46:28.283, 508080434166, vstest.console.dll, TestRunRequest:SendTestRunStatsChange: Completed.
TpTrace Verbose: 0 : 7264, 6, 2024/01/18, 12:46:28.283, 508080435179, vstest.console.dll, MulticastDelegateUtilities.SafeInvoke: LengthPrefixCommunicationChannel: MessageReceived: Invoking callback 1/1 for Microsoft.VisualStudio.TestPlatform.CommunicationUtilities.TestRequestSender+<>c__DisplayClass34_0., took 1 ms.
TpTrace Verbose: 0 : 7264, 6, 2024/01/18, 12:46:28.283, 508080436196, vstest.console.dll, TcpClientExtensions.MessageLoopAsync: Polling on remoteEndPoint: 127.0.0.1:51292 localEndPoint: 127.0.0.1:51291
TpTrace Verbose: 0 : 7264, 6, 2024/01/18, 12:46:29.294, 508090539823, vstest.console.dll, TcpClientExtensions.MessageLoopAsync: Polling on remoteEndPoint: 127.0.0.1:51292 localEndPoint: 127.0.0.1:51291
TpTrace Verbose: 0 : 7264, 6, 2024/01/18, 12:46:30.104, 508098641528, vstest.console.dll, TcpClientExtensions.MessageLoopAsync: NotifyDataAvailable remoteEndPoint: 127.0.0.1:51292 localEndPoint: 127.0.0.1:51291
TpTrace Verbose: 0 : 7264, 6, 2024/01/18, 12:46:30.104, 508098645893, vstest.console.dll, TestRequestSender.OnExecutionMessageReceived: Received message: {"Version":5,"MessageType":"TestExecution.StatsChange","Payload":{"NewTestResults":[{"TestCase":{"Id":"fdde1b30-0a8b-e55c-e488-52da41572506","FullyQualifiedName":"Neoflix.Challenges._05_Authentication.AuthenticateAsync_should_authenticate__recently_created_user","DisplayName":"AuthenticateAsync_should_authenticate__recently_created_user","ExecutorUri":"executor://NUnit3TestExecutor","Source":"C:\\Users\\Guarizzo\\Documents\\GitHub\\Neo4J\\BuildingNeo4jApplicationsWith.NET\\Neoflix.Challenges\\bin\\Debug\\net6.0\\fine-code-coverage\\build-output\\Neoflix.Challenges.dll","CodeFilePath":null,"LineNumber":0,"Properties":[{"Key":{"Id":"NUnit.Seed","Label":"Seed","Category":"","Description":"","Attributes":0,"ValueType":"System.String"},"Value":"257557608"}]},"Attachments":[],"Outcome":1,"ErrorMessage":null,"ErrorStackTrace":null,"DisplayName":"AuthenticateAsync_should_authenticate__recently_created_user","Messages":[],"ComputerName":"DESKTOP-MNADO4H","Duration":"00:00:01.9121480","StartTime":"2024-01-18T15:46:28.1887214+00:00","EndTime":"2024-01-18T15:46:30.100965+00:00","Properties":[{"Key":{"Id":"NUnit.Seed","Label":"Seed","Category":"","Description":"","Attributes":0,"ValueType":"System.String"},"Value":"257557608"}]}],"TestRunStatistics":{"ExecutedTests":9,"Stats":{"Passed":7,"Failed":2}},"ActiveTests":[{"Id":"e39b9ebb-0eae-7164-d9cc-01946ee72e3c","FullyQualifiedName":"Neoflix.Challenges._05_Authentication.AuthenticateAsync_should_return_false_on_incorrect_password","DisplayName":"AuthenticateAsync_should_return_false_on_incorrect_password","ExecutorUri":"executor://NUnit3TestExecutor","Source":"C:\\Users\\Guarizzo\\Documents\\GitHub\\Neo4J\\BuildingNeo4jApplicationsWith.NET\\Neoflix.Challenges\\bin\\Debug\\net6.0\\fine-code-coverage\\build-output\\Neoflix.Challenges.dll","CodeFilePath":null,"LineNumber":0,"Properties":[{"Key":{"Id":"NUnit.Seed","Label":"Seed","Category":"","Description":"","Attributes":0,"ValueType":"System.String"},"Value":"834610882"}]}]}}
TpTrace Verbose: 0 : 7264, 6, 2024/01/18, 12:46:30.105, 508098653603, vstest.console.dll, TestRunRequest:SendTestRunStatsChange: Starting.
TpTrace Verbose: 0 : 7264, 6, 2024/01/18, 12:46:30.105, 508098655207, vstest.console.dll, InProgress is AuthenticateAsync_should_return_false_on_incorrect_password
TpTrace Verbose: 0 : 7264, 6, 2024/01/18, 12:46:30.105, 508098656659, vstest.console.dll, MulticastDelegateUtilities.SafeInvoke: TestRun.RunStatsChanged: Invoking callbacks was skipped because there are no subscribers.
TpTrace Information: 0 : 7264, 6, 2024/01/18, 12:46:30.105, 508098657985, vstest.console.dll, TestRunRequest:SendTestRunStatsChange: Completed.
TpTrace Verbose: 0 : 7264, 6, 2024/01/18, 12:46:30.106, 508098659451, vstest.console.dll, MulticastDelegateUtilities.SafeInvoke: LengthPrefixCommunicationChannel: MessageReceived: Invoking callback 1/1 for Microsoft.VisualStudio.TestPlatform.CommunicationUtilities.TestRequestSender+<>c__DisplayClass34_0., took 1 ms.
TpTrace Verbose: 0 : 7264, 6, 2024/01/18, 12:46:30.106, 508098660714, vstest.console.dll, TcpClientExtensions.MessageLoopAsync: Polling on remoteEndPoint: 127.0.0.1:51292 localEndPoint: 127.0.0.1:51291
TpTrace Verbose: 0 : 7264, 4, 2024/01/18, 12:46:30.106, 508098662693, vstest.console.dll, MulticastDelegateUtilities.SafeInvoke: InternalTestLoggerEvents.SendTestResult: Invoking callback 1/1 for Microsoft.VisualStudio.TestPlatform.CommandLine.Internal.ConsoleLogger., took 0 ms.
TpTrace Verbose: 0 : 7264, 6, 2024/01/18, 12:46:31.107, 508108675133, vstest.console.dll, TcpClientExtensions.MessageLoopAsync: Polling on remoteEndPoint: 127.0.0.1:51292 localEndPoint: 127.0.0.1:51291
TpTrace Verbose: 0 : 7264, 6, 2024/01/18, 12:46:31.610, 508113701515, vstest.console.dll, TcpClientExtensions.MessageLoopAsync: NotifyDataAvailable remoteEndPoint: 127.0.0.1:51292 localEndPoint: 127.0.0.1:51291
TpTrace Verbose: 0 : 7264, 6, 2024/01/18, 12:46:31.611, 508113708474, vstest.console.dll, TestRequestSender.OnExecutionMessageReceived: Received message: {"Version":5,"MessageType":"TestExecution.StatsChange","Payload":{"NewTestResults":[{"TestCase":{"Id":"e39b9ebb-0eae-7164-d9cc-01946ee72e3c","FullyQualifiedName":"Neoflix.Challenges._05_Authentication.AuthenticateAsync_should_return_false_on_incorrect_password","DisplayName":"AuthenticateAsync_should_return_false_on_incorrect_password","ExecutorUri":"executor://NUnit3TestExecutor","Source":"C:\\Users\\Guarizzo\\Documents\\GitHub\\Neo4J\\BuildingNeo4jApplicationsWith.NET\\Neoflix.Challenges\\bin\\Debug\\net6.0\\fine-code-coverage\\build-output\\Neoflix.Challenges.dll","CodeFilePath":null,"LineNumber":0,"Properties":[{"Key":{"Id":"NUnit.Seed","Label":"Seed","Category":"","Description":"","Attributes":0,"ValueType":"System.String"},"Value":"834610882"}]},"Attachments":[],"Outcome":1,"ErrorMessage":null,"ErrorStackTrace":null,"DisplayName":"AuthenticateAsync_should_return_false_on_incorrect_password","Messages":[],"ComputerName":"DESKTOP-MNADO4H","Duration":"00:00:00.9336920","StartTime":"2024-01-18T15:46:30.1010088+00:00","EndTime":"2024-01-18T15:46:31.0347465+00:00","Properties":[{"Key":{"Id":"NUnit.Seed","Label":"Seed","Category":"","Description":"","Attributes":0,"ValueType":"System.String"},"Value":"834610882"}]}],"TestRunStatistics":{"ExecutedTests":10,"Stats":{"Passed":8,"Failed":2}},"ActiveTests":[{"Id":"aa82cc34-b92b-d09a-5704-f2db637fa0e7","FullyQualifiedName":"Neoflix.Challenges._05_Authentication.AuthenticateAsync_should_return_false_on_incorrect_email","DisplayName":"AuthenticateAsync_should_return_false_on_incorrect_email","ExecutorUri":"executor://NUnit3TestExecutor","Source":"C:\\Users\\Guarizzo\\Documents\\GitHub\\Neo4J\\BuildingNeo4jApplicationsWith.NET\\Neoflix.Challenges\\bin\\Debug\\net6.0\\fine-code-coverage\\build-output\\Neoflix.Challenges.dll","CodeFilePath":null,"LineNumber":0,"Properties":[{"Key":{"Id":"NUnit.Seed","Label":"Seed","Category":"","Description":"","Attributes":0,"ValueType":"System.String"},"Value":"44820411"}]}]}}
TpTrace Verbose: 0 : 7264, 6, 2024/01/18, 12:46:31.612, 508113719393, vstest.console.dll, TestRunRequest:SendTestRunStatsChange: Starting.
TpTrace Verbose: 0 : 7264, 6, 2024/01/18, 12:46:31.612, 508113722398, vstest.console.dll, InProgress is AuthenticateAsync_should_return_false_on_incorrect_email
TpTrace Verbose: 0 : 7264, 6, 2024/01/18, 12:46:31.612, 508113724938, vstest.console.dll, MulticastDelegateUtilities.SafeInvoke: TestRun.RunStatsChanged: Invoking callbacks was skipped because there are no subscribers.
TpTrace Verbose: 0 : 7264, 4, 2024/01/18, 12:46:31.612, 508113727104, vstest.console.dll, MulticastDelegateUtilities.SafeInvoke: InternalTestLoggerEvents.SendTestResult: Invoking callback 1/1 for Microsoft.VisualStudio.TestPlatform.CommandLine.Internal.ConsoleLogger., took 0 ms.
TpTrace Information: 0 : 7264, 6, 2024/01/18, 12:46:31.612, 508113727591, vstest.console.dll, TestRunRequest:SendTestRunStatsChange: Completed.
TpTrace Verbose: 0 : 7264, 6, 2024/01/18, 12:46:31.613, 508113732668, vstest.console.dll, MulticastDelegateUtilities.SafeInvoke: LengthPrefixCommunicationChannel: MessageReceived: Invoking callback 1/1 for Microsoft.VisualStudio.TestPlatform.CommunicationUtilities.TestRequestSender+<>c__DisplayClass34_0., took 2 ms.
TpTrace Verbose: 0 : 7264, 6, 2024/01/18, 12:46:31.613, 508113734768, vstest.console.dll, TcpClientExtensions.MessageLoopAsync: Polling on remoteEndPoint: 127.0.0.1:51292 localEndPoint: 127.0.0.1:51291
TpTrace Verbose: 0 : 7264, 6, 2024/01/18, 12:46:32.616, 508123758916, vstest.console.dll, TcpClientExtensions.MessageLoopAsync: Polling on remoteEndPoint: 127.0.0.1:51292 localEndPoint: 127.0.0.1:51291
TpTrace Verbose: 0 : 7264, 6, 2024/01/18, 12:46:33.130, 508128904899, vstest.console.dll, TcpClientExtensions.MessageLoopAsync: NotifyDataAvailable remoteEndPoint: 127.0.0.1:51292 localEndPoint: 127.0.0.1:51291
TpTrace Verbose: 0 : 7264, 6, 2024/01/18, 12:46:33.131, 508128911011, vstest.console.dll, TestRequestSender.OnExecutionMessageReceived: Received message: {"Version":5,"MessageType":"TestExecution.StatsChange","Payload":{"NewTestResults":[{"TestCase":{"Id":"aa82cc34-b92b-d09a-5704-f2db637fa0e7","FullyQualifiedName":"Neoflix.Challenges._05_Authentication.AuthenticateAsync_should_return_false_on_incorrect_email","DisplayName":"AuthenticateAsync_should_return_false_on_incorrect_email","ExecutorUri":"executor://NUnit3TestExecutor","Source":"C:\\Users\\Guarizzo\\Documents\\GitHub\\Neo4J\\BuildingNeo4jApplicationsWith.NET\\Neoflix.Challenges\\bin\\Debug\\net6.0\\fine-code-coverage\\build-output\\Neoflix.Challenges.dll","CodeFilePath":null,"LineNumber":0,"Properties":[{"Key":{"Id":"NUnit.Seed","Label":"Seed","Category":"","Description":"","Attributes":0,"ValueType":"System.String"},"Value":"44820411"}]},"Attachments":[],"Outcome":1,"ErrorMessage":null,"ErrorStackTrace":null,"DisplayName":"AuthenticateAsync_should_return_false_on_incorrect_email","Messages":[],"ComputerName":"DESKTOP-MNADO4H","Duration":"00:00:00.8002950","StartTime":"2024-01-18T15:46:31.034799+00:00","EndTime":"2024-01-18T15:46:31.8351335+00:00","Properties":[{"Key":{"Id":"NUnit.Seed","Label":"Seed","Category":"","Description":"","Attributes":0,"ValueType":"System.String"},"Value":"44820411"}]}],"TestRunStatistics":{"ExecutedTests":11,"Stats":{"Passed":9,"Failed":2}},"ActiveTests":[]}}
TpTrace Verbose: 0 : 7264, 6, 2024/01/18, 12:46:33.132, 508128924842, vstest.console.dll, TestRunRequest:SendTestRunStatsChange: Starting.
TpTrace Verbose: 0 : 7264, 6, 2024/01/18, 12:46:33.133, 508128929463, vstest.console.dll, MulticastDelegateUtilities.SafeInvoke: TestRun.RunStatsChanged: Invoking callbacks was skipped because there are no subscribers.
TpTrace Information: 0 : 7264, 6, 2024/01/18, 12:46:33.133, 508128932471, vstest.console.dll, TestRunRequest:SendTestRunStatsChange: Completed.
TpTrace Verbose: 0 : 7264, 6, 2024/01/18, 12:46:33.140, 508129000239, vstest.console.dll, MulticastDelegateUtilities.SafeInvoke: LengthPrefixCommunicationChannel: MessageReceived: Invoking callback 1/1 for Microsoft.VisualStudio.TestPlatform.CommunicationUtilities.TestRequestSender+<>c__DisplayClass34_0., took 8 ms.
TpTrace Verbose: 0 : 7264, 4, 2024/01/18, 12:46:33.140, 508129001388, vstest.console.dll, MulticastDelegateUtilities.SafeInvoke: InternalTestLoggerEvents.SendTestResult: Invoking callback 1/1 for Microsoft.VisualStudio.TestPlatform.CommandLine.Internal.ConsoleLogger., took 0 ms.
TpTrace Verbose: 0 : 7264, 6, 2024/01/18, 12:46:33.140, 508129004887, vstest.console.dll, TcpClientExtensions.MessageLoopAsync: Polling on remoteEndPoint: 127.0.0.1:51292 localEndPoint: 127.0.0.1:51291
TpTrace Verbose: 0 : 7264, 6, 2024/01/18, 12:46:34.142, 508139018364, vstest.console.dll, TcpClientExtensions.MessageLoopAsync: Polling on remoteEndPoint: 127.0.0.1:51292 localEndPoint: 127.0.0.1:51291
TpTrace Verbose: 0 : 7264, 6, 2024/01/18, 12:46:34.650, 508144098300, vstest.console.dll, TcpClientExtensions.MessageLoopAsync: NotifyDataAvailable remoteEndPoint: 127.0.0.1:51292 localEndPoint: 127.0.0.1:51291
TpTrace Verbose: 0 : 7264, 6, 2024/01/18, 12:46:34.650, 508144105641, vstest.console.dll, TestRequestSender.OnExecutionMessageReceived: Received message: {"Version":5,"MessageType":"TestExecution.StatsChange","Payload":{"NewTestResults":[],"TestRunStatistics":{"ExecutedTests":11,"Stats":{"Passed":9,"Failed":2}},"ActiveTests":[{"Id":"73b945f9-51d3-418e-946c-58fd39320952","FullyQualifiedName":"Neoflix.Challenges._06_RatingMovies.AddAsync_should_store_rating_as_integer","DisplayName":"AddAsync_should_store_rating_as_integer","ExecutorUri":"executor://NUnit3TestExecutor","Source":"C:\\Users\\Guarizzo\\Documents\\GitHub\\Neo4J\\BuildingNeo4jApplicationsWith.NET\\Neoflix.Challenges\\bin\\Debug\\net6.0\\fine-code-coverage\\build-output\\Neoflix.Challenges.dll","CodeFilePath":null,"LineNumber":0,"Properties":[{"Key":{"Id":"NUnit.Seed","Label":"Seed","Category":"","Description":"","Attributes":0,"ValueType":"System.String"},"Value":"2093027364"}]}]}}
TpTrace Verbose: 0 : 7264, 6, 2024/01/18, 12:46:34.651, 508144115647, vstest.console.dll, TestRunRequest:SendTestRunStatsChange: Starting.
TpTrace Verbose: 0 : 7264, 6, 2024/01/18, 12:46:34.652, 508144118939, vstest.console.dll, InProgress is AddAsync_should_store_rating_as_integer
TpTrace Verbose: 0 : 7264, 6, 2024/01/18, 12:46:34.652, 508144121815, vstest.console.dll, MulticastDelegateUtilities.SafeInvoke: TestRun.RunStatsChanged: Invoking callbacks was skipped because there are no subscribers.
TpTrace Information: 0 : 7264, 6, 2024/01/18, 12:46:34.652, 508144125172, vstest.console.dll, TestRunRequest:SendTestRunStatsChange: Completed.
TpTrace Verbose: 0 : 7264, 6, 2024/01/18, 12:46:34.653, 508144128144, vstest.console.dll, MulticastDelegateUtilities.SafeInvoke: LengthPrefixCommunicationChannel: MessageReceived: Invoking callback 1/1 for Microsoft.VisualStudio.TestPlatform.CommunicationUtilities.TestRequestSender+<>c__DisplayClass34_0., took 2 ms.
TpTrace Verbose: 0 : 7264, 6, 2024/01/18, 12:46:34.653, 508144130980, vstest.console.dll, TcpClientExtensions.MessageLoopAsync: Polling on remoteEndPoint: 127.0.0.1:51292 localEndPoint: 127.0.0.1:51291
TpTrace Verbose: 0 : 7264, 6, 2024/01/18, 12:46:35.663, 508154232133, vstest.console.dll, TcpClientExtensions.MessageLoopAsync: Polling on remoteEndPoint: 127.0.0.1:51292 localEndPoint: 127.0.0.1:51291
TpTrace Verbose: 0 : 7264, 6, 2024/01/18, 12:46:36.161, 508159209135, vstest.console.dll, TcpClientExtensions.MessageLoopAsync: NotifyDataAvailable remoteEndPoint: 127.0.0.1:51292 localEndPoint: 127.0.0.1:51291
TpTrace Verbose: 0 : 7264, 6, 2024/01/18, 12:46:36.161, 508159213387, vstest.console.dll, TestRequestSender.OnExecutionMessageReceived: Received message: {"Version":5,"MessageType":"TestExecution.StatsChange","Payload":{"NewTestResults":[{"TestCase":{"Id":"73b945f9-51d3-418e-946c-58fd39320952","FullyQualifiedName":"Neoflix.Challenges._06_RatingMovies.AddAsync_should_store_rating_as_integer","DisplayName":"AddAsync_should_store_rating_as_integer","ExecutorUri":"executor://NUnit3TestExecutor","Source":"C:\\Users\\Guarizzo\\Documents\\GitHub\\Neo4J\\BuildingNeo4jApplicationsWith.NET\\Neoflix.Challenges\\bin\\Debug\\net6.0\\fine-code-coverage\\build-output\\Neoflix.Challenges.dll","CodeFilePath":null,"LineNumber":0,"Properties":[{"Key":{"Id":"NUnit.Seed","Label":"Seed","Category":"","Description":"","Attributes":0,"ValueType":"System.String"},"Value":"2093027364"}]},"Attachments":[],"Outcome":1,"ErrorMessage":null,"ErrorStackTrace":null,"DisplayName":"AddAsync_should_store_rating_as_integer","Messages":[],"ComputerName":"DESKTOP-MNADO4H","Duration":"00:00:00.8143049","StartTime":"2024-01-18T15:46:33.8387441+00:00","EndTime":"2024-01-18T15:46:34.6530897+00:00","Properties":[{"Key":{"Id":"NUnit.Seed","Label":"Seed","Category":"","Description":"","Attributes":0,"ValueType":"System.String"},"Value":"2093027364"}]}],"TestRunStatistics":{"ExecutedTests":12,"Stats":{"Passed":10,"Failed":2}},"ActiveTests":[{"Id":"c1df3058-36d8-1849-437b-b7dfeeb82ff8","FullyQualifiedName":"Neoflix.Challenges._07_FavoritesList.AddAsync_should_throw_if_the_user_or_movie_do_not_exist","DisplayName":"AddAsync_should_throw_if_the_user_or_movie_do_not_exist","ExecutorUri":"executor://NUnit3TestExecutor","Source":"C:\\Users\\Guarizzo\\Documents\\GitHub\\Neo4J\\BuildingNeo4jApplicationsWith.NET\\Neoflix.Challenges\\bin\\Debug\\net6.0\\fine-code-coverage\\build-output\\Neoflix.Challenges.dll","CodeFilePath":null,"LineNumber":0,"Properties":[{"Key":{"Id":"NUnit.Seed","Label":"Seed","Category":"","Description":"","Attributes":0,"ValueType":"System.String"},"Value":"2118144050"}]}]}}
TpTrace Verbose: 0 : 7264, 6, 2024/01/18, 12:46:36.162, 508159218511, vstest.console.dll, TestRunRequest:SendTestRunStatsChange: Starting.
TpTrace Verbose: 0 : 7264, 6, 2024/01/18, 12:46:36.162, 508159219803, vstest.console.dll, InProgress is AddAsync_should_throw_if_the_user_or_movie_do_not_exist
TpTrace Verbose: 0 : 7264, 6, 2024/01/18, 12:46:36.162, 508159221083, vstest.console.dll, MulticastDelegateUtilities.SafeInvoke: TestRun.RunStatsChanged: Invoking callbacks was skipped because there are no subscribers.
TpTrace Verbose: 0 : 7264, 4, 2024/01/18, 12:46:36.162, 508159222189, vstest.console.dll, MulticastDelegateUtilities.SafeInvoke: InternalTestLoggerEvents.SendTestResult: Invoking callback 1/1 for Microsoft.VisualStudio.TestPlatform.CommandLine.Internal.ConsoleLogger., took 0 ms.
TpTrace Information: 0 : 7264, 6, 2024/01/18, 12:46:36.162, 508159222373, vstest.console.dll, TestRunRequest:SendTestRunStatsChange: Completed.
TpTrace Verbose: 0 : 7264, 6, 2024/01/18, 12:46:36.162, 508159225575, vstest.console.dll, MulticastDelegateUtilities.SafeInvoke: LengthPrefixCommunicationChannel: MessageReceived: Invoking callback 1/1 for Microsoft.VisualStudio.TestPlatform.CommunicationUtilities.TestRequestSender+<>c__DisplayClass34_0., took 1 ms.
TpTrace Verbose: 0 : 7264, 6, 2024/01/18, 12:46:36.163, 508159226443, vstest.console.dll, TcpClientExtensions.MessageLoopAsync: Polling on remoteEndPoint: 127.0.0.1:51292 localEndPoint: 127.0.0.1:51291
TpTrace Verbose: 0 : 7264, 6, 2024/01/18, 12:46:37.171, 508169307815, vstest.console.dll, TcpClientExtensions.MessageLoopAsync: Polling on remoteEndPoint: 127.0.0.1:51292 localEndPoint: 127.0.0.1:51291
TpTrace Verbose: 0 : 7264, 6, 2024/01/18, 12:46:37.674, 508174338628, vstest.console.dll, TcpClientExtensions.MessageLoopAsync: NotifyDataAvailable remoteEndPoint: 127.0.0.1:51292 localEndPoint: 127.0.0.1:51291
TpTrace Verbose: 0 : 7264, 6, 2024/01/18, 12:46:37.675, 508174346718, vstest.console.dll, TestRequestSender.OnExecutionMessageReceived: Received message: {"Version":5,"MessageType":"TestExecution.StatsChange","Payload":{"NewTestResults":[{"TestCase":{"Id":"c1df3058-36d8-1849-437b-b7dfeeb82ff8","FullyQualifiedName":"Neoflix.Challenges._07_FavoritesList.AddAsync_should_throw_if_the_user_or_movie_do_not_exist","DisplayName":"AddAsync_should_throw_if_the_user_or_movie_do_not_exist","ExecutorUri":"executor://NUnit3TestExecutor","Source":"C:\\Users\\Guarizzo\\Documents\\GitHub\\Neo4J\\BuildingNeo4jApplicationsWith.NET\\Neoflix.Challenges\\bin\\Debug\\net6.0\\fine-code-coverage\\build-output\\Neoflix.Challenges.dll","CodeFilePath":null,"LineNumber":0,"Properties":[{"Key":{"Id":"NUnit.Seed","Label":"Seed","Category":"","Description":"","Attributes":0,"ValueType":"System.String"},"Value":"2118144050"}]},"Attachments":[],"Outcome":1,"ErrorMessage":null,"ErrorStackTrace":null,"DisplayName":"AddAsync_should_throw_if_the_user_or_movie_do_not_exist","Messages":[],"ComputerName":"DESKTOP-MNADO4H","Duration":"00:00:00.8168310","StartTime":"2024-01-18T15:46:35.8616779+00:00","EndTime":"2024-01-18T15:46:36.6785494+00:00","Properties":[{"Key":{"Id":"NUnit.Seed","Label":"Seed","Category":"","Description":"","Attributes":0,"ValueType":"System.String"},"Value":"2118144050"}]}],"TestRunStatistics":{"ExecutedTests":13,"Stats":{"Passed":11,"Failed":2}},"ActiveTests":[{"Id":"054d6e26-52ba-778c-eec2-2e0cbef7ccc4","FullyQualifiedName":"Neoflix.Challenges._07_FavoritesList.AddAsync_should_save_movie_to_users_favorites","DisplayName":"AddAsync_should_save_movie_to_users_favorites","ExecutorUri":"executor://NUnit3TestExecutor","Source":"C:\\Users\\Guarizzo\\Documents\\GitHub\\Neo4J\\BuildingNeo4jApplicationsWith.NET\\Neoflix.Challenges\\bin\\Debug\\net6.0\\fine-code-coverage\\build-output\\Neoflix.Challenges.dll","CodeFilePath":null,"LineNumber":0,"Properties":[{"Key":{"Id":"NUnit.Seed","Label":"Seed","Category":"","Description":"","Attributes":0,"ValueType":"System.String"},"Value":"299203235"}]}]}}
TpTrace Verbose: 0 : 7264, 6, 2024/01/18, 12:46:37.676, 508174356673, vstest.console.dll, TestRunRequest:SendTestRunStatsChange: Starting.
TpTrace Verbose: 0 : 7264, 6, 2024/01/18, 12:46:37.676, 508174359469, vstest.console.dll, InProgress is AddAsync_should_save_movie_to_users_favorites
TpTrace Verbose: 0 : 7264, 6, 2024/01/18, 12:46:37.676, 508174361988, vstest.console.dll, MulticastDelegateUtilities.SafeInvoke: TestRun.RunStatsChanged: Invoking callbacks was skipped because there are no subscribers.
TpTrace Verbose: 0 : 7264, 4, 2024/01/18, 12:46:37.676, 508174364179, vstest.console.dll, MulticastDelegateUtilities.SafeInvoke: InternalTestLoggerEvents.SendTestResult: Invoking callback 1/1 for Microsoft.VisualStudio.TestPlatform.CommandLine.Internal.ConsoleLogger., took 0 ms.
TpTrace Information: 0 : 7264, 6, 2024/01/18, 12:46:37.676, 508174364585, vstest.console.dll, TestRunRequest:SendTestRunStatsChange: Completed.
TpTrace Verbose: 0 : 7264, 6, 2024/01/18, 12:46:37.677, 508174369325, vstest.console.dll, MulticastDelegateUtilities.SafeInvoke: LengthPrefixCommunicationChannel: MessageReceived: Invoking callback 1/1 for Microsoft.VisualStudio.TestPlatform.CommunicationUtilities.TestRequestSender+<>c__DisplayClass34_0., took 2 ms.
TpTrace Verbose: 0 : 7264, 6, 2024/01/18, 12:46:37.677, 508174371049, vstest.console.dll, TcpClientExtensions.MessageLoopAsync: Polling on remoteEndPoint: 127.0.0.1:51292 localEndPoint: 127.0.0.1:51291
TpTrace Verbose: 0 : 7264, 6, 2024/01/18, 12:46:38.691, 508184510732, vstest.console.dll, TcpClientExtensions.MessageLoopAsync: Polling on remoteEndPoint: 127.0.0.1:51292 localEndPoint: 127.0.0.1:51291
TpTrace Verbose: 0 : 7264, 6, 2024/01/18, 12:46:39.189, 508189488100, vstest.console.dll, TcpClientExtensions.MessageLoopAsync: NotifyDataAvailable remoteEndPoint: 127.0.0.1:51292 localEndPoint: 127.0.0.1:51291
TpTrace Verbose: 0 : 7264, 6, 2024/01/18, 12:46:39.190, 508189496276, vstest.console.dll, TestRequestSender.OnExecutionMessageReceived: Received message: {"Version":5,"MessageType":"TestExecution.StatsChange","Payload":{"NewTestResults":[{"TestCase":{"Id":"054d6e26-52ba-778c-eec2-2e0cbef7ccc4","FullyQualifiedName":"Neoflix.Challenges._07_FavoritesList.AddAsync_should_save_movie_to_users_favorites","DisplayName":"AddAsync_should_save_movie_to_users_favorites","ExecutorUri":"executor://NUnit3TestExecutor","Source":"C:\\Users\\Guarizzo\\Documents\\GitHub\\Neo4J\\BuildingNeo4jApplicationsWith.NET\\Neoflix.Challenges\\bin\\Debug\\net6.0\\fine-code-coverage\\build-output\\Neoflix.Challenges.dll","CodeFilePath":null,"LineNumber":0,"Properties":[{"Key":{"Id":"NUnit.Seed","Label":"Seed","Category":"","Description":"","Attributes":0,"ValueType":"System.String"},"Value":"299203235"}]},"Attachments":[],"Outcome":1,"ErrorMessage":null,"ErrorStackTrace":null,"DisplayName":"AddAsync_should_save_movie_to_users_favorites","Messages":[],"ComputerName":"DESKTOP-MNADO4H","Duration":"00:00:01.6200490","StartTime":"2024-01-18T15:46:36.6786433+00:00","EndTime":"2024-01-18T15:46:38.2987721+00:00","Properties":[{"Key":{"Id":"NUnit.Seed","Label":"Seed","Category":"","Description":"","Attributes":0,"ValueType":"System.String"},"Value":"299203235"}]}],"TestRunStatistics":{"ExecutedTests":14,"Stats":{"Passed":12,"Failed":2}},"ActiveTests":[{"Id":"ff9bf57d-f25f-c18c-49c6-54a243688390","FullyQualifiedName":"Neoflix.Challenges._07_FavoritesList.AddAsync_should_remove_movie_to_users_favorites","DisplayName":"AddAsync_should_remove_movie_to_users_favorites","ExecutorUri":"executor://NUnit3TestExecutor","Source":"C:\\Users\\Guarizzo\\Documents\\GitHub\\Neo4J\\BuildingNeo4jApplicationsWith.NET\\Neoflix.Challenges\\bin\\Debug\\net6.0\\fine-code-coverage\\build-output\\Neoflix.Challenges.dll","CodeFilePath":null,"LineNumber":0,"Properties":[{"Key":{"Id":"NUnit.Seed","Label":"Seed","Category":"","Description":"","Attributes":0,"ValueType":"System.String"},"Value":"1979674676"}]}]}}
TpTrace Verbose: 0 : 7264, 6, 2024/01/18, 12:46:39.191, 508189509322, vstest.console.dll, TestRunRequest:SendTestRunStatsChange: Starting.
TpTrace Verbose: 0 : 7264, 6, 2024/01/18, 12:46:39.191, 508189512622, vstest.console.dll, InProgress is AddAsync_should_remove_movie_to_users_favorites
TpTrace Verbose: 0 : 7264, 6, 2024/01/18, 12:46:39.192, 508189515935, vstest.console.dll, MulticastDelegateUtilities.SafeInvoke: TestRun.RunStatsChanged: Invoking callbacks was skipped because there are no subscribers.
TpTrace Verbose: 0 : 7264, 4, 2024/01/18, 12:46:39.192, 508189518018, vstest.console.dll, MulticastDelegateUtilities.SafeInvoke: InternalTestLoggerEvents.SendTestResult: Invoking callback 1/1 for Microsoft.VisualStudio.TestPlatform.CommandLine.Internal.ConsoleLogger., took 0 ms.
TpTrace Information: 0 : 7264, 6, 2024/01/18, 12:46:39.192, 508189518579, vstest.console.dll, TestRunRequest:SendTestRunStatsChange: Completed.
TpTrace Verbose: 0 : 7264, 6, 2024/01/18, 12:46:39.193, 508189524657, vstest.console.dll, MulticastDelegateUtilities.SafeInvoke: LengthPrefixCommunicationChannel: MessageReceived: Invoking callback 1/1 for Microsoft.VisualStudio.TestPlatform.CommunicationUtilities.TestRequestSender+<>c__DisplayClass34_0., took 2 ms.
TpTrace Verbose: 0 : 7264, 6, 2024/01/18, 12:46:39.193, 508189527538, vstest.console.dll, TcpClientExtensions.MessageLoopAsync: Polling on remoteEndPoint: 127.0.0.1:51292 localEndPoint: 127.0.0.1:51291
TpTrace Verbose: 0 : 7264, 6, 2024/01/18, 12:46:40.195, 508199552364, vstest.console.dll, TcpClientExtensions.MessageLoopAsync: Polling on remoteEndPoint: 127.0.0.1:51292 localEndPoint: 127.0.0.1:51291
TpTrace Verbose: 0 : 7264, 6, 2024/01/18, 12:46:41.206, 508209659358, vstest.console.dll, TcpClientExtensions.MessageLoopAsync: Polling on remoteEndPoint: 127.0.0.1:51292 localEndPoint: 127.0.0.1:51291
TpTrace Verbose: 0 : 7264, 6, 2024/01/18, 12:46:42.205, 508219651386, vstest.console.dll, TcpClientExtensions.MessageLoopAsync: NotifyDataAvailable remoteEndPoint: 127.0.0.1:51292 localEndPoint: 127.0.0.1:51291
TpTrace Verbose: 0 : 7264, 6, 2024/01/18, 12:46:42.206, 508219657424, vstest.console.dll, TestRequestSender.OnExecutionMessageReceived: Received message: {"Version":5,"MessageType":"TestExecution.StatsChange","Payload":{"NewTestResults":[{"TestCase":{"Id":"ff9bf57d-f25f-c18c-49c6-54a243688390","FullyQualifiedName":"Neoflix.Challenges._07_FavoritesList.AddAsync_should_remove_movie_to_users_favorites","DisplayName":"AddAsync_should_remove_movie_to_users_favorites","ExecutorUri":"executor://NUnit3TestExecutor","Source":"C:\\Users\\Guarizzo\\Documents\\GitHub\\Neo4J\\BuildingNeo4jApplicationsWith.NET\\Neoflix.Challenges\\bin\\Debug\\net6.0\\fine-code-coverage\\build-output\\Neoflix.Challenges.dll","CodeFilePath":null,"LineNumber":0,"Properties":[{"Key":{"Id":"NUnit.Seed","Label":"Seed","Category":"","Description":"","Attributes":0,"ValueType":"System.String"},"Value":"1979674676"}]},"Attachments":[],"Outcome":1,"ErrorMessage":null,"ErrorStackTrace":null,"DisplayName":"AddAsync_should_remove_movie_to_users_favorites","Messages":[],"ComputerName":"DESKTOP-MNADO4H","Duration":"00:00:03.4748460","StartTime":"2024-01-18T15:46:38.2988504+00:00","EndTime":"2024-01-18T15:46:41.7738688+00:00","Properties":[{"Key":{"Id":"NUnit.Seed","Label":"Seed","Category":"","Description":"","Attributes":0,"ValueType":"System.String"},"Value":"1979674676"}]}],"TestRunStatistics":{"ExecutedTests":15,"Stats":{"Passed":13,"Failed":2}},"ActiveTests":[]}}
TpTrace Verbose: 0 : 7264, 6, 2024/01/18, 12:46:42.207, 508219669745, vstest.console.dll, TestRunRequest:SendTestRunStatsChange: Starting.
TpTrace Verbose: 0 : 7264, 6, 2024/01/18, 12:46:42.208, 508219673510, vstest.console.dll, MulticastDelegateUtilities.SafeInvoke: TestRun.RunStatsChanged: Invoking callbacks was skipped because there are no subscribers.
TpTrace Information: 0 : 7264, 6, 2024/01/18, 12:46:42.208, 508219676627, vstest.console.dll, TestRunRequest:SendTestRunStatsChange: Completed.
TpTrace Verbose: 0 : 7264, 4, 2024/01/18, 12:46:42.208, 508219675394, vstest.console.dll, MulticastDelegateUtilities.SafeInvoke: InternalTestLoggerEvents.SendTestResult: Invoking callback 1/1 for Microsoft.VisualStudio.TestPlatform.CommandLine.Internal.ConsoleLogger., took 0 ms.
TpTrace Verbose: 0 : 7264, 6, 2024/01/18, 12:46:42.208, 508219679654, vstest.console.dll, MulticastDelegateUtilities.SafeInvoke: LengthPrefixCommunicationChannel: MessageReceived: Invoking callback 1/1 for Microsoft.VisualStudio.TestPlatform.CommunicationUtilities.TestRequestSender+<>c__DisplayClass34_0., took 2 ms.
TpTrace Verbose: 0 : 7264, 6, 2024/01/18, 12:46:42.209, 508219685610, vstest.console.dll, TcpClientExtensions.MessageLoopAsync: Polling on remoteEndPoint: 127.0.0.1:51292 localEndPoint: 127.0.0.1:51291
TpTrace Verbose: 0 : 7264, 6, 2024/01/18, 12:46:43.220, 508229800965, vstest.console.dll, TcpClientExtensions.MessageLoopAsync: Polling on remoteEndPoint: 127.0.0.1:51292 localEndPoint: 127.0.0.1:51291
TpTrace Verbose: 0 : 7264, 6, 2024/01/18, 12:46:43.720, 508234793605, vstest.console.dll, TcpClientExtensions.MessageLoopAsync: NotifyDataAvailable remoteEndPoint: 127.0.0.1:51292 localEndPoint: 127.0.0.1:51291
TpTrace Verbose: 0 : 7264, 6, 2024/01/18, 12:46:43.720, 508234799290, vstest.console.dll, TestRequestSender.OnExecutionMessageReceived: Received message: {"Version":5,"MessageType":"TestExecution.StatsChange","Payload":{"NewTestResults":[{"TestCase":{"Id":"3861213c-faef-fe9d-a064-5ffa14b54a2c","FullyQualifiedName":"Neoflix.Challenges._08_FavoriteFlag.AllAsync_should_return_true_for_all_items","DisplayName":"AllAsync_should_return_true_for_all_items","ExecutorUri":"executor://NUnit3TestExecutor","Source":"C:\\Users\\Guarizzo\\Documents\\GitHub\\Neo4J\\BuildingNeo4jApplicationsWith.NET\\Neoflix.Challenges\\bin\\Debug\\net6.0\\fine-code-coverage\\build-output\\Neoflix.Challenges.dll","CodeFilePath":null,"LineNumber":0,"Properties":[{"Key":{"Id":"NUnit.Seed","Label":"Seed","Category":"","Description":"","Attributes":0,"ValueType":"System.String"},"Value":"1995503726"}]},"Attachments":[],"Outcome":2,"ErrorMessage":"Neo4j.Driver.ClientException : Expected parameter(s): favorites","ErrorStackTrace":"   at Neo4j.Driver.Internal.MessageHandling.ResponsePipelineError.EnsureThrown()\r\n   at Neo4j.Driver.Internal.Result.ResultCursorBuilder.NextRecordAsync()\r\n   at Neo4j.Driver.Internal.Result.ResultCursor.FetchAsync()\r\n   at Neo4j.Driver.ResultCursorExtensions.ToListAsync(IResultCursor result)\r\n   at Neoflix.Services.MovieService.<>c__DisplayClass2_0.<<AllAsync>b__0>d.MoveNext() in C:\\Users\\Guarizzo\\Documents\\GitHub\\Neo4J\\BuildingNeo4jApplicationsWith.NET\\Neoflix\\Services\\MovieService.cs:line 38\r\n--- End of stack trace from previous location ---\r\n   at Neo4j.Driver.Internal.AsyncSession.<>c__DisplayClass45_0`1.<<RunTransactionAsync>b__1>d.MoveNext()\r\n--- End of stack trace from previous location ---\r\n   at Neo4j.Driver.Internal.AsyncSession.<>c__DisplayClass45_0`1.<<RunTransactionAsync>b__1>d.MoveNext()\r\n--- End of stack trace from previous location ---\r\n   at Neo4j.Driver.Internal.AsyncRetryLogic.RetryAsync[T](Func`1 runTxAsyncFunc)\r\n   at Neo4j.Driver.Internal.Logging.DriverLoggerUtil.TryExecuteAsync[T](ILogger logger, Func`1 func, String message)\r\n   at Neoflix.Services.MovieService.AllAsync(String sort, Ordering order, Int32 limit, Int32 skip, String userId) in C:\\Users\\Guarizzo\\Documents\\GitHub\\Neo4J\\BuildingNeo4jApplicationsWith.NET\\Neoflix\\Services\\MovieService.cs:line 25\r\n   at Neoflix.Challenges._08_FavoriteFlag.AllAsync_should_return_true_for_all_items() in C:\\Users\\Guarizzo\\Documents\\GitHub\\Neo4J\\BuildingNeo4jApplicationsWith.NET\\Neoflix.Challenges\\08-FavoriteFlag.cs:line 30\r\n   at NUnit.Framework.Internal.TaskAwaitAdapter.GenericAdapter`1.BlockUntilCompleted()\r\n   at NUnit.Framework.Internal.MessagePumpStrategy.NoMessagePumpStrategy.WaitForCompletion(AwaitAdapter awaiter)\r\n   at NUnit.Framework.Internal.AsyncToSyncAdapter.Await(Func`1 invoke)\r\n   at NUnit.Framework.Internal.Commands.TestMethodCommand.RunTestMethod(TestExecutionContext context)\r\n   at NUnit.Framework.Internal.Commands.TestMethodCommand.Execute(TestExecutionContext context)\r\n   at NUnit.Framework.Internal.Execution.SimpleWorkItem.<>c__DisplayClass4_0.<PerformWork>b__0()\r\n   at NUnit.Framework.Internal.ContextUtils.<>c__DisplayClass1_0`1.<DoIsolated>b__0(Object _)\r\n   at System.Threading.ExecutionContext.RunInternal(ExecutionContext executionContext, ContextCallback callback, Object state)\r\n--- End of stack trace from previous location ---\r\n   at System.Threading.ExecutionContext.Run(ExecutionContext executionContext, ContextCallback callback, Object state)\r\n   at NUnit.Framework.Internal.ContextUtils.DoIsolated(ContextCallback callback, Object state)\r\n   at NUnit.Framework.Internal.ContextUtils.DoIsolated[T](Func`1 func)\r\n   at NUnit.Framework.Internal.Execution.SimpleWorkItem.PerformWork()","DisplayName":"AllAsync_should_return_true_for_all_items","Messages":[],"ComputerName":"DESKTOP-MNADO4H","Duration":"00:00:00.6945180","StartTime":"2024-01-18T15:46:42.9841947+00:00","EndTime":"2024-01-18T15:46:43.6787476+00:00","Properties":[{"Key":{"Id":"NUnit.Seed","Label":"Seed","Category":"","Description":"","Attributes":0,"ValueType":"System.String"},"Value":"1995503726"}]}],"TestRunStatistics":{"ExecutedTests":16,"Stats":{"Passed":13,"Failed":3}},"ActiveTests":[{"Id":"2b6f9fb3-a8c5-c861-8605-3dd04e994258","FullyQualifiedName":"Neoflix.Challenges._09_GenreList.AllAsync_should_retrieve_list_of_genres","DisplayName":"AllAsync_should_retrieve_list_of_genres","ExecutorUri":"executor://NUnit3TestExecutor","Source":"C:\\Users\\Guarizzo\\Documents\\GitHub\\Neo4J\\BuildingNeo4jApplicationsWith.NET\\Neoflix.Challenges\\bin\\Debug\\net6.0\\fine-code-coverage\\build-output\\Neoflix.Challenges.dll","CodeFilePath":null,"LineNumber":0,"Properties":[{"Key":{"Id":"NUnit.Seed","Label":"Seed","Category":"","Description":"","Attributes":0,"ValueType":"System.String"},"Value":"186369636"}]}]}}
TpTrace Verbose: 0 : 7264, 6, 2024/01/18, 12:46:43.721, 508234808318, vstest.console.dll, TestRunRequest:SendTestRunStatsChange: Starting.
TpTrace Verbose: 0 : 7264, 6, 2024/01/18, 12:46:43.721, 508234810265, vstest.console.dll, InProgress is AllAsync_should_retrieve_list_of_genres
TpTrace Verbose: 0 : 7264, 6, 2024/01/18, 12:46:43.722, 508234811877, vstest.console.dll, MulticastDelegateUtilities.SafeInvoke: TestRun.RunStatsChanged: Invoking callbacks was skipped because there are no subscribers.
TpTrace Information: 0 : 7264, 6, 2024/01/18, 12:46:43.722, 508234813312, vstest.console.dll, TestRunRequest:SendTestRunStatsChange: Completed.
TpTrace Verbose: 0 : 7264, 6, 2024/01/18, 12:46:43.722, 508234814962, vstest.console.dll, MulticastDelegateUtilities.SafeInvoke: LengthPrefixCommunicationChannel: MessageReceived: Invoking callback 1/1 for Microsoft.VisualStudio.TestPlatform.CommunicationUtilities.TestRequestSender+<>c__DisplayClass34_0., took 1 ms.
TpTrace Verbose: 0 : 7264, 6, 2024/01/18, 12:46:43.722, 508234816455, vstest.console.dll, TcpClientExtensions.MessageLoopAsync: Polling on remoteEndPoint: 127.0.0.1:51292 localEndPoint: 127.0.0.1:51291
TpTrace Verbose: 0 : 7264, 4, 2024/01/18, 12:46:43.722, 508234819673, vstest.console.dll, MulticastDelegateUtilities.SafeInvoke: InternalTestLoggerEvents.SendTestResult: Invoking callback 1/1 for Microsoft.VisualStudio.TestPlatform.CommandLine.Internal.ConsoleLogger., took 0 ms.
TpTrace Verbose: 0 : 7264, 6, 2024/01/18, 12:46:43.841, 508236008731, vstest.console.dll, TcpClientExtensions.MessageLoopAsync: NotifyDataAvailable remoteEndPoint: 127.0.0.1:51292 localEndPoint: 127.0.0.1:51291
TpTrace Verbose: 0 : 7264, 6, 2024/01/18, 12:46:43.841, 508236011272, vstest.console.dll, TestRequestSender.OnExecutionMessageReceived: Received message: {"Version":5,"MessageType":"TestSession.Message","Payload":{"MessageLevel":0,"Message":"Here is the answer to the quiz question on the lesson:\r\nWhat is the title of the most similar movie to Lock, Stock & Two Smoking Barrels?\r\nCopy and paste the following answer into the text box: Shawshank Redemption, The\r\n"}}
TpTrace Verbose: 0 : 7264, 6, 2024/01/18, 12:46:43.842, 508236013396, vstest.console.dll, TestRunRequest:SendTestRunMessage: Starting.
TpTrace Verbose: 0 : 7264, 6, 2024/01/18, 12:46:43.842, 508236015415, vstest.console.dll, MulticastDelegateUtilities.SafeInvoke: TestRun.LogMessages: Invoking callback 1/1 for Microsoft.VisualStudio.TestPlatform.CommandLine.TestRunResultAggregator., took 0 ms.
TpTrace Information: 0 : 7264, 6, 2024/01/18, 12:46:43.842, 508236016696, vstest.console.dll, TestRunRequest:SendTestRunMessage: Completed.
TpTrace Verbose: 0 : 7264, 6, 2024/01/18, 12:46:43.842, 508236017997, vstest.console.dll, MulticastDelegateUtilities.SafeInvoke: LengthPrefixCommunicationChannel: MessageReceived: Invoking callback 1/1 for Microsoft.VisualStudio.TestPlatform.CommunicationUtilities.TestRequestSender+<>c__DisplayClass34_0., took 0 ms.
TpTrace Verbose: 0 : 7264, 6, 2024/01/18, 12:46:43.842, 508236019617, vstest.console.dll, TcpClientExtensions.MessageLoopAsync: Polling on remoteEndPoint: 127.0.0.1:51292 localEndPoint: 127.0.0.1:51291
TpTrace Verbose: 0 : 7264, 4, 2024/01/18, 12:46:43.842, 508236018415, vstest.console.dll, MulticastDelegateUtilities.SafeInvoke: InternalTestLoggerEvents.SendTestRunMessage: Invoking callback 1/1 for Microsoft.VisualStudio.TestPlatform.CommandLine.Internal.ConsoleLogger., took 0 ms.
TpTrace Verbose: 0 : 7264, 6, 2024/01/18, 12:46:43.856, 508236154255, vstest.console.dll, TcpClientExtensions.MessageLoopAsync: NotifyDataAvailable remoteEndPoint: 127.0.0.1:51292 localEndPoint: 127.0.0.1:51291
TpTrace Verbose: 0 : 7264, 6, 2024/01/18, 12:46:43.857, 508236165458, vstest.console.dll, TestRequestSender.OnExecutionMessageReceived: Received message: {"Version":5,"MessageType":"TestExecution.StatsChange","Payload":{"NewTestResults":[{"TestCase":{"Id":"2b6f9fb3-a8c5-c861-8605-3dd04e994258","FullyQualifiedName":"Neoflix.Challenges._09_GenreList.AllAsync_should_retrieve_list_of_genres","DisplayName":"AllAsync_should_retrieve_list_of_genres","ExecutorUri":"executor://NUnit3TestExecutor","Source":"C:\\Users\\Guarizzo\\Documents\\GitHub\\Neo4J\\BuildingNeo4jApplicationsWith.NET\\Neoflix.Challenges\\bin\\Debug\\net6.0\\fine-code-coverage\\build-output\\Neoflix.Challenges.dll","CodeFilePath":null,"LineNumber":0,"Properties":[{"Key":{"Id":"NUnit.Seed","Label":"Seed","Category":"","Description":"","Attributes":0,"ValueType":"System.String"},"Value":"186369636"}]},"Attachments":[],"Outcome":2,"ErrorMessage":"  Expected: 19\r\n  But was:  8\r\n","ErrorStackTrace":"   at Neoflix.Challenges._09_GenreList.AllAsync_should_retrieve_list_of_genres() in C:\\Users\\Guarizzo\\Documents\\GitHub\\Neo4J\\BuildingNeo4jApplicationsWith.NET\\Neoflix.Challenges\\09-GenreList.cs:line 19\r\n   at NUnit.Framework.Internal.TaskAwaitAdapter.GenericAdapter`1.GetResult()\r\n   at NUnit.Framework.Internal.AsyncToSyncAdapter.Await(Func`1 invoke)\r\n   at NUnit.Framework.Internal.Commands.TestMethodCommand.RunTestMethod(TestExecutionContext context)\r\n   at NUnit.Framework.Internal.Commands.TestMethodCommand.Execute(TestExecutionContext context)\r\n   at NUnit.Framework.Internal.Execution.SimpleWorkItem.<>c__DisplayClass4_0.<PerformWork>b__0()\r\n   at NUnit.Framework.Internal.ContextUtils.<>c__DisplayClass1_0`1.<DoIsolated>b__0(Object _)\r\n","DisplayName":"AllAsync_should_retrieve_list_of_genres","Messages":[],"ComputerName":"DESKTOP-MNADO4H","Duration":"00:00:00.0870740","StartTime":"2024-01-18T15:46:43.6834537+00:00","EndTime":"2024-01-18T15:46:43.7705323+00:00","Properties":[{"Key":{"Id":"NUnit.Seed","Label":"Seed","Category":"","Description":"","Attributes":0,"ValueType":"System.String"},"Value":"186369636"}]},{"TestCase":{"Id":"671963cd-799b-b3a1-91b8-2dfd200f8d0f","FullyQualifiedName":"Neoflix.Challenges._10_GenreDetails.FindAsync_should_retrieve_details_by_name","DisplayName":"FindAsync_should_retrieve_details_by_name","ExecutorUri":"executor://NUnit3TestExecutor","Source":"C:\\Users\\Guarizzo\\Documents\\GitHub\\Neo4J\\BuildingNeo4jApplicationsWith.NET\\Neoflix.Challenges\\bin\\Debug\\net6.0\\fine-code-coverage\\build-output\\Neoflix.Challenges.dll","CodeFilePath":null,"LineNumber":0,"Properties":[{"Key":{"Id":"NUnit.Seed","Label":"Seed","Category":"","Description":"","Attributes":0,"ValueType":"System.String"},"Value":"1000332780"}]},"Attachments":[],"Outcome":2,"ErrorMessage":"System.InvalidOperationException : Sequence contains no matching element","ErrorStackTrace":"   at System.Linq.ThrowHelper.ThrowNoMatchException()\r\n   at System.Linq.Enumerable.First[TSource](IEnumerable`1 source, Func`2 predicate)\r\n   at Neoflix.Services.GenreService.FindGenreAsync(String name) in C:\\Users\\Guarizzo\\Documents\\GitHub\\Neo4J\\BuildingNeo4jApplicationsWith.NET\\Neoflix\\Services\\GenreService.cs:line 69\r\n   at Neoflix.Challenges._10_GenreDetails.FindAsync_should_retrieve_details_by_name() in C:\\Users\\Guarizzo\\Documents\\GitHub\\Neo4J\\BuildingNeo4jApplicationsWith.NET\\Neoflix.Challenges\\10-GenreDetails.cs:line 15\r\n   at NUnit.Framework.Internal.TaskAwaitAdapter.GenericAdapter`1.GetResult()\r\n   at NUnit.Framework.Internal.AsyncToSyncAdapter.Await(Func`1 invoke)\r\n   at NUnit.Framework.Internal.Commands.TestMethodCommand.RunTestMethod(TestExecutionContext context)\r\n   at NUnit.Framework.Internal.Commands.TestMethodCommand.Execute(TestExecutionContext context)\r\n   at NUnit.Framework.Internal.Execution.SimpleWorkItem.<>c__DisplayClass4_0.<PerformWork>b__0()\r\n   at NUnit.Framework.Internal.ContextUtils.<>c__DisplayClass1_0`1.<DoIsolated>b__0(Object _)\r\n   at System.Threading.ExecutionContext.RunInternal(ExecutionContext executionContext, ContextCallback callback, Object state)\r\n--- End of stack trace from previous location ---\r\n   at System.Threading.ExecutionContext.Run(ExecutionContext executionContext, ContextCallback callback, Object state)\r\n   at NUnit.Framework.Internal.ContextUtils.DoIsolated(ContextCallback callback, Object state)\r\n   at NUnit.Framework.Internal.ContextUtils.DoIsolated[T](Func`1 func)\r\n   at NUnit.Framework.Internal.Execution.SimpleWorkItem.PerformWork()","DisplayName":"FindAsync_should_retrieve_details_by_name","Messages":[],"ComputerName":"DESKTOP-MNADO4H","Duration":"00:00:00.0116069","StartTime":"2024-01-18T15:46:43.7711572+00:00","EndTime":"2024-01-18T15:46:43.7827649+00:00","Properties":[{"Key":{"Id":"NUnit.Seed","Label":"Seed","Category":"","Description":"","Attributes":0,"ValueType":"System.String"},"Value":"1000332780"}]},{"TestCase":{"Id":"eeeacd3e-9b95-f6a7-7405-68b822b5ebf0","FullyQualifiedName":"Neoflix.Challenges._11_MovieLists.GetByGenreAsync_should_return_paginated_list_of_movies_by_genre","DisplayName":"GetByGenreAsync_should_return_paginated_list_of_movies_by_genre","ExecutorUri":"executor://NUnit3TestExecutor","Source":"C:\\Users\\Guarizzo\\Documents\\GitHub\\Neo4J\\BuildingNeo4jApplicationsWith.NET\\Neoflix.Challenges\\bin\\Debug\\net6.0\\fine-code-coverage\\build-output\\Neoflix.Challenges.dll","CodeFilePath":null,"LineNumber":0,"Properties":[{"Key":{"Id":"NUnit.Seed","Label":"Seed","Category":"","Description":"","Attributes":0,"ValueType":"System.String"},"Value":"1823993204"}]},"Attachments":[],"Outcome":2,"ErrorMessage":"  Expected: 10\r\n  But was:  6\r\n","ErrorStackTrace":"   at Neoflix.Challenges._11_MovieLists.GetByGenreAsync_should_return_paginated_list_of_movies_by_genre() in C:\\Users\\Guarizzo\\Documents\\GitHub\\Neo4J\\BuildingNeo4jApplicationsWith.NET\\Neoflix.Challenges\\11-MovieLists.cs:line 25\r\n   at NUnit.Framework.Internal.TaskAwaitAdapter.GenericAdapter`1.GetResult()\r\n   at NUnit.Framework.Internal.AsyncToSyncAdapter.Await(Func`1 invoke)\r\n   at NUnit.Framework.Internal.Commands.TestMethodCommand.RunTestMethod(TestExecutionContext context)\r\n   at NUnit.Framework.Internal.Commands.TestMethodCommand.Execute(TestExecutionContext context)\r\n   at NUnit.Framework.Internal.Execution.SimpleWorkItem.<>c__DisplayClass4_0.<PerformWork>b__0()\r\n   at NUnit.Framework.Internal.ContextUtils.<>c__DisplayClass1_0`1.<DoIsolated>b__0(Object _)\r\n","DisplayName":"GetByGenreAsync_should_return_paginated_list_of_movies_by_genre","Messages":[],"ComputerName":"DESKTOP-MNADO4H","Duration":"00:00:00.0062430","StartTime":"2024-01-18T15:46:43.7836902+00:00","EndTime":"2024-01-18T15:46:43.7899491+00:00","Properties":[{"Key":{"Id":"NUnit.Seed","Label":"Seed","Category":"","Description":"","Attributes":0,"ValueType":"System.String"},"Value":"1823993204"}]},{"TestCase":{"Id":"5051dd52-3e7f-d84a-a6aa-bbe32db8ad95","FullyQualifiedName":"Neoflix.Challenges._11_MovieLists.GetForActorAsync_should_return_paginated_list","DisplayName":"GetForActorAsync_should_return_paginated_list","ExecutorUri":"executor://NUnit3TestExecutor","Source":"C:\\Users\\Guarizzo\\Documents\\GitHub\\Neo4J\\BuildingNeo4jApplicationsWith.NET\\Neoflix.Challenges\\bin\\Debug\\net6.0\\fine-code-coverage\\build-output\\Neoflix.Challenges.dll","CodeFilePath":null,"LineNumber":0,"Properties":[{"Key":{"Id":"NUnit.Seed","Label":"Seed","Category":"","Description":"","Attributes":0,"ValueType":"System.String"},"Value":"1689008032"}]},"Attachments":[],"Outcome":2,"ErrorMessage":"  Expected: not equal to \"Godfather: Part III, The\"\r\n  But was:  \"Godfather: Part III, The\"\r\n","ErrorStackTrace":"   at Neoflix.Challenges._11_MovieLists.GetForActorAsync_should_return_paginated_list() in C:\\Users\\Guarizzo\\Documents\\GitHub\\Neo4J\\BuildingNeo4jApplicationsWith.NET\\Neoflix.Challenges\\11-MovieLists.cs:line 68\r\n   at NUnit.Framework.Internal.TaskAwaitAdapter.GenericAdapter`1.GetResult()\r\n   at NUnit.Framework.Internal.AsyncToSyncAdapter.Await(Func`1 invoke)\r\n   at NUnit.Framework.Internal.Commands.TestMethodCommand.RunTestMethod(TestExecutionContext context)\r\n   at NUnit.Framework.Internal.Commands.TestMethodCommand.Execute(TestExecutionContext context)\r\n   at NUnit.Framework.Internal.Execution.SimpleWorkItem.<>c__DisplayClass4_0.<PerformWork>b__0()\r\n   at NUnit.Framework.Internal.ContextUtils.<>c__DisplayClass1_0`1.<DoIsolated>b__0(Object _)\r\n","DisplayName":"GetForActorAsync_should_return_paginated_list","Messages":[],"ComputerName":"DESKTOP-MNADO4H","Duration":"00:00:00.0086230","StartTime":"2024-01-18T15:46:43.7899982+00:00","EndTime":"2024-01-18T15:46:43.7986218+00:00","Properties":[{"Key":{"Id":"NUnit.Seed","Label":"Seed","Category":"","Description":"","Attributes":0,"ValueType":"System.String"},"Value":"1689008032"}]},{"TestCase":{"Id":"939f5aae-02c2-6445-b0b8-c20e1f8dd516","FullyQualifiedName":"Neoflix.Challenges._11_MovieLists.GetForDirectorAsync_should_return_paginated_list","DisplayName":"GetForDirectorAsync_should_return_paginated_list","ExecutorUri":"executor://NUnit3TestExecutor","Source":"C:\\Users\\Guarizzo\\Documents\\GitHub\\Neo4J\\BuildingNeo4jApplicationsWith.NET\\Neoflix.Challenges\\bin\\Debug\\net6.0\\fine-code-coverage\\build-output\\Neoflix.Challenges.dll","CodeFilePath":null,"LineNumber":0,"Properties":[{"Key":{"Id":"NUnit.Seed","Label":"Seed","Category":"","Description":"","Attributes":0,"ValueType":"System.String"},"Value":"1568207252"}]},"Attachments":[],"Outcome":2,"ErrorMessage":"  Expected: not equal to \"Shawshank Redemption, The\"\r\n  But was:  \"Shawshank Redemption, The\"\r\n","ErrorStackTrace":"   at Neoflix.Challenges._11_MovieLists.GetForDirectorAsync_should_return_paginated_list() in C:\\Users\\Guarizzo\\Documents\\GitHub\\Neo4J\\BuildingNeo4jApplicationsWith.NET\\Neoflix.Challenges\\11-MovieLists.cs:line 97\r\n   at NUnit.Framework.Internal.TaskAwaitAdapter.GenericAdapter`1.GetResult()\r\n   at NUnit.Framework.Internal.AsyncToSyncAdapter.Await(Func`1 invoke)\r\n   at NUnit.Framework.Internal.Commands.TestMethodCommand.RunTestMethod(TestExecutionContext context)\r\n   at NUnit.Framework.Internal.Commands.TestMethodCommand.Execute(TestExecutionContext context)\r\n   at NUnit.Framework.Internal.Execution.SimpleWorkItem.<>c__DisplayClass4_0.<PerformWork>b__0()\r\n   at NUnit.Framework.Internal.ContextUtils.<>c__DisplayClass1_0`1.<DoIsolated>b__0(Object _)\r\n","DisplayName":"GetForDirectorAsync_should_return_paginated_list","Messages":[],"ComputerName":"DESKTOP-MNADO4H","Duration":"00:00:00.0067270","StartTime":"2024-01-18T15:46:43.7986708+00:00","EndTime":"2024-01-18T15:46:43.8053981+00:00","Properties":[{"Key":{"Id":"NUnit.Seed","Label":"Seed","Category":"","Description":"","Attributes":0,"ValueType":"System.String"},"Value":"1568207252"}]},{"TestCase":{"Id":"6a7334e7-58e4-615e-6a10-dd1e32033452","FullyQualifiedName":"Neoflix.Challenges._11_MovieLists.GetForDirectorAsync_should_find_films_by_Francis_Ford_Coppola","DisplayName":"GetForDirectorAsync_should_find_films_by_Francis_Ford_Coppola","ExecutorUri":"executor://NUnit3TestExecutor","Source":"C:\\Users\\Guarizzo\\Documents\\GitHub\\Neo4J\\BuildingNeo4jApplicationsWith.NET\\Neoflix.Challenges\\bin\\Debug\\net6.0\\fine-code-coverage\\build-output\\Neoflix.Challenges.dll","CodeFilePath":null,"LineNumber":0,"Properties":[{"Key":{"Id":"NUnit.Seed","Label":"Seed","Category":"","Description":"","Attributes":0,"ValueType":"System.String"},"Value":"370327008"}]},"Attachments":[],"Outcome":2,"ErrorMessage":"  Expected: 16\r\n  But was:  6\r\n","ErrorStackTrace":"   at Neoflix.Challenges._11_MovieLists.GetForDirectorAsync_should_find_films_by_Francis_Ford_Coppola() in C:\\Users\\Guarizzo\\Documents\\GitHub\\Neo4J\\BuildingNeo4jApplicationsWith.NET\\Neoflix.Challenges\\11-MovieLists.cs:line 108\r\n   at NUnit.Framework.Internal.TaskAwaitAdapter.GenericAdapter`1.GetResult()\r\n   at NUnit.Framework.Internal.AsyncToSyncAdapter.Await(Func`1 invoke)\r\n   at NUnit.Framework.Internal.Commands.TestMethodCommand.RunTestMethod(TestExecutionContext context)\r\n   at NUnit.Framework.Internal.Commands.TestMethodCommand.Execute(TestExecutionContext context)\r\n   at NUnit.Framework.Internal.Execution.SimpleWorkItem.<>c__DisplayClass4_0.<PerformWork>b__0()\r\n   at NUnit.Framework.Internal.ContextUtils.<>c__DisplayClass1_0`1.<DoIsolated>b__0(Object _)\r\n","DisplayName":"GetForDirectorAsync_should_find_films_by_Francis_Ford_Coppola","Messages":[],"ComputerName":"DESKTOP-MNADO4H","Duration":"00:00:00.0057000","StartTime":"2024-01-18T15:46:43.8054326+00:00","EndTime":"2024-01-18T15:46:43.8111325+00:00","Properties":[{"Key":{"Id":"NUnit.Seed","Label":"Seed","Category":"","Description":"","Attributes":0,"ValueType":"System.String"},"Value":"370327008"}]},{"TestCase":{"Id":"dd6b560a-d24f-5c41-fa63-826d502e768f","FullyQualifiedName":"Neoflix.Challenges._12_MovieDetails.GetByIdAsync_should_get_a_movie_by_tmdbId","DisplayName":"GetByIdAsync_should_get_a_movie_by_tmdbId","ExecutorUri":"executor://NUnit3TestExecutor","Source":"C:\\Users\\Guarizzo\\Documents\\GitHub\\Neo4J\\BuildingNeo4jApplicationsWith.NET\\Neoflix.Challenges\\bin\\Debug\\net6.0\\fine-code-coverage\\build-output\\Neoflix.Challenges.dll","CodeFilePath":null,"LineNumber":0,"Properties":[{"Key":{"Id":"NUnit.Seed","Label":"Seed","Category":"","Description":"","Attributes":0,"ValueType":"System.String"},"Value":"1835531090"}]},"Attachments":[],"Outcome":2,"ErrorMessage":"  String lengths are both 3. Strings differ at index 0.\r\n  Expected: \"100\"\r\n  But was:  \"769\"\r\n  -----------^\r\n","ErrorStackTrace":"   at Neoflix.Challenges._12_MovieDetails.GetByIdAsync_should_get_a_movie_by_tmdbId() in C:\\Users\\Guarizzo\\Documents\\GitHub\\Neo4J\\BuildingNeo4jApplicationsWith.NET\\Neoflix.Challenges\\12-MovieDetails.cs:line 20\r\n   at NUnit.Framework.Internal.TaskAwaitAdapter.GenericAdapter`1.GetResult()\r\n   at NUnit.Framework.Internal.AsyncToSyncAdapter.Await(Func`1 invoke)\r\n   at NUnit.Framework.Internal.Commands.TestMethodCommand.RunTestMethod(TestExecutionContext context)\r\n   at NUnit.Framework.Internal.Commands.TestMethodCommand.Execute(TestExecutionContext context)\r\n   at NUnit.Framework.Internal.Execution.SimpleWorkItem.<>c__DisplayClass4_0.<PerformWork>b__0()\r\n   at NUnit.Framework.Internal.ContextUtils.<>c__DisplayClass1_0`1.<DoIsolated>b__0(Object _)\r\n","DisplayName":"GetByIdAsync_should_get_a_movie_by_tmdbId","Messages":[],"ComputerName":"DESKTOP-MNADO4H","Duration":"00:00:00.0079600","StartTime":"2024-01-18T15:46:43.8147791+00:00","EndTime":"2024-01-18T15:46:43.8227394+00:00","Properties":[{"Key":{"Id":"NUnit.Seed","Label":"Seed","Category":"","Description":"","Attributes":0,"ValueType":"System.String"},"Value":"1835531090"}]},{"TestCase":{"Id":"86875344-4bb9-a793-2447-fcb9e01f0f67","FullyQualifiedName":"Neoflix.Challenges._12_MovieDetails.GetByIdAsync_should_get_similar_movies_ordered_by_similarity_score","DisplayName":"GetByIdAsync_should_get_similar_movies_ordered_by_similarity_score","ExecutorUri":"executor://NUnit3TestExecutor","Source":"C:\\Users\\Guarizzo\\Documents\\GitHub\\Neo4J\\BuildingNeo4jApplicationsWith.NET\\Neoflix.Challenges\\bin\\Debug\\net6.0\\fine-code-coverage\\build-output\\Neoflix.Challenges.dll","CodeFilePath":null,"LineNumber":0,"Properties":[{"Key":{"Id":"NUnit.Seed","Label":"Seed","Category":"","Description":"","Attributes":0,"ValueType":"System.String"},"Value":"367011583"}]},"Attachments":[],"Outcome":1,"ErrorMessage":null,"ErrorStackTrace":null,"DisplayName":"GetByIdAsync_should_get_similar_movies_ordered_by_similarity_score","Messages":[{"Category":"StdOutMsgs","Text":"Here is the answer to the quiz question on the lesson:\r\nWhat is the title of the most similar movie to Lock, Stock & Two Smoking Barrels?\r\nCopy and paste the following answer into the text box: Shawshank Redemption, The\r\n"}],"ComputerName":"DESKTOP-MNADO4H","Duration":"00:00:00.0175720","StartTime":"2024-01-18T15:46:43.8227764+00:00","EndTime":"2024-01-18T15:46:43.8403486+00:00","Properties":[{"Key":{"Id":"NUnit.Seed","Label":"Seed","Category":"","Description":"","Attributes":0,"ValueType":"System.String"},"Value":"367011583"}]},{"TestCase":{"Id":"3f0bbd1b-0428-25ff-7797-9b3442c78ada","FullyQualifiedName":"Neoflix.Challenges._13_ListingRatings.GetForMovieAsync_should_retrieve_a_list_of_ratings","DisplayName":"GetForMovieAsync_should_retrieve_a_list_of_ratings","ExecutorUri":"executor://NUnit3TestExecutor","Source":"C:\\Users\\Guarizzo\\Documents\\GitHub\\Neo4J\\BuildingNeo4jApplicationsWith.NET\\Neoflix.Challenges\\bin\\Debug\\net6.0\\fine-code-coverage\\build-output\\Neoflix.Challenges.dll","CodeFilePath":null,"LineNumber":0,"Properties":[{"Key":{"Id":"NUnit.Seed","Label":"Seed","Category":"","Description":"","Attributes":0,"ValueType":"System.String"},"Value":"342689954"}]},"Attachments":[],"Outcome":2,"ErrorMessage":"  Expected: 10\r\n  But was:  5\r\n","ErrorStackTrace":"   at Neoflix.Challenges._13_ListingRatings.GetForMovieAsync_should_retrieve_a_list_of_ratings() in C:\\Users\\Guarizzo\\Documents\\GitHub\\Neo4J\\BuildingNeo4jApplicationsWith.NET\\Neoflix.Challenges\\13-ListingRatings.cs:line 25\r\n   at NUnit.Framework.Internal.TaskAwaitAdapter.GenericAdapter`1.GetResult()\r\n   at NUnit.Framework.Internal.AsyncToSyncAdapter.Await(Func`1 invoke)\r\n   at NUnit.Framework.Internal.Commands.TestMethodCommand.RunTestMethod(TestExecutionContext context)\r\n   at NUnit.Framework.Internal.Commands.TestMethodCommand.Execute(TestExecutionContext context)\r\n   at NUnit.Framework.Internal.Execution.SimpleWorkItem.<>c__DisplayClass4_0.<PerformWork>b__0()\r\n   at NUnit.Framework.Internal.ContextUtils.<>c__DisplayClass1_0`1.<DoIsolated>b__0(Object _)\r\n","DisplayName":"GetForMovieAsync_should_retrieve_a_list_of_ratings","Messages":[],"ComputerName":"DESKTOP-MNADO4H","Duration":"00:00:00.0079510","StartTime":"2024-01-18T15:46:43.8411842+00:00","EndTime":"2024-01-18T15:46:43.8491355+00:00","Properties":[{"Key":{"Id":"NUnit.Seed","Label":"Seed","Category":"","Description":"","Attributes":0,"ValueType":"System.String"},"Value":"342689954"}]}],"TestRunStatistics":{"ExecutedTests":25,"Stats":{"Passed":14,"Failed":11}},"ActiveTests":[{"Id":"f28618b6-2284-c7a8-4ea4-01d591af7301","FullyQualifiedName":"Neoflix.Challenges._13_ListingRatings.GetForMovieAsync_should_apply_ordering_and_pagination_to_query","DisplayName":"GetForMovieAsync_should_apply_ordering_and_pagination_to_query","ExecutorUri":"executor://NUnit3TestExecutor","Source":"C:\\Users\\Guarizzo\\Documents\\GitHub\\Neo4J\\BuildingNeo4jApplicationsWith.NET\\Neoflix.Challenges\\bin\\Debug\\net6.0\\fine-code-coverage\\build-output\\Neoflix.Challenges.dll","CodeFilePath":null,"LineNumber":0,"Properties":[{"Key":{"Id":"NUnit.Seed","Label":"Seed","Category":"","Description":"","Attributes":0,"ValueType":"System.String"},"Value":"59004521"}]}]}}
TpTrace Verbose: 0 : 7264, 6, 2024/01/18, 12:46:43.862, 508236215228, vstest.console.dll, TestRunRequest:SendTestRunStatsChange: Starting.
TpTrace Verbose: 0 : 7264, 6, 2024/01/18, 12:46:43.862, 508236217315, vstest.console.dll, InProgress is GetForMovieAsync_should_apply_ordering_and_pagination_to_query
TpTrace Verbose: 0 : 7264, 6, 2024/01/18, 12:46:43.862, 508236221419, vstest.console.dll, MulticastDelegateUtilities.SafeInvoke: TestRun.RunStatsChanged: Invoking callbacks was skipped because there are no subscribers.
TpTrace Information: 0 : 7264, 6, 2024/01/18, 12:46:43.863, 508236222652, vstest.console.dll, TestRunRequest:SendTestRunStatsChange: Completed.
TpTrace Verbose: 0 : 7264, 6, 2024/01/18, 12:46:43.863, 508236224142, vstest.console.dll, MulticastDelegateUtilities.SafeInvoke: LengthPrefixCommunicationChannel: MessageReceived: Invoking callback 1/1 for Microsoft.VisualStudio.TestPlatform.CommunicationUtilities.TestRequestSender+<>c__DisplayClass34_0., took 5 ms.
TpTrace Verbose: 0 : 7264, 6, 2024/01/18, 12:46:43.863, 508236228440, vstest.console.dll, TcpClientExtensions.MessageLoopAsync: Polling on remoteEndPoint: 127.0.0.1:51292 localEndPoint: 127.0.0.1:51291
TpTrace Verbose: 0 : 7264, 4, 2024/01/18, 12:46:43.864, 508236237815, vstest.console.dll, MulticastDelegateUtilities.SafeInvoke: InternalTestLoggerEvents.SendTestResult: Invoking callback 1/1 for Microsoft.VisualStudio.TestPlatform.CommandLine.Internal.ConsoleLogger., took 1 ms.
TpTrace Verbose: 0 : 7264, 4, 2024/01/18, 12:46:43.865, 508236249377, vstest.console.dll, MulticastDelegateUtilities.SafeInvoke: InternalTestLoggerEvents.SendTestResult: Invoking callback 1/1 for Microsoft.VisualStudio.TestPlatform.CommandLine.Internal.ConsoleLogger., took 0 ms.
TpTrace Verbose: 0 : 7264, 4, 2024/01/18, 12:46:43.866, 508236256852, vstest.console.dll, MulticastDelegateUtilities.SafeInvoke: InternalTestLoggerEvents.SendTestResult: Invoking callback 1/1 for Microsoft.VisualStudio.TestPlatform.CommandLine.Internal.ConsoleLogger., took 0 ms.
TpTrace Verbose: 0 : 7264, 4, 2024/01/18, 12:46:43.867, 508236264016, vstest.console.dll, MulticastDelegateUtilities.SafeInvoke: InternalTestLoggerEvents.SendTestResult: Invoking callback 1/1 for Microsoft.VisualStudio.TestPlatform.CommandLine.Internal.ConsoleLogger., took 0 ms.
TpTrace Verbose: 0 : 7264, 4, 2024/01/18, 12:46:43.868, 508236276667, vstest.console.dll, MulticastDelegateUtilities.SafeInvoke: InternalTestLoggerEvents.SendTestResult: Invoking callback 1/1 for Microsoft.VisualStudio.TestPlatform.CommandLine.Internal.ConsoleLogger., took 0 ms.
TpTrace Verbose: 0 : 7264, 4, 2024/01/18, 12:46:43.870, 508236292161, vstest.console.dll, MulticastDelegateUtilities.SafeInvoke: InternalTestLoggerEvents.SendTestResult: Invoking callback 1/1 for Microsoft.VisualStudio.TestPlatform.CommandLine.Internal.ConsoleLogger., took 1 ms.
TpTrace Verbose: 0 : 7264, 4, 2024/01/18, 12:46:43.873, 508236329988, vstest.console.dll, MulticastDelegateUtilities.SafeInvoke: InternalTestLoggerEvents.SendTestResult: Invoking callback 1/1 for Microsoft.VisualStudio.TestPlatform.CommandLine.Internal.ConsoleLogger., took 3 ms.
TpTrace Verbose: 0 : 7264, 4, 2024/01/18, 12:46:43.874, 508236332700, vstest.console.dll, MulticastDelegateUtilities.SafeInvoke: InternalTestLoggerEvents.SendTestResult: Invoking callback 1/1 for Microsoft.VisualStudio.TestPlatform.CommandLine.Internal.ConsoleLogger., took 0 ms.
TpTrace Verbose: 0 : 7264, 4, 2024/01/18, 12:46:43.874, 508236339095, vstest.console.dll, MulticastDelegateUtilities.SafeInvoke: InternalTestLoggerEvents.SendTestResult: Invoking callback 1/1 for Microsoft.VisualStudio.TestPlatform.CommandLine.Internal.ConsoleLogger., took 0 ms.
TpTrace Verbose: 0 : 7264, 6, 2024/01/18, 12:46:43.890, 508236498797, vstest.console.dll, TcpClientExtensions.MessageLoopAsync: NotifyDataAvailable remoteEndPoint: 127.0.0.1:51292 localEndPoint: 127.0.0.1:51291
TpTrace Verbose: 0 : 7264, 6, 2024/01/18, 12:46:43.891, 508236501879, vstest.console.dll, TestRequestSender.OnExecutionMessageReceived: Received message: {"Version":5,"MessageType":"TestSession.Message","Payload":{"MessageLevel":0,"Message":"Here is the answer to the quiz question on the lesson:\r\nWhat is the name of the first person in the database in alphabetical order?\r\nCopy and paste the following answer into the text box: François Lallement\r\n"}}
TpTrace Verbose: 0 : 7264, 6, 2024/01/18, 12:46:43.891, 508236503938, vstest.console.dll, TestRunRequest:SendTestRunMessage: Starting.
TpTrace Verbose: 0 : 7264, 6, 2024/01/18, 12:46:43.891, 508236505583, vstest.console.dll, MulticastDelegateUtilities.SafeInvoke: TestRun.LogMessages: Invoking callback 1/1 for Microsoft.VisualStudio.TestPlatform.CommandLine.TestRunResultAggregator., took 0 ms.
TpTrace Information: 0 : 7264, 6, 2024/01/18, 12:46:43.891, 508236507475, vstest.console.dll, TestRunRequest:SendTestRunMessage: Completed.
TpTrace Verbose: 0 : 7264, 4, 2024/01/18, 12:46:43.891, 508236505839, vstest.console.dll, MulticastDelegateUtilities.SafeInvoke: InternalTestLoggerEvents.SendTestRunMessage: Invoking callback 1/1 for Microsoft.VisualStudio.TestPlatform.CommandLine.Internal.ConsoleLogger., took 0 ms.
TpTrace Verbose: 0 : 7264, 6, 2024/01/18, 12:46:43.891, 508236509724, vstest.console.dll, MulticastDelegateUtilities.SafeInvoke: LengthPrefixCommunicationChannel: MessageReceived: Invoking callback 1/1 for Microsoft.VisualStudio.TestPlatform.CommunicationUtilities.TestRequestSender+<>c__DisplayClass34_0., took 0 ms.
TpTrace Verbose: 0 : 7264, 6, 2024/01/18, 12:46:43.892, 508236513284, vstest.console.dll, TcpClientExtensions.MessageLoopAsync: Polling on remoteEndPoint: 127.0.0.1:51292 localEndPoint: 127.0.0.1:51291
TpTrace Verbose: 0 : 7264, 6, 2024/01/18, 12:46:43.902, 508236614116, vstest.console.dll, TcpClientExtensions.MessageLoopAsync: NotifyDataAvailable remoteEndPoint: 127.0.0.1:51292 localEndPoint: 127.0.0.1:51291
TpTrace Verbose: 0 : 7264, 6, 2024/01/18, 12:46:43.902, 508236617271, vstest.console.dll, TestRequestSender.OnExecutionMessageReceived: Received message: {"Version":5,"MessageType":"TestSession.Message","Payload":{"MessageLevel":0,"Message":"Here is the answer to the quiz question on the lesson:\r\nAccording to our algorithm, who is the most similar person to Francis Ford Coppola?\r\nCopy and paste the following answer into the text box: François Lallement\r\n"}}
TpTrace Verbose: 0 : 7264, 6, 2024/01/18, 12:46:43.902, 508236620031, vstest.console.dll, TestRunRequest:SendTestRunMessage: Starting.
TpTrace Verbose: 0 : 7264, 6, 2024/01/18, 12:46:43.902, 508236621724, vstest.console.dll, MulticastDelegateUtilities.SafeInvoke: TestRun.LogMessages: Invoking callback 1/1 for Microsoft.VisualStudio.TestPlatform.CommandLine.TestRunResultAggregator., took 0 ms.
TpTrace Verbose: 0 : 7264, 4, 2024/01/18, 12:46:43.903, 508236621941, vstest.console.dll, MulticastDelegateUtilities.SafeInvoke: InternalTestLoggerEvents.SendTestRunMessage: Invoking callback 1/1 for Microsoft.VisualStudio.TestPlatform.CommandLine.Internal.ConsoleLogger., took 0 ms.
TpTrace Information: 0 : 7264, 6, 2024/01/18, 12:46:43.903, 508236623042, vstest.console.dll, TestRunRequest:SendTestRunMessage: Completed.
TpTrace Verbose: 0 : 7264, 6, 2024/01/18, 12:46:43.903, 508236625443, vstest.console.dll, MulticastDelegateUtilities.SafeInvoke: LengthPrefixCommunicationChannel: MessageReceived: Invoking callback 1/1 for Microsoft.VisualStudio.TestPlatform.CommunicationUtilities.TestRequestSender+<>c__DisplayClass34_0., took 0 ms.
TpTrace Verbose: 0 : 7264, 6, 2024/01/18, 12:46:43.903, 508236626347, vstest.console.dll, TcpClientExtensions.MessageLoopAsync: Polling on remoteEndPoint: 127.0.0.1:51292 localEndPoint: 127.0.0.1:51291
TpTrace Verbose: 0 : 7264, 6, 2024/01/18, 12:46:43.923, 508236826478, vstest.console.dll, TcpClientExtensions.MessageLoopAsync: NotifyDataAvailable remoteEndPoint: 127.0.0.1:51292 localEndPoint: 127.0.0.1:51291
TpTrace Verbose: 0 : 7264, 6, 2024/01/18, 12:46:43.923, 508236828860, vstest.console.dll, TestRequestSender.OnExecutionMessageReceived: Received message: {"Version":5,"MessageType":"TestSession.Message","Payload":{"MessageLevel":0,"Message":"NUnit Adapter 4.0.0.0: Test execution complete"}}
TpTrace Verbose: 0 : 7264, 6, 2024/01/18, 12:46:43.923, 508236831520, vstest.console.dll, TestRunRequest:SendTestRunMessage: Starting.
TpTrace Verbose: 0 : 7264, 6, 2024/01/18, 12:46:43.924, 508236833223, vstest.console.dll, MulticastDelegateUtilities.SafeInvoke: TestRun.LogMessages: Invoking callback 1/1 for Microsoft.VisualStudio.TestPlatform.CommandLine.TestRunResultAggregator., took 0 ms.
TpTrace Verbose: 0 : 7264, 4, 2024/01/18, 12:46:43.924, 508236833876, vstest.console.dll, MulticastDelegateUtilities.SafeInvoke: InternalTestLoggerEvents.SendTestRunMessage: Invoking callback 1/1 for Microsoft.VisualStudio.TestPlatform.CommandLine.Internal.ConsoleLogger., took 0 ms.
TpTrace Information: 0 : 7264, 6, 2024/01/18, 12:46:43.924, 508236834503, vstest.console.dll, TestRunRequest:SendTestRunMessage: Completed.
TpTrace Verbose: 0 : 7264, 6, 2024/01/18, 12:46:43.924, 508236836852, vstest.console.dll, MulticastDelegateUtilities.SafeInvoke: LengthPrefixCommunicationChannel: MessageReceived: Invoking callback 1/1 for Microsoft.VisualStudio.TestPlatform.CommunicationUtilities.TestRequestSender+<>c__DisplayClass34_0., took 0 ms.
TpTrace Verbose: 0 : 7264, 6, 2024/01/18, 12:46:43.924, 508236838004, vstest.console.dll, TcpClientExtensions.MessageLoopAsync: Polling on remoteEndPoint: 127.0.0.1:51292 localEndPoint: 127.0.0.1:51291
TpTrace Verbose: 0 : 7264, 6, 2024/01/18, 12:46:43.958, 508237178318, vstest.console.dll, TcpClientExtensions.MessageLoopAsync: NotifyDataAvailable remoteEndPoint: 127.0.0.1:51292 localEndPoint: 127.0.0.1:51291
TpTrace Verbose: 0 : 7264, 6, 2024/01/18, 12:46:43.959, 508237183970, vstest.console.dll, TestRequestSender.OnExecutionMessageReceived: Received message: {"Version":5,"MessageType":"TestExecution.Completed","Payload":{"TestRunCompleteArgs":{"TestRunStatistics":{"ExecutedTests":31,"Stats":{"Passed":16,"Failed":15}},"IsCanceled":false,"IsAborted":false,"Error":null,"AttachmentSets":[],"ElapsedTimeInRunningTests":"00:00:31.9345500","Metrics":{}},"LastRunTests":{"NewTestResults":[{"TestCase":{"Id":"f28618b6-2284-c7a8-4ea4-01d591af7301","FullyQualifiedName":"Neoflix.Challenges._13_ListingRatings.GetForMovieAsync_should_apply_ordering_and_pagination_to_query","DisplayName":"GetForMovieAsync_should_apply_ordering_and_pagination_to_query","ExecutorUri":"executor://NUnit3TestExecutor","Source":"C:\\Users\\Guarizzo\\Documents\\GitHub\\Neo4J\\BuildingNeo4jApplicationsWith.NET\\Neoflix.Challenges\\bin\\Debug\\net6.0\\fine-code-coverage\\build-output\\Neoflix.Challenges.dll","CodeFilePath":null,"LineNumber":0,"Properties":[{"Key":{"Id":"NUnit.Seed","Label":"Seed","Category":"","Description":"","Attributes":0,"ValueType":"System.String"},"Value":"59004521"}]},"Attachments":[],"Outcome":2,"ErrorMessage":"  Expected: not equal to \"[{\"imdbRating\":2.0,\"user\":{\"name\":\"Catherine Trujillo\",\"tmdbId\":\"570\"},\"timestamp\":1475784311},{\"imdbRating\":5.0,\"user\":{\"name\":\"Teresa Graham\",\"tmdbId\":\"457\"},\"timestamp\":1471383372},{\"imdbRating\":5.0,\"user\":{\"name\":\"Meredith Leonard\",\"tmdbId\":\"519\"},\"timestamp\":1471150621},{\"imdbRating\":4.0,\"user\":{\"name\":\"Dr. Angela Johnson\",\"tmdbId\":\"56\"},\"timestamp\":1467003139},{\"imdbRating\":5.0,\"user\":{\"name\":\"Melissa King\",\"tmdbId\":\"483\"},\"timestamp\":1465387394}]\"\r\n  But was:  \"[{\"imdbRating\":2.0,\"user\":{\"name\":\"Catherine Trujillo\",\"tmdbId\":\"570\"},\"timestamp\":1475784311},{\"imdbRating\":5.0,\"user\":{\"name\":\"Teresa Graham\",\"tmdbId\":\"457\"},\"timestamp\":1471383372},{\"imdbRating\":5.0,\"user\":{\"name\":\"Meredith Leonard\",\"tmdbId\":\"519\"},\"timestamp\":1471150621},{\"imdbRating\":4.0,\"user\":{\"name\":\"Dr. Angela Johnson\",\"tmdbId\":\"56\"},\"timestamp\":1467003139},{\"imdbRating\":5.0,\"user\":{\"name\":\"Melissa King\",\"tmdbId\":\"483\"},\"timestamp\":1465387394}]\"\r\n","ErrorStackTrace":"   at Neoflix.Challenges._13_ListingRatings.GetForMovieAsync_should_apply_ordering_and_pagination_to_query() in C:\\Users\\Guarizzo\\Documents\\GitHub\\Neo4J\\BuildingNeo4jApplicationsWith.NET\\Neoflix.Challenges\\13-ListingRatings.cs:line 45\r\n   at NUnit.Framework.Internal.TaskAwaitAdapter.GenericAdapter`1.GetResult()\r\n   at NUnit.Framework.Internal.AsyncToSyncAdapter.Await(Func`1 invoke)\r\n   at NUnit.Framework.Internal.Commands.TestMethodCommand.RunTestMethod(TestExecutionContext context)\r\n   at NUnit.Framework.Internal.Commands.TestMethodCommand.Execute(TestExecutionContext context)\r\n   at NUnit.Framework.Internal.Execution.SimpleWorkItem.<>c__DisplayClass4_0.<PerformWork>b__0()\r\n   at NUnit.Framework.Internal.ContextUtils.<>c__DisplayClass1_0`1.<DoIsolated>b__0(Object _)\r\n","DisplayName":"GetForMovieAsync_should_apply_ordering_and_pagination_to_query","Messages":[],"ComputerName":"DESKTOP-MNADO4H","Duration":"00:00:00.0057999","StartTime":"2024-01-18T15:46:43.8491863+00:00","EndTime":"2024-01-18T15:46:43.8549861+00:00","Properties":[{"Key":{"Id":"NUnit.Seed","Label":"Seed","Category":"","Description":"","Attributes":0,"ValueType":"System.String"},"Value":"59004521"}]},{"TestCase":{"Id":"27c206cf-37aa-1f47-348c-0707cbccc35b","FullyQualifiedName":"Neoflix.Challenges._14_PersonList.AllAsync_should_retrieve_paginated_list_from_database","DisplayName":"AllAsync_should_retrieve_paginated_list_from_database","ExecutorUri":"executor://NUnit3TestExecutor","Source":"C:\\Users\\Guarizzo\\Documents\\GitHub\\Neo4J\\BuildingNeo4jApplicationsWith.NET\\Neoflix.Challenges\\bin\\Debug\\net6.0\\fine-code-coverage\\build-output\\Neoflix.Challenges.dll","CodeFilePath":null,"LineNumber":0,"Properties":[{"Key":{"Id":"NUnit.Seed","Label":"Seed","Category":"","Description":"","Attributes":0,"ValueType":"System.String"},"Value":"326593329"}]},"Attachments":[],"Outcome":2,"ErrorMessage":"  Expected: 10\r\n  But was:  5\r\n","ErrorStackTrace":"   at Neoflix.Challenges._14_PersonList.AllAsync_should_retrieve_paginated_list_from_database() in C:\\Users\\Guarizzo\\Documents\\GitHub\\Neo4J\\BuildingNeo4jApplicationsWith.NET\\Neoflix.Challenges\\14-PersonList.cs:line 21\r\n   at NUnit.Framework.Internal.TaskAwaitAdapter.GenericAdapter`1.GetResult()\r\n   at NUnit.Framework.Internal.AsyncToSyncAdapter.Await(Func`1 invoke)\r\n   at NUnit.Framework.Internal.Commands.TestMethodCommand.RunTestMethod(TestExecutionContext context)\r\n   at NUnit.Framework.Internal.Commands.TestMethodCommand.Execute(TestExecutionContext context)\r\n   at NUnit.Framework.Internal.Execution.SimpleWorkItem.<>c__DisplayClass4_0.<PerformWork>b__0()\r\n   at NUnit.Framework.Internal.ContextUtils.<>c__DisplayClass1_0`1.<DoIsolated>b__0(Object _)\r\n","DisplayName":"AllAsync_should_retrieve_paginated_list_from_database","Messages":[],"ComputerName":"DESKTOP-MNADO4H","Duration":"00:00:00.0180899","StartTime":"2024-01-18T15:46:43.8565725+00:00","EndTime":"2024-01-18T15:46:43.8746635+00:00","Properties":[{"Key":{"Id":"NUnit.Seed","Label":"Seed","Category":"","Description":"","Attributes":0,"ValueType":"System.String"},"Value":"326593329"}]},{"TestCase":{"Id":"4858cdad-8d81-3acb-6e5a-22fb3b2b0dc3","FullyQualifiedName":"Neoflix.Challenges._14_PersonList.AllAsync_should_apply_filter_order_pagination_to_query","DisplayName":"AllAsync_should_apply_filter_order_pagination_to_query","ExecutorUri":"executor://NUnit3TestExecutor","Source":"C:\\Users\\Guarizzo\\Documents\\GitHub\\Neo4J\\BuildingNeo4jApplicationsWith.NET\\Neoflix.Challenges\\bin\\Debug\\net6.0\\fine-code-coverage\\build-output\\Neoflix.Challenges.dll","CodeFilePath":null,"LineNumber":0,"Properties":[{"Key":{"Id":"NUnit.Seed","Label":"Seed","Category":"","Description":"","Attributes":0,"ValueType":"System.String"},"Value":"1590157481"}]},"Attachments":[],"Outcome":2,"ErrorMessage":"  Expected: not equal to \"[{\"bornIn\":\"France\",\"tmdbId\":\"1271225\",\"id\":\"2083046\",\"born\":\"1877-02-04\",\"name\":\"François Lallement\",\"died\":\"1954-01-01\",\"url\":\"https://themoviedb.org/person/1271225\"}]\"\r\n  But was:  \"[{\"bornIn\":\"France\",\"tmdbId\":\"1271225\",\"id\":\"2083046\",\"born\":\"1877-02-04\",\"name\":\"François Lallement\",\"died\":\"1954-01-01\",\"url\":\"https://themoviedb.org/person/1271225\"}]\"\r\n","ErrorStackTrace":"   at Neoflix.Challenges._14_PersonList.AllAsync_should_apply_filter_order_pagination_to_query() in C:\\Users\\Guarizzo\\Documents\\GitHub\\Neo4J\\BuildingNeo4jApplicationsWith.NET\\Neoflix.Challenges\\14-PersonList.cs:line 47\r\n   at NUnit.Framework.Internal.TaskAwaitAdapter.GenericAdapter`1.GetResult()\r\n   at NUnit.Framework.Internal.AsyncToSyncAdapter.Await(Func`1 invoke)\r\n   at NUnit.Framework.Internal.Commands.TestMethodCommand.RunTestMethod(TestExecutionContext context)\r\n   at NUnit.Framework.Internal.Commands.TestMethodCommand.Execute(TestExecutionContext context)\r\n   at NUnit.Framework.Internal.Execution.SimpleWorkItem.<>c__DisplayClass4_0.<PerformWork>b__0()\r\n   at NUnit.Framework.Internal.ContextUtils.<>c__DisplayClass1_0`1.<DoIsolated>b__0(Object _)\r\n","DisplayName":"AllAsync_should_apply_filter_order_pagination_to_query","Messages":[],"ComputerName":"DESKTOP-MNADO4H","Duration":"00:00:00.0083870","StartTime":"2024-01-18T15:46:43.8772693+00:00","EndTime":"2024-01-18T15:46:43.8856572+00:00","Properties":[{"Key":{"Id":"NUnit.Seed","Label":"Seed","Category":"","Description":"","Attributes":0,"ValueType":"System.String"},"Value":"1590157481"}]},{"TestCase":{"Id":"a8233ea3-21ed-42ff-5c19-fa4569a82fe6","FullyQualifiedName":"Neoflix.Challenges._14_PersonList.AllAsync_should_apply_filter_order_pagination","DisplayName":"AllAsync_should_apply_filter_order_pagination","ExecutorUri":"executor://NUnit3TestExecutor","Source":"C:\\Users\\Guarizzo\\Documents\\GitHub\\Neo4J\\BuildingNeo4jApplicationsWith.NET\\Neoflix.Challenges\\bin\\Debug\\net6.0\\fine-code-coverage\\build-output\\Neoflix.Challenges.dll","CodeFilePath":null,"LineNumber":0,"Properties":[{"Key":{"Id":"NUnit.Seed","Label":"Seed","Category":"","Description":"","Attributes":0,"ValueType":"System.String"},"Value":"1855767419"}]},"Attachments":[],"Outcome":1,"ErrorMessage":null,"ErrorStackTrace":null,"DisplayName":"AllAsync_should_apply_filter_order_pagination","Messages":[{"Category":"StdOutMsgs","Text":"Here is the answer to the quiz question on the lesson:\r\nWhat is the name of the first person in the database in alphabetical order?\r\nCopy and paste the following answer into the text box: François Lallement\r\n"}],"ComputerName":"DESKTOP-MNADO4H","Duration":"00:00:00.0014679","StartTime":"2024-01-18T15:46:43.8857032+00:00","EndTime":"2024-01-18T15:46:43.8871711+00:00","Properties":[{"Key":{"Id":"NUnit.Seed","Label":"Seed","Category":"","Description":"","Attributes":0,"ValueType":"System.String"},"Value":"1855767419"}]},{"TestCase":{"Id":"56fbc4a7-1d0b-7720-e802-97045eae69b5","FullyQualifiedName":"Neoflix.Challenges._15_PersonProfile.FindByIdAsync_should_find_a_person_by_id","DisplayName":"FindByIdAsync_should_find_a_person_by_id","ExecutorUri":"executor://NUnit3TestExecutor","Source":"C:\\Users\\Guarizzo\\Documents\\GitHub\\Neo4J\\BuildingNeo4jApplicationsWith.NET\\Neoflix.Challenges\\bin\\Debug\\net6.0\\fine-code-coverage\\build-output\\Neoflix.Challenges.dll","CodeFilePath":null,"LineNumber":0,"Properties":[{"Key":{"Id":"NUnit.Seed","Label":"Seed","Category":"","Description":"","Attributes":0,"ValueType":"System.String"},"Value":"1707123262"}]},"Attachments":[],"Outcome":2,"ErrorMessage":"  String lengths are both 4. Strings differ at index 1.\r\n  Expected: \"1776\"\r\n  But was:  \"1158\"\r\n  ------------^\r\n","ErrorStackTrace":"   at Neoflix.Challenges._15_PersonProfile.FindByIdAsync_should_find_a_person_by_id() in C:\\Users\\Guarizzo\\Documents\\GitHub\\Neo4J\\BuildingNeo4jApplicationsWith.NET\\Neoflix.Challenges\\15-PersonProfile.cs:line 21\r\n   at NUnit.Framework.Internal.TaskAwaitAdapter.GenericAdapter`1.GetResult()\r\n   at NUnit.Framework.Internal.AsyncToSyncAdapter.Await(Func`1 invoke)\r\n   at NUnit.Framework.Internal.Commands.TestMethodCommand.RunTestMethod(TestExecutionContext context)\r\n   at NUnit.Framework.Internal.Commands.TestMethodCommand.Execute(TestExecutionContext context)\r\n   at NUnit.Framework.Internal.Execution.SimpleWorkItem.<>c__DisplayClass4_0.<PerformWork>b__0()\r\n   at NUnit.Framework.Internal.ContextUtils.<>c__DisplayClass1_0`1.<DoIsolated>b__0(Object _)\r\n","DisplayName":"FindByIdAsync_should_find_a_person_by_id","Messages":[],"ComputerName":"DESKTOP-MNADO4H","Duration":"00:00:00.0055020","StartTime":"2024-01-18T15:46:43.8886896+00:00","EndTime":"2024-01-18T15:46:43.8941922+00:00","Properties":[{"Key":{"Id":"NUnit.Seed","Label":"Seed","Category":"","Description":"","Attributes":0,"ValueType":"System.String"},"Value":"1707123262"}]},{"TestCase":{"Id":"f4ae47b3-5478-0d59-90c3-62a519680eaa","FullyQualifiedName":"Neoflix.Challenges._15_PersonProfile.GetSimilarPeopleAsync_should_return_paginated_list_of_similar_people","DisplayName":"GetSimilarPeopleAsync_should_return_paginated_list_of_similar_people","ExecutorUri":"executor://NUnit3TestExecutor","Source":"C:\\Users\\Guarizzo\\Documents\\GitHub\\Neo4J\\BuildingNeo4jApplicationsWith.NET\\Neoflix.Challenges\\bin\\Debug\\net6.0\\fine-code-coverage\\build-output\\Neoflix.Challenges.dll","CodeFilePath":null,"LineNumber":0,"Properties":[{"Key":{"Id":"NUnit.Seed","Label":"Seed","Category":"","Description":"","Attributes":0,"ValueType":"System.String"},"Value":"1630783518"}]},"Attachments":[],"Outcome":1,"ErrorMessage":null,"ErrorStackTrace":null,"DisplayName":"GetSimilarPeopleAsync_should_return_paginated_list_of_similar_people","Messages":[{"Category":"StdOutMsgs","Text":"Here is the answer to the quiz question on the lesson:\r\nAccording to our algorithm, who is the most similar person to Francis Ford Coppola?\r\nCopy and paste the following answer into the text box: François Lallement\r\n"}],"ComputerName":"DESKTOP-MNADO4H","Duration":"00:00:00.0064000","StartTime":"2024-01-18T15:46:43.894227+00:00","EndTime":"2024-01-18T15:46:43.9006264+00:00","Properties":[{"Key":{"Id":"NUnit.Seed","Label":"Seed","Category":"","Description":"","Attributes":0,"ValueType":"System.String"},"Value":"1630783518"}]}],"TestRunStatistics":{"ExecutedTests":31,"Stats":{"Passed":16,"Failed":15}},"ActiveTests":[]},"RunAttachments":[],"ExecutorUris":["executor://nunit3testexecutor/"]}}
TpTrace Verbose: 0 : 7264, 6, 2024/01/18, 12:46:43.959, 508237191108, vstest.console.dll, TestRequestSender.EndSession: Sending end session.
TpTrace Verbose: 0 : 7264, 6, 2024/01/18, 12:46:43.960, 508237195617, vstest.console.dll, ProxyOperationManager.Close: waiting for test host to exit for 100 ms
TpTrace Verbose: 0 : 7264, 11, 2024/01/18, 12:46:43.980, 508237396039, vstest.console.dll, TestHostManagerCallbacks.ctor: Experimental forwarding output is disabled.
TpTrace Warning: 0 : 7264, 11, 2024/01/18, 12:46:43.980, 508237398342, vstest.console.dll, TestHostManagerCallbacks.ErrorReceivedCallback Test host standard error line: 
TpTrace Verbose: 0 : 7264, 11, 2024/01/18, 12:46:44.003, 508237623116, vstest.console.dll, TestHostProvider.ExitCallBack: Host exited starting callback.
TpTrace Information: 0 : 7264, 11, 2024/01/18, 12:46:44.003, 508237625221, vstest.console.dll, TestHostManagerCallbacks.ExitCallBack: Testhost processId: 14204 exited with exitcode: 0 error: ''
TpTrace Verbose: 0 : 7264, 11, 2024/01/18, 12:46:44.003, 508237626083, vstest.console.dll, DotnetTestHostManager.OnHostExited: invoking OnHostExited callback
TpTrace Verbose: 0 : 7264, 11, 2024/01/18, 12:46:44.003, 508237627527, vstest.console.dll, CrossPlatEngine.TestHostManagerHostExited: calling on client process exit callback.
TpTrace Information: 0 : 7264, 11, 2024/01/18, 12:46:44.003, 508237629429, vstest.console.dll, TestRequestSender.OnClientProcessExit: Test host process exited. Standard error: 
TpTrace Information: 0 : 7264, 6, 2024/01/18, 12:46:44.003, 508237630504, vstest.console.dll, SocketServer.Stop: Stop server endPoint: 127.0.0.1:51291
TpTrace Information: 0 : 7264, 11, 2024/01/18, 12:46:44.004, 508237632246, vstest.console.dll, SocketServer.Stop: Stop server endPoint: 127.0.0.1:51291
TpTrace Information: 0 : 7264, 11, 2024/01/18, 12:46:44.004, 508237634011, vstest.console.dll, SocketServer.Stop: Cancellation requested. Stopping message loop.
TpTrace Information: 0 : 7264, 6, 2024/01/18, 12:46:44.004, 508237632905, vstest.console.dll, SocketServer.Stop: Cancellation requested. Stopping message loop.
TpTrace Information: 0 : 7264, 6, 2024/01/18, 12:46:44.004, 508237636262, vstest.console.dll, Closing the connection
TpTrace Verbose: 0 : 7264, 11, 2024/01/18, 12:46:44.004, 508237636382, vstest.console.dll, MulticastDelegateUtilities.SafeInvoke: HostProviderEvents.OnHostExited: Invoking callback 1/1 for Microsoft.VisualStudio.TestPlatform.CrossPlatEngine.Client.ProxyOperationManager., took 0 ms.
TpTrace Verbose: 0 : 7264, 6, 2024/01/18, 12:46:44.004, 508237639899, vstest.console.dll, ProxyDataCollectionManager.InvokeDataCollectionServiceAction: Starting.
TpTrace Information: 0 : 7264, 6, 2024/01/18, 12:46:44.004, 508237640713, vstest.console.dll, ProxyDataCollectionManager.AfterTestRunEnd: Get attachment set and invoked data collectors processId: 11620 port: 51288
TpTrace Verbose: 0 : 7264, 6, 2024/01/18, 12:46:44.004, 508237641661, vstest.console.dll, DataCollectionRequestSender.SendAfterTestRunStartAndGetResult: Send AfterTestRunEnd message with isCancelled: False
TpTrace Verbose: 0 : 7264, 6, 2024/01/18, 12:46:44.016, 508237758697, vstest.console.dll, DataCollectionRequestSender.SendAfterTestRunStartAndGetResult: Received message: (DataCollection.AfterTestRunEndResult) -> {"MessageType":"DataCollection.AfterTestRunEndResult","Payload":{"AttachmentSets":[],"InvokedDataCollectors":[{"Uri":"datacollector://Microsoft/TestPlatform/Extensions/Blame/v1","FriendlyName":"Blame","AssemblyQualifiedName":"Microsoft.TestPlatform.Extensions.BlameDataCollector.BlameCollector, Microsoft.TestPlatform.Extensions.BlameDataCollector, Version=15.0.0.0, Culture=neutral, PublicKeyToken=b03f5f7f11d50a3a","FilePath":"C:\\Program Files\\dotnet\\sdk\\8.0.101\\Extensions\\Microsoft.TestPlatform.Extensions.BlameDataCollector.dll","HasAttachmentProcessor":false}],"Metrics":{}}}
TpTrace Warning: 0 : 7264, 10, 2024/01/18, 12:46:44.029, 508237886192, vstest.console.dll, DataCollectionLauncher.ErrorReceivedCallback datacollector standard error line: 
TpTrace Information: 0 : 7264, 6, 2024/01/18, 12:46:44.030, 508237896468, vstest.console.dll, ProxyDataCollectionManager.InvokeDataCollectionServiceAction: Completed.
TpTrace Information: 0 : 7264, 10, 2024/01/18, 12:46:44.050, 508238097112, vstest.console.dll, DataCollectionLauncher.ExitCallBack: Data collector exited with exitcode: 0 error: ''
TpTrace Verbose: 0 : 7264, 6, 2024/01/18, 12:46:44.094, 508238538179, vstest.console.dll, TestRunRequest:SendTestRunStatsChange: Starting.
TpTrace Verbose: 0 : 7264, 6, 2024/01/18, 12:46:44.094, 508238540184, vstest.console.dll, MulticastDelegateUtilities.SafeInvoke: TestRun.RunStatsChanged: Invoking callbacks was skipped because there are no subscribers.
TpTrace Information: 0 : 7264, 6, 2024/01/18, 12:46:44.094, 508238541283, vstest.console.dll, TestRunRequest:SendTestRunStatsChange: Completed.
TpTrace Verbose: 0 : 7264, 4, 2024/01/18, 12:46:44.100, 508238595281, vstest.console.dll, MulticastDelegateUtilities.SafeInvoke: InternalTestLoggerEvents.SendTestResult: Invoking callback 1/1 for Microsoft.VisualStudio.TestPlatform.CommandLine.Internal.ConsoleLogger., took 5 ms.
TpTrace Verbose: 0 : 7264, 4, 2024/01/18, 12:46:44.101, 508238603891, vstest.console.dll, MulticastDelegateUtilities.SafeInvoke: InternalTestLoggerEvents.SendTestResult: Invoking callback 1/1 for Microsoft.VisualStudio.TestPlatform.CommandLine.Internal.ConsoleLogger., took 0 ms.
TpTrace Verbose: 0 : 7264, 6, 2024/01/18, 12:46:44.101, 508238605383, vstest.console.dll, ParallelProxyExecutionManager: HandlePartialRunComplete: Total workloads = 1, Total started clients = 1 Total completed clients = 1, Run complete = True, Run canceled: False.
TpTrace Verbose: 0 : 7264, 6, 2024/01/18, 12:46:44.101, 508238607480, vstest.console.dll, ParallelProxyExecutionManager: HandlePartialRunComplete: All runs completed stopping all managers.
TpTrace Verbose: 0 : 7264, 6, 2024/01/18, 12:46:44.101, 508238608750, vstest.console.dll, ParallelOperationManager.StopAllManagers: Stopping all managers.
TpTrace Verbose: 0 : 7264, 6, 2024/01/18, 12:46:44.101, 508238610073, vstest.console.dll, ParallelOperationManager.ClearSlots: Clearing all slots. Slots should accept more work: False
TpTrace Verbose: 0 : 7264, 6, 2024/01/18, 12:46:44.102, 508238612914, vstest.console.dll, ParallelOperationManager.SetOccupiedSlotCount: Setting slot counts AvailableSlotCount = 1, OccupiedSlotCount = 0.
TpTrace Verbose: 0 : 7264, 4, 2024/01/18, 12:46:44.102, 508238615049, vstest.console.dll, MulticastDelegateUtilities.SafeInvoke: InternalTestLoggerEvents.SendTestResult: Invoking callback 1/1 for Microsoft.VisualStudio.TestPlatform.CommandLine.Internal.ConsoleLogger., took 0 ms.
TpTrace Verbose: 0 : 7264, 6, 2024/01/18, 12:46:44.102, 508238616050, vstest.console.dll, Occupied slots:

TpTrace Verbose: 0 : 7264, 4, 2024/01/18, 12:46:44.102, 508238617880, vstest.console.dll, MulticastDelegateUtilities.SafeInvoke: InternalTestLoggerEvents.SendTestResult: Invoking callback 1/1 for Microsoft.VisualStudio.TestPlatform.CommandLine.Internal.ConsoleLogger., took 0 ms.
TpTrace Verbose: 0 : 7264, 4, 2024/01/18, 12:46:44.103, 508238627761, vstest.console.dll, MulticastDelegateUtilities.SafeInvoke: InternalTestLoggerEvents.SendTestResult: Invoking callback 1/1 for Microsoft.VisualStudio.TestPlatform.CommandLine.Internal.ConsoleLogger., took 0 ms.
TpTrace Verbose: 0 : 7264, 4, 2024/01/18, 12:46:44.103, 508238631282, vstest.console.dll, MulticastDelegateUtilities.SafeInvoke: InternalTestLoggerEvents.SendTestResult: Invoking callback 1/1 for Microsoft.VisualStudio.TestPlatform.CommandLine.Internal.ConsoleLogger., took 0 ms.
TpTrace Verbose: 0 : 7264, 4, 2024/01/18, 12:46:44.119, 508238785306, vstest.console.dll, MulticastDelegateUtilities.SafeInvoke: InternalTestLoggerEvents.SendTestRunComplete: Invoking callback 1/2 for Microsoft.TestPlatform.Extensions.BlameDataCollector.BlameLogger., took 0 ms.
TpTrace Verbose: 0 : 7264, 4, 2024/01/18, 12:46:44.129, 508238890021, vstest.console.dll, MulticastDelegateUtilities.SafeInvoke: InternalTestLoggerEvents.SendTestRunComplete: Invoking callback 2/2 for Microsoft.VisualStudio.TestPlatform.CommandLine.Internal.ConsoleLogger., took 10 ms.
TpTrace Verbose: 0 : 7264, 6, 2024/01/18, 12:46:44.131, 508238910074, vstest.console.dll, TestRunRequest:TestRunComplete: Starting. IsAborted:False IsCanceled:False.
TpTrace Verbose: 0 : 7264, 6, 2024/01/18, 12:46:44.132, 508238914271, vstest.console.dll, ParallelOperationManager.DoActionOnAllManagers: Calling an action on all managers.
TpTrace Verbose: 0 : 7264, 6, 2024/01/18, 12:46:44.134, 508238937230, vstest.console.dll, TestLoggerManager.HandleTestRunComplete: Ignoring as the object is disposed.
TpTrace Verbose: 0 : 7264, 6, 2024/01/18, 12:46:44.134, 508238940888, vstest.console.dll, MulticastDelegateUtilities.SafeInvoke: TestRun.TestRunComplete: Invoking callback 1/2 for Microsoft.VisualStudio.TestPlatform.CommandLine.TestRunResultAggregator., took 0 ms.
TpTrace Verbose: 0 : 7264, 6, 2024/01/18, 12:46:44.135, 508238943052, vstest.console.dll, MulticastDelegateUtilities.SafeInvoke: TestRun.TestRunComplete: Invoking callback 2/2 for Microsoft.VisualStudio.TestPlatform.CommandLine.Processors.RunTestsArgumentExecutor+TestRunRequestEventsRegistrar., took 0 ms.
TpTrace Information: 0 : 7264, 6, 2024/01/18, 12:46:44.135, 508238944811, vstest.console.dll, TestRunRequest:TestRunComplete: Completed.
TpTrace Verbose: 0 : 7264, 6, 2024/01/18, 12:46:44.135, 508238945968, vstest.console.dll, TestRequestSender.SetOperationComplete: Setting operation complete.
TpTrace Verbose: 0 : 7264, 1, 2024/01/18, 12:46:44.135, 508238947066, vstest.console.dll, TestRunRequest.Dispose: Starting.
TpTrace Information: 0 : 7264, 6, 2024/01/18, 12:46:44.135, 508238947106, vstest.console.dll, SocketServer.Stop: Stop server endPoint: 127.0.0.1:51291
TpTrace Information: 0 : 7264, 1, 2024/01/18, 12:46:44.135, 508238948588, vstest.console.dll, TestRunRequest.Dispose: Completed.
TpTrace Information: 0 : 7264, 6, 2024/01/18, 12:46:44.135, 508238949418, vstest.console.dll, SocketServer.Stop: Cancellation requested. Stopping message loop.
TpTrace Information: 0 : 7264, 1, 2024/01/18, 12:46:44.135, 508238950848, vstest.console.dll, TestRequestManager.RunTests: run tests completed.
TpTrace Verbose: 0 : 7264, 6, 2024/01/18, 12:46:44.136, 508238951702, vstest.console.dll, MulticastDelegateUtilities.SafeInvoke: LengthPrefixCommunicationChannel: MessageReceived: Invoking callback 1/1 for Microsoft.VisualStudio.TestPlatform.CommunicationUtilities.TestRequestSender+<>c__DisplayClass34_0., took 176 ms.
TpTrace Information: 0 : 7264, 1, 2024/01/18, 12:46:44.136, 508238953583, vstest.console.dll, RunTestsArgumentProcessor:Execute: Test run is completed.
TpTrace Information: 0 : 7264, 6, 2024/01/18, 12:46:44.136, 508238953841, vstest.console.dll, SocketServer.PrivateStop: Stopping server endPoint: 127.0.0.1:51291 error: 
TpTrace Verbose: 0 : 7264, 1, 2024/01/18, 12:46:44.136, 508238958168, vstest.console.dll, Executor.Execute: Exiting with exit code of 1
TpTrace Verbose: 0 : 7264, 6, 2024/01/18, 12:46:44.137, 508238963319, vstest.console.dll, LengthPrefixCommunicationChannel.Dispose: Dispose reader and writer.
TpTrace Information: 0 : 7264, 6, 2024/01/18, 12:46:44.137, 508238965241, vstest.console.dll, SocketServer.Stop: Raise disconnected event endPoint: 127.0.0.1:51291 error: 
